{"C:\\Users\\samer\\Desktop\\Repo\\Geeksreads-Backend\\Software Engineering\\DB.js":{"path":"C:\\Users\\samer\\Desktop\\Repo\\Geeksreads-Backend\\Software Engineering\\DB.js","statementMap":{"0":{"start":{"line":2,"column":15},"end":{"line":2,"column":32}},"1":{"start":{"line":3,"column":12},"end":{"line":3,"column":35}},"2":{"start":{"line":4,"column":12},"end":{"line":4,"column":26}},"3":{"start":{"line":5,"column":0},"end":{"line":5,"column":44}},"4":{"start":{"line":6,"column":17},"end":{"line":6,"column":36}},"5":{"start":{"line":7,"column":16},"end":{"line":7,"column":34}},"6":{"start":{"line":9,"column":0},"end":{"line":9,"column":36}},"7":{"start":{"line":11,"column":14},"end":{"line":11,"column":39}},"8":{"start":{"line":12,"column":16},"end":{"line":12,"column":43}},"9":{"start":{"line":13,"column":13},"end":{"line":13,"column":37}},"10":{"start":{"line":14,"column":17},"end":{"line":14,"column":45}},"11":{"start":{"line":15,"column":17},"end":{"line":15,"column":55}},"12":{"start":{"line":16,"column":15},"end":{"line":16,"column":52}},"13":{"start":{"line":17,"column":17},"end":{"line":17,"column":46}},"14":{"start":{"line":18,"column":14},"end":{"line":18,"column":39}},"15":{"start":{"line":19,"column":15},"end":{"line":19,"column":41}},"16":{"start":{"line":20,"column":12},"end":{"line":20,"column":21}},"17":{"start":{"line":29,"column":0},"end":{"line":31,"column":36}},"18":{"start":{"line":30,"column":14},"end":{"line":30,"column":52}},"19":{"start":{"line":31,"column":16},"end":{"line":31,"column":34}},"20":{"start":{"line":33,"column":0},"end":{"line":33,"column":24}},"21":{"start":{"line":36,"column":0},"end":{"line":36,"column":29}},"22":{"start":{"line":37,"column":0},"end":{"line":37,"column":32}},"23":{"start":{"line":38,"column":0},"end":{"line":38,"column":27}},"24":{"start":{"line":39,"column":0},"end":{"line":39,"column":37}},"25":{"start":{"line":40,"column":0},"end":{"line":40,"column":35}},"26":{"start":{"line":41,"column":0},"end":{"line":41,"column":31}},"27":{"start":{"line":42,"column":0},"end":{"line":42,"column":36}},"28":{"start":{"line":43,"column":0},"end":{"line":43,"column":28}},"29":{"start":{"line":44,"column":0},"end":{"line":44,"column":31}},"30":{"start":{"line":46,"column":13},"end":{"line":46,"column":37}},"31":{"start":{"line":47,"column":0},"end":{"line":47,"column":68}},"32":{"start":{"line":47,"column":23},"end":{"line":47,"column":66}},"33":{"start":{"line":50,"column":0},"end":{"line":50,"column":24}}},"fnMap":{"0":{"name":"(anonymous_0)","decl":{"start":{"line":30,"column":8},"end":{"line":30,"column":9}},"loc":{"start":{"line":30,"column":14},"end":{"line":30,"column":52}},"line":30},"1":{"name":"(anonymous_1)","decl":{"start":{"line":31,"column":9},"end":{"line":31,"column":10}},"loc":{"start":{"line":31,"column":16},"end":{"line":31,"column":34}},"line":31},"2":{"name":"(anonymous_2)","decl":{"start":{"line":47,"column":17},"end":{"line":47,"column":18}},"loc":{"start":{"line":47,"column":23},"end":{"line":47,"column":66}},"line":47}},"branchMap":{"0":{"loc":{"start":{"line":46,"column":13},"end":{"line":46,"column":37}},"type":"binary-expr","locations":[{"start":{"line":46,"column":13},"end":{"line":46,"column":29}},{"start":{"line":46,"column":33},"end":{"line":46,"column":37}}],"line":46}},"s":{"0":1,"1":1,"2":1,"3":1,"4":1,"5":1,"6":1,"7":1,"8":1,"9":1,"10":1,"11":1,"12":1,"13":1,"14":1,"15":1,"16":1,"17":1,"18":1,"19":0,"20":1,"21":1,"22":1,"23":1,"24":1,"25":1,"26":1,"27":1,"28":1,"29":1,"30":1,"31":1,"32":1,"33":1},"f":{"0":1,"1":0,"2":1},"b":{"0":[1,1]},"_coverageSchema":"43e27e138ebf9cfc5966b082cf9a028302ed4184","hash":"67e5c1903bed9c3625575b53302e76cd7282f0a5","contentHash":"31bb6c674fc6c6773da6794ea301f79f590d2bfc5b358c17c23b30c4e6a18ba1"},"C:\\Users\\samer\\Desktop\\Repo\\Geeksreads-Backend\\Software Engineering\\models\\resources.model.js":{"path":"C:\\Users\\samer\\Desktop\\Repo\\Geeksreads-Backend\\Software Engineering\\models\\resources.model.js","statementMap":{"0":{"start":{"line":1,"column":17},"end":{"line":1,"column":36}},"1":{"start":{"line":2,"column":0},"end":{"line":2,"column":42}},"2":{"start":{"line":3,"column":22},"end":{"line":22,"column":2}},"3":{"start":{"line":23,"column":0},"end":{"line":23,"column":56}},"4":{"start":{"line":24,"column":0},"end":{"line":24,"column":29}}},"fnMap":{},"branchMap":{},"s":{"0":1,"1":1,"2":1,"3":1,"4":1},"f":{},"b":{},"_coverageSchema":"43e27e138ebf9cfc5966b082cf9a028302ed4184","hash":"8283cecb74ff38342bbc96cd0e6bdcf4fab7874a","contentHash":"7b3ee64e4bf27a266feda8a373f04dc3d402962ad40dda05fdf78de44bf1cc08"},"C:\\Users\\samer\\Desktop\\Repo\\Geeksreads-Backend\\Software Engineering\\routes\\Users.js":{"path":"C:\\Users\\samer\\Desktop\\Repo\\Geeksreads-Backend\\Software Engineering\\routes\\Users.js","statementMap":{"0":{"start":{"line":1,"column":15},"end":{"line":1,"column":32}},"1":{"start":{"line":2,"column":19},"end":{"line":2,"column":42}},"2":{"start":{"line":3,"column":15},"end":{"line":3,"column":32}},"3":{"start":{"line":4,"column":13},"end":{"line":4,"column":42}},"4":{"start":{"line":5,"column":12},"end":{"line":5,"column":35}},"5":{"start":{"line":7,"column":15},"end":{"line":7,"column":32}},"6":{"start":{"line":8,"column":10},"end":{"line":8,"column":27}},"7":{"start":{"line":9,"column":94},"end":{"line":9,"column":119}},"8":{"start":{"line":10,"column":40},"end":{"line":10,"column":74}},"9":{"start":{"line":11,"column":17},"end":{"line":11,"column":36}},"10":{"start":{"line":12,"column":19},"end":{"line":12,"column":40}},"11":{"start":{"line":14,"column":16},"end":{"line":14,"column":34}},"12":{"start":{"line":15,"column":15},"end":{"line":15,"column":31}},"13":{"start":{"line":16,"column":14},"end":{"line":16,"column":47}},"14":{"start":{"line":49,"column":0},"end":{"line":77,"column":3}},"15":{"start":{"line":50,"column":20},"end":{"line":50,"column":42}},"16":{"start":{"line":51,"column":2},"end":{"line":51,"column":81}},"17":{"start":{"line":51,"column":13},"end":{"line":51,"column":81}},"18":{"start":{"line":52,"column":13},"end":{"line":52,"column":80}},"19":{"start":{"line":53,"column":2},"end":{"line":53,"column":77}},"20":{"start":{"line":53,"column":13},"end":{"line":53,"column":77}},"21":{"start":{"line":54,"column":16},"end":{"line":54,"column":120}},"22":{"start":{"line":55,"column":18},"end":{"line":63,"column":8}},"23":{"start":{"line":64,"column":20},"end":{"line":68,"column":227}},"24":{"start":{"line":69,"column":11},"end":{"line":69,"column":50}},"25":{"start":{"line":70,"column":0},"end":{"line":76,"column":3}},"26":{"start":{"line":71,"column":10},"end":{"line":73,"column":11}},"27":{"start":{"line":72,"column":14},"end":{"line":72,"column":40}},"28":{"start":{"line":74,"column":0},"end":{"line":74,"column":137}},"29":{"start":{"line":106,"column":0},"end":{"line":121,"column":3}},"30":{"start":{"line":108,"column":14},"end":{"line":108,"column":67}},"31":{"start":{"line":109,"column":2},"end":{"line":109,"column":78}},"32":{"start":{"line":109,"column":14},"end":{"line":109,"column":78}},"33":{"start":{"line":110,"column":15},"end":{"line":110,"column":91}},"34":{"start":{"line":111,"column":20},"end":{"line":111,"column":53}},"35":{"start":{"line":112,"column":2},"end":{"line":112,"column":81}},"36":{"start":{"line":112,"column":13},"end":{"line":112,"column":81}},"37":{"start":{"line":114,"column":13},"end":{"line":114,"column":37}},"38":{"start":{"line":115,"column":0},"end":{"line":115,"column":70}},"39":{"start":{"line":116,"column":0},"end":{"line":116,"column":18}},"40":{"start":{"line":117,"column":0},"end":{"line":119,"column":3}},"41":{"start":{"line":156,"column":0},"end":{"line":164,"column":3}},"42":{"start":{"line":158,"column":14},"end":{"line":158,"column":58}},"43":{"start":{"line":159,"column":2},"end":{"line":159,"column":78}},"44":{"start":{"line":159,"column":14},"end":{"line":159,"column":78}},"45":{"start":{"line":160,"column":2},"end":{"line":162,"column":5}},"46":{"start":{"line":223,"column":1},"end":{"line":239,"column":4}},"47":{"start":{"line":226,"column":16},"end":{"line":226,"column":86}},"48":{"start":{"line":227,"column":24},"end":{"line":227,"column":51}},"49":{"start":{"line":228,"column":23},"end":{"line":228,"column":50}},"50":{"start":{"line":229,"column":14},"end":{"line":237,"column":4}},"51":{"start":{"line":238,"column":3},"end":{"line":238,"column":32}},"52":{"start":{"line":293,"column":0},"end":{"line":315,"column":3}},"53":{"start":{"line":296,"column":22},"end":{"line":296,"column":106}},"54":{"start":{"line":297,"column":2},"end":{"line":297,"column":89}},"55":{"start":{"line":297,"column":20},"end":{"line":297,"column":89}},"56":{"start":{"line":298,"column":23},"end":{"line":298,"column":57}},"57":{"start":{"line":299,"column":22},"end":{"line":299,"column":56}},"58":{"start":{"line":301,"column":16},"end":{"line":301,"column":94}},"59":{"start":{"line":302,"column":2},"end":{"line":302,"column":25}},"60":{"start":{"line":302,"column":15},"end":{"line":302,"column":25}},"61":{"start":{"line":303,"column":2},"end":{"line":303,"column":26}},"62":{"start":{"line":303,"column":15},"end":{"line":303,"column":26}},"63":{"start":{"line":304,"column":13},"end":{"line":313,"column":3}},"64":{"start":{"line":314,"column":2},"end":{"line":314,"column":31}},"65":{"start":{"line":323,"column":0},"end":{"line":340,"column":2}},"66":{"start":{"line":325,"column":16},"end":{"line":325,"column":42}},"67":{"start":{"line":326,"column":2},"end":{"line":326,"column":67}},"68":{"start":{"line":326,"column":13},"end":{"line":326,"column":67}},"69":{"start":{"line":328,"column":18},"end":{"line":328,"column":28}},"70":{"start":{"line":330,"column":0},"end":{"line":338,"column":2}},"71":{"start":{"line":332,"column":2},"end":{"line":332,"column":56}},"72":{"start":{"line":332,"column":12},"end":{"line":332,"column":55}},"73":{"start":{"line":334,"column":7},"end":{"line":334,"column":71}},"74":{"start":{"line":334,"column":18},"end":{"line":334,"column":70}},"75":{"start":{"line":335,"column":7},"end":{"line":336,"column":35}},"76":{"start":{"line":336,"column":9},"end":{"line":336,"column":34}},"77":{"start":{"line":383,"column":0},"end":{"line":396,"column":3}},"78":{"start":{"line":385,"column":14},"end":{"line":385,"column":67}},"79":{"start":{"line":386,"column":2},"end":{"line":386,"column":78}},"80":{"start":{"line":386,"column":14},"end":{"line":386,"column":78}},"81":{"start":{"line":387,"column":15},"end":{"line":387,"column":91}},"82":{"start":{"line":389,"column":2},"end":{"line":389,"column":24}},"83":{"start":{"line":390,"column":2},"end":{"line":390,"column":14}},"84":{"start":{"line":393,"column":2},"end":{"line":395,"column":5}},"85":{"start":{"line":439,"column":0},"end":{"line":477,"column":3}},"86":{"start":{"line":440,"column":20},"end":{"line":440,"column":38}},"87":{"start":{"line":441,"column":2},"end":{"line":441,"column":81}},"88":{"start":{"line":441,"column":13},"end":{"line":441,"column":81}},"89":{"start":{"line":442,"column":13},"end":{"line":442,"column":80}},"90":{"start":{"line":443,"column":2},"end":{"line":443,"column":82}},"91":{"start":{"line":443,"column":12},"end":{"line":443,"column":82}},"92":{"start":{"line":445,"column":0},"end":{"line":449,"column":3}},"93":{"start":{"line":450,"column":13},"end":{"line":450,"column":37}},"94":{"start":{"line":451,"column":0},"end":{"line":451,"column":23}},"95":{"start":{"line":452,"column":0},"end":{"line":452,"column":63}},"96":{"start":{"line":453,"column":0},"end":{"line":453,"column":18}},"97":{"start":{"line":454,"column":14},"end":{"line":454,"column":99}},"98":{"start":{"line":455,"column":18},"end":{"line":463,"column":8}},"99":{"start":{"line":464,"column":20},"end":{"line":468,"column":133}},"100":{"start":{"line":469,"column":11},"end":{"line":469,"column":50}},"101":{"start":{"line":470,"column":0},"end":{"line":476,"column":3}},"102":{"start":{"line":471,"column":10},"end":{"line":473,"column":11}},"103":{"start":{"line":472,"column":14},"end":{"line":472,"column":40}},"104":{"start":{"line":474,"column":0},"end":{"line":474,"column":100}},"105":{"start":{"line":522,"column":2},"end":{"line":536,"column":5}},"106":{"start":{"line":525,"column":22},"end":{"line":525,"column":51}},"107":{"start":{"line":526,"column":4},"end":{"line":526,"column":83}},"108":{"start":{"line":526,"column":15},"end":{"line":526,"column":83}},"109":{"start":{"line":527,"column":17},"end":{"line":527,"column":50}},"110":{"start":{"line":528,"column":26},"end":{"line":528,"column":91}},"111":{"start":{"line":529,"column":4},"end":{"line":529,"column":91}},"112":{"start":{"line":529,"column":24},"end":{"line":529,"column":91}},"113":{"start":{"line":530,"column":17},"end":{"line":530,"column":41}},"114":{"start":{"line":531,"column":4},"end":{"line":531,"column":74}},"115":{"start":{"line":532,"column":4},"end":{"line":532,"column":22}},"116":{"start":{"line":533,"column":4},"end":{"line":535,"column":7}},"117":{"start":{"line":583,"column":0},"end":{"line":601,"column":3}},"118":{"start":{"line":586,"column":20},"end":{"line":586,"column":42}},"119":{"start":{"line":587,"column":2},"end":{"line":587,"column":81}},"120":{"start":{"line":587,"column":13},"end":{"line":587,"column":81}},"121":{"start":{"line":588,"column":15},"end":{"line":588,"column":72}},"122":{"start":{"line":589,"column":2},"end":{"line":594,"column":3}},"123":{"start":{"line":591,"column":17},"end":{"line":591,"column":56}},"124":{"start":{"line":592,"column":4},"end":{"line":592,"column":77}},"125":{"start":{"line":592,"column":18},"end":{"line":592,"column":77}},"126":{"start":{"line":593,"column":4},"end":{"line":593,"column":38}},"127":{"start":{"line":595,"column":2},"end":{"line":595,"column":70}},"128":{"start":{"line":595,"column":33},"end":{"line":595,"column":70}},"129":{"start":{"line":596,"column":2},"end":{"line":596,"column":85}},"130":{"start":{"line":596,"column":38},"end":{"line":596,"column":85}},"131":{"start":{"line":597,"column":2},"end":{"line":597,"column":20}},"132":{"start":{"line":598,"column":2},"end":{"line":600,"column":5}},"133":{"start":{"line":650,"column":1},"end":{"line":660,"column":4}},"134":{"start":{"line":653,"column":15},"end":{"line":653,"column":81}},"135":{"start":{"line":654,"column":20},"end":{"line":654,"column":92}},"136":{"start":{"line":655,"column":18},"end":{"line":655,"column":87}},"137":{"start":{"line":656,"column":3},"end":{"line":656,"column":102}},"138":{"start":{"line":656,"column":40},"end":{"line":656,"column":102}},"139":{"start":{"line":657,"column":2},"end":{"line":659,"column":79}},"140":{"start":{"line":657,"column":12},"end":{"line":657,"column":56}},"141":{"start":{"line":658,"column":7},"end":{"line":659,"column":79}},"142":{"start":{"line":658,"column":24},"end":{"line":658,"column":76}},"143":{"start":{"line":659,"column":7},"end":{"line":659,"column":79}},"144":{"start":{"line":659,"column":21},"end":{"line":659,"column":78}},"145":{"start":{"line":712,"column":2},"end":{"line":728,"column":5}},"146":{"start":{"line":715,"column":17},"end":{"line":715,"column":89}},"147":{"start":{"line":716,"column":19},"end":{"line":716,"column":35}},"148":{"start":{"line":717,"column":22},"end":{"line":717,"column":41}},"149":{"start":{"line":718,"column":25},"end":{"line":718,"column":47}},"150":{"start":{"line":719,"column":20},"end":{"line":726,"column":21}},"151":{"start":{"line":727,"column":4},"end":{"line":727,"column":33}},"152":{"start":{"line":767,"column":3},"end":{"line":781,"column":6}},"153":{"start":{"line":770,"column":18},"end":{"line":770,"column":103}},"154":{"start":{"line":771,"column":5},"end":{"line":771,"column":85}},"155":{"start":{"line":771,"column":16},"end":{"line":771,"column":85}},"156":{"start":{"line":772,"column":20},"end":{"line":772,"column":36}},"157":{"start":{"line":773,"column":23},"end":{"line":773,"column":42}},"158":{"start":{"line":774,"column":26},"end":{"line":774,"column":48}},"159":{"start":{"line":775,"column":21},"end":{"line":779,"column":22}},"160":{"start":{"line":780,"column":5},"end":{"line":780,"column":34}},"161":{"start":{"line":862,"column":2},"end":{"line":935,"column":5}},"162":{"start":{"line":867,"column":17},"end":{"line":867,"column":89}},"163":{"start":{"line":868,"column":17},"end":{"line":873,"column":18}},"164":{"start":{"line":874,"column":19},"end":{"line":874,"column":35}},"165":{"start":{"line":875,"column":22},"end":{"line":875,"column":41}},"166":{"start":{"line":876,"column":25},"end":{"line":876,"column":47}},"167":{"start":{"line":877,"column":4},"end":{"line":895,"column":5}},"168":{"start":{"line":877,"column":15},"end":{"line":877,"column":16}},"169":{"start":{"line":879,"column":20},"end":{"line":879,"column":96}},"170":{"start":{"line":881,"column":7},"end":{"line":893,"column":8}},"171":{"start":{"line":894,"column":7},"end":{"line":894,"column":38}},"172":{"start":{"line":896,"column":4},"end":{"line":914,"column":5}},"173":{"start":{"line":896,"column":15},"end":{"line":896,"column":16}},"174":{"start":{"line":898,"column":20},"end":{"line":898,"column":99}},"175":{"start":{"line":900,"column":7},"end":{"line":912,"column":8}},"176":{"start":{"line":913,"column":7},"end":{"line":913,"column":41}},"177":{"start":{"line":915,"column":4},"end":{"line":933,"column":5}},"178":{"start":{"line":915,"column":15},"end":{"line":915,"column":16}},"179":{"start":{"line":917,"column":20},"end":{"line":917,"column":102}},"180":{"start":{"line":919,"column":7},"end":{"line":931,"column":8}},"181":{"start":{"line":932,"column":7},"end":{"line":932,"column":44}},"182":{"start":{"line":934,"column":4},"end":{"line":934,"column":33}},"183":{"start":{"line":1014,"column":4},"end":{"line":1043,"column":7}},"184":{"start":{"line":1017,"column":19},"end":{"line":1017,"column":102}},"185":{"start":{"line":1018,"column":6},"end":{"line":1018,"column":86}},"186":{"start":{"line":1018,"column":17},"end":{"line":1018,"column":86}},"187":{"start":{"line":1019,"column":19},"end":{"line":1021,"column":20}},"188":{"start":{"line":1022,"column":21},"end":{"line":1022,"column":37}},"189":{"start":{"line":1023,"column":6},"end":{"line":1041,"column":7}},"190":{"start":{"line":1023,"column":17},"end":{"line":1023,"column":18}},"191":{"start":{"line":1025,"column":22},"end":{"line":1025,"column":98}},"192":{"start":{"line":1027,"column":9},"end":{"line":1039,"column":10}},"193":{"start":{"line":1040,"column":9},"end":{"line":1040,"column":40}},"194":{"start":{"line":1042,"column":6},"end":{"line":1042,"column":35}},"195":{"start":{"line":1121,"column":6},"end":{"line":1150,"column":9}},"196":{"start":{"line":1124,"column":21},"end":{"line":1124,"column":104}},"197":{"start":{"line":1125,"column":8},"end":{"line":1125,"column":88}},"198":{"start":{"line":1125,"column":19},"end":{"line":1125,"column":88}},"199":{"start":{"line":1126,"column":21},"end":{"line":1128,"column":22}},"200":{"start":{"line":1129,"column":26},"end":{"line":1129,"column":45}},"201":{"start":{"line":1130,"column":8},"end":{"line":1148,"column":9}},"202":{"start":{"line":1130,"column":19},"end":{"line":1130,"column":20}},"203":{"start":{"line":1132,"column":24},"end":{"line":1132,"column":103}},"204":{"start":{"line":1134,"column":11},"end":{"line":1146,"column":12}},"205":{"start":{"line":1147,"column":11},"end":{"line":1147,"column":45}},"206":{"start":{"line":1149,"column":8},"end":{"line":1149,"column":37}},"207":{"start":{"line":1229,"column":8},"end":{"line":1258,"column":11}},"208":{"start":{"line":1232,"column":23},"end":{"line":1232,"column":106}},"209":{"start":{"line":1233,"column":10},"end":{"line":1233,"column":90}},"210":{"start":{"line":1233,"column":21},"end":{"line":1233,"column":90}},"211":{"start":{"line":1234,"column":23},"end":{"line":1236,"column":24}},"212":{"start":{"line":1237,"column":31},"end":{"line":1237,"column":53}},"213":{"start":{"line":1238,"column":10},"end":{"line":1256,"column":11}},"214":{"start":{"line":1238,"column":21},"end":{"line":1238,"column":22}},"215":{"start":{"line":1240,"column":26},"end":{"line":1240,"column":108}},"216":{"start":{"line":1242,"column":13},"end":{"line":1254,"column":14}},"217":{"start":{"line":1255,"column":13},"end":{"line":1255,"column":50}},"218":{"start":{"line":1257,"column":10},"end":{"line":1257,"column":39}},"219":{"start":{"line":1307,"column":3},"end":{"line":1326,"column":6}},"220":{"start":{"line":1310,"column":5},"end":{"line":1311,"column":64}},"221":{"start":{"line":1311,"column":5},"end":{"line":1311,"column":64}},"222":{"start":{"line":1312,"column":18},"end":{"line":1312,"column":100}},"223":{"start":{"line":1313,"column":5},"end":{"line":1313,"column":79}},"224":{"start":{"line":1313,"column":15},"end":{"line":1313,"column":79}},"225":{"start":{"line":1314,"column":18},"end":{"line":1314,"column":84}},"226":{"start":{"line":1315,"column":21},"end":{"line":1315,"column":90}},"227":{"start":{"line":1316,"column":24},"end":{"line":1316,"column":96}},"228":{"start":{"line":1317,"column":5},"end":{"line":1317,"column":108}},"229":{"start":{"line":1317,"column":40},"end":{"line":1317,"column":108}},"230":{"start":{"line":1318,"column":18},"end":{"line":1318,"column":75}},"231":{"start":{"line":1319,"column":5},"end":{"line":1319,"column":70}},"232":{"start":{"line":1319,"column":38},"end":{"line":1319,"column":70}},"233":{"start":{"line":1320,"column":5},"end":{"line":1320,"column":76}},"234":{"start":{"line":1320,"column":41},"end":{"line":1320,"column":76}},"235":{"start":{"line":1321,"column":5},"end":{"line":1321,"column":82}},"236":{"start":{"line":1321,"column":44},"end":{"line":1321,"column":82}},"237":{"start":{"line":1322,"column":5},"end":{"line":1322,"column":23}},"238":{"start":{"line":1323,"column":5},"end":{"line":1325,"column":8}},"239":{"start":{"line":1358,"column":2},"end":{"line":1375,"column":5}},"240":{"start":{"line":1361,"column":17},"end":{"line":1361,"column":99}},"241":{"start":{"line":1362,"column":4},"end":{"line":1362,"column":78}},"242":{"start":{"line":1362,"column":14},"end":{"line":1362,"column":78}},"243":{"start":{"line":1363,"column":17},"end":{"line":1363,"column":83}},"244":{"start":{"line":1364,"column":20},"end":{"line":1364,"column":89}},"245":{"start":{"line":1365,"column":23},"end":{"line":1365,"column":95}},"246":{"start":{"line":1366,"column":4},"end":{"line":1366,"column":115}},"247":{"start":{"line":1366,"column":41},"end":{"line":1366,"column":115}},"248":{"start":{"line":1367,"column":17},"end":{"line":1367,"column":74}},"249":{"start":{"line":1368,"column":4},"end":{"line":1368,"column":71}},"250":{"start":{"line":1368,"column":13},"end":{"line":1368,"column":71}},"251":{"start":{"line":1369,"column":4},"end":{"line":1369,"column":80}},"252":{"start":{"line":1369,"column":16},"end":{"line":1369,"column":80}},"253":{"start":{"line":1370,"column":4},"end":{"line":1370,"column":89}},"254":{"start":{"line":1370,"column":19},"end":{"line":1370,"column":89}},"255":{"start":{"line":1371,"column":4},"end":{"line":1371,"column":22}},"256":{"start":{"line":1372,"column":4},"end":{"line":1374,"column":7}},"257":{"start":{"line":1407,"column":3},"end":{"line":1421,"column":6}},"258":{"start":{"line":1410,"column":18},"end":{"line":1410,"column":100}},"259":{"start":{"line":1411,"column":5},"end":{"line":1411,"column":79}},"260":{"start":{"line":1411,"column":15},"end":{"line":1411,"column":79}},"261":{"start":{"line":1412,"column":24},"end":{"line":1412,"column":96}},"262":{"start":{"line":1413,"column":5},"end":{"line":1413,"column":100}},"263":{"start":{"line":1413,"column":21},"end":{"line":1413,"column":100}},"264":{"start":{"line":1414,"column":18},"end":{"line":1414,"column":75}},"265":{"start":{"line":1415,"column":5},"end":{"line":1415,"column":75}},"266":{"start":{"line":1416,"column":5},"end":{"line":1416,"column":40}},"267":{"start":{"line":1417,"column":5},"end":{"line":1417,"column":23}},"268":{"start":{"line":1418,"column":5},"end":{"line":1420,"column":8}},"269":{"start":{"line":1454,"column":4},"end":{"line":1468,"column":7}},"270":{"start":{"line":1457,"column":19},"end":{"line":1457,"column":101}},"271":{"start":{"line":1458,"column":6},"end":{"line":1458,"column":80}},"272":{"start":{"line":1458,"column":16},"end":{"line":1458,"column":80}},"273":{"start":{"line":1459,"column":22},"end":{"line":1459,"column":91}},"274":{"start":{"line":1460,"column":6},"end":{"line":1460,"column":95}},"275":{"start":{"line":1460,"column":19},"end":{"line":1460,"column":95}},"276":{"start":{"line":1461,"column":19},"end":{"line":1461,"column":76}},"277":{"start":{"line":1462,"column":6},"end":{"line":1462,"column":70}},"278":{"start":{"line":1463,"column":6},"end":{"line":1463,"column":38}},"279":{"start":{"line":1464,"column":6},"end":{"line":1464,"column":24}},"280":{"start":{"line":1465,"column":6},"end":{"line":1467,"column":9}},"281":{"start":{"line":1520,"column":0},"end":{"line":1608,"column":5}},"282":{"start":{"line":1529,"column":2},"end":{"line":1607,"column":6}},"283":{"start":{"line":1532,"column":6},"end":{"line":1605,"column":7}},"284":{"start":{"line":1533,"column":8},"end":{"line":1535,"column":55}},"285":{"start":{"line":1539,"column":9},"end":{"line":1604,"column":12}},"286":{"start":{"line":1542,"column":12},"end":{"line":1602,"column":13}},"287":{"start":{"line":1543,"column":14},"end":{"line":1545,"column":50}},"288":{"start":{"line":1549,"column":14},"end":{"line":1600,"column":14}},"289":{"start":{"line":1552,"column":14},"end":{"line":1593,"column":15}},"290":{"start":{"line":1554,"column":16},"end":{"line":1577,"column":19}},"291":{"start":{"line":1563,"column":21},"end":{"line":1576,"column":20}},"292":{"start":{"line":1564,"column":23},"end":{"line":1566,"column":45}},"293":{"start":{"line":1570,"column":20},"end":{"line":1570,"column":111}},"294":{"start":{"line":1573,"column":19},"end":{"line":1575,"column":53}},"295":{"start":{"line":1578,"column":16},"end":{"line":1584,"column":24}},"296":{"start":{"line":1588,"column":16},"end":{"line":1592,"column":17}},"297":{"start":{"line":1589,"column":18},"end":{"line":1591,"column":55}},"298":{"start":{"line":1649,"column":2},"end":{"line":1690,"column":13}},"299":{"start":{"line":1656,"column":6},"end":{"line":1680,"column":9}},"300":{"start":{"line":1666,"column":10},"end":{"line":1679,"column":9}},"301":{"start":{"line":1669,"column":12},"end":{"line":1671,"column":47}},"302":{"start":{"line":1676,"column":8},"end":{"line":1678,"column":42}},"303":{"start":{"line":1681,"column":6},"end":{"line":1687,"column":14}},"304":{"start":{"line":1773,"column":0},"end":{"line":1849,"column":3}},"305":{"start":{"line":1775,"column":13},"end":{"line":1775,"column":29}},"306":{"start":{"line":1777,"column":2},"end":{"line":1780,"column":5}},"307":{"start":{"line":1779,"column":9},"end":{"line":1779,"column":76}},"308":{"start":{"line":1782,"column":6},"end":{"line":1785,"column":6}},"309":{"start":{"line":1784,"column":7},"end":{"line":1784,"column":74}},"310":{"start":{"line":1788,"column":2},"end":{"line":1846,"column":1}},"311":{"start":{"line":1793,"column":4},"end":{"line":1796,"column":5}},"312":{"start":{"line":1795,"column":3},"end":{"line":1795,"column":62}},"313":{"start":{"line":1797,"column":4},"end":{"line":1800,"column":5}},"314":{"start":{"line":1799,"column":3},"end":{"line":1799,"column":62}},"315":{"start":{"line":1801,"column":14},"end":{"line":1801,"column":24}},"316":{"start":{"line":1802,"column":19},"end":{"line":1802,"column":103}},"317":{"start":{"line":1804,"column":6},"end":{"line":1840,"column":6}},"318":{"start":{"line":1804,"column":17},"end":{"line":1804,"column":18}},"319":{"start":{"line":1806,"column":7},"end":{"line":1838,"column":9}},"320":{"start":{"line":1808,"column":22},"end":{"line":1808,"column":68}},"321":{"start":{"line":1810,"column":17},"end":{"line":1817,"column":20}},"322":{"start":{"line":1812,"column":19},"end":{"line":1812,"column":46}},"323":{"start":{"line":1816,"column":21},"end":{"line":1816,"column":49}},"324":{"start":{"line":1819,"column":15},"end":{"line":1834,"column":21}},"325":{"start":{"line":1821,"column":33},"end":{"line":1821,"column":76}},"326":{"start":{"line":1822,"column":20},"end":{"line":1833,"column":23}},"327":{"start":{"line":1822,"column":36},"end":{"line":1822,"column":68}},"328":{"start":{"line":1825,"column":22},"end":{"line":1825,"column":69}},"329":{"start":{"line":1826,"column":22},"end":{"line":1832,"column":23}},"330":{"start":{"line":1826,"column":38},"end":{"line":1826,"column":64}},"331":{"start":{"line":1829,"column":24},"end":{"line":1829,"column":74}},"332":{"start":{"line":1830,"column":22},"end":{"line":1831,"column":52}},"333":{"start":{"line":1830,"column":38},"end":{"line":1830,"column":67}},"334":{"start":{"line":1831,"column":27},"end":{"line":1831,"column":51}},"335":{"start":{"line":1842,"column":4},"end":{"line":1844,"column":5}},"336":{"start":{"line":1867,"column":0},"end":{"line":1898,"column":5}},"337":{"start":{"line":1869,"column":5},"end":{"line":1872,"column":5}},"338":{"start":{"line":1871,"column":8},"end":{"line":1871,"column":84}},"339":{"start":{"line":1874,"column":6},"end":{"line":1877,"column":6}},"340":{"start":{"line":1876,"column":7},"end":{"line":1876,"column":79}},"341":{"start":{"line":1880,"column":2},"end":{"line":1897,"column":1}},"342":{"start":{"line":1885,"column":4},"end":{"line":1888,"column":5}},"343":{"start":{"line":1887,"column":4},"end":{"line":1887,"column":63}},"344":{"start":{"line":1889,"column":4},"end":{"line":1893,"column":5}},"345":{"start":{"line":1892,"column":3},"end":{"line":1892,"column":62}},"346":{"start":{"line":1895,"column":4},"end":{"line":1895,"column":50}},"347":{"start":{"line":1901,"column":27},"end":{"line":1903,"column":13}},"348":{"start":{"line":1904,"column":12},"end":{"line":1904,"column":47}},"349":{"start":{"line":1944,"column":0},"end":{"line":1979,"column":4}},"350":{"start":{"line":1950,"column":4},"end":{"line":1978,"column":11}},"351":{"start":{"line":1955,"column":8},"end":{"line":1977,"column":10}},"352":{"start":{"line":1958,"column":10},"end":{"line":1960,"column":48}},"353":{"start":{"line":1965,"column":9},"end":{"line":1965,"column":45}},"354":{"start":{"line":1966,"column":29},"end":{"line":1966,"column":36}},"355":{"start":{"line":1968,"column":9},"end":{"line":1968,"column":34}},"356":{"start":{"line":1969,"column":9},"end":{"line":1973,"column":10}},"357":{"start":{"line":1971,"column":17},"end":{"line":1971,"column":80}},"358":{"start":{"line":1972,"column":10},"end":{"line":1972,"column":32}},"359":{"start":{"line":1974,"column":9},"end":{"line":1974,"column":45}},"360":{"start":{"line":2011,"column":0},"end":{"line":2045,"column":4}},"361":{"start":{"line":2017,"column":4},"end":{"line":2044,"column":11}},"362":{"start":{"line":2022,"column":8},"end":{"line":2043,"column":10}},"363":{"start":{"line":2025,"column":10},"end":{"line":2027,"column":48}},"364":{"start":{"line":2032,"column":9},"end":{"line":2032,"column":45}},"365":{"start":{"line":2033,"column":29},"end":{"line":2033,"column":36}},"366":{"start":{"line":2034,"column":9},"end":{"line":2034,"column":34}},"367":{"start":{"line":2035,"column":9},"end":{"line":2039,"column":10}},"368":{"start":{"line":2037,"column":17},"end":{"line":2037,"column":80}},"369":{"start":{"line":2038,"column":10},"end":{"line":2038,"column":32}},"370":{"start":{"line":2040,"column":9},"end":{"line":2040,"column":45}},"371":{"start":{"line":2049,"column":0},"end":{"line":2049,"column":24}}},"fnMap":{"0":{"name":"(anonymous_0)","decl":{"start":{"line":49,"column":31},"end":{"line":49,"column":32}},"loc":{"start":{"line":49,"column":51},"end":{"line":77,"column":1}},"line":49},"1":{"name":"(anonymous_1)","decl":{"start":{"line":70,"column":34},"end":{"line":70,"column":35}},"loc":{"start":{"line":70,"column":51},"end":{"line":76,"column":1}},"line":70},"2":{"name":"(anonymous_2)","decl":{"start":{"line":106,"column":43},"end":{"line":106,"column":44}},"loc":{"start":{"line":106,"column":63},"end":{"line":121,"column":1}},"line":106},"3":{"name":"(anonymous_3)","decl":{"start":{"line":156,"column":30},"end":{"line":156,"column":31}},"loc":{"start":{"line":156,"column":50},"end":{"line":164,"column":1}},"line":156},"4":{"name":"(anonymous_4)","decl":{"start":{"line":223,"column":25},"end":{"line":223,"column":26}},"loc":{"start":{"line":223,"column":45},"end":{"line":239,"column":2}},"line":223},"5":{"name":"(anonymous_5)","decl":{"start":{"line":293,"column":33},"end":{"line":293,"column":34}},"loc":{"start":{"line":293,"column":53},"end":{"line":315,"column":1}},"line":293},"6":{"name":"(anonymous_6)","decl":{"start":{"line":323,"column":22},"end":{"line":323,"column":23}},"loc":{"start":{"line":323,"column":38},"end":{"line":340,"column":1}},"line":323},"7":{"name":"(anonymous_7)","decl":{"start":{"line":330,"column":177},"end":{"line":330,"column":178}},"loc":{"start":{"line":331,"column":0},"end":{"line":338,"column":1}},"line":331},"8":{"name":"(anonymous_8)","decl":{"start":{"line":383,"column":29},"end":{"line":383,"column":30}},"loc":{"start":{"line":383,"column":49},"end":{"line":396,"column":1}},"line":383},"9":{"name":"(anonymous_9)","decl":{"start":{"line":439,"column":23},"end":{"line":439,"column":24}},"loc":{"start":{"line":439,"column":43},"end":{"line":477,"column":1}},"line":439},"10":{"name":"(anonymous_10)","decl":{"start":{"line":470,"column":34},"end":{"line":470,"column":35}},"loc":{"start":{"line":470,"column":51},"end":{"line":476,"column":1}},"line":470},"11":{"name":"(anonymous_11)","decl":{"start":{"line":522,"column":43},"end":{"line":522,"column":44}},"loc":{"start":{"line":522,"column":63},"end":{"line":536,"column":3}},"line":522},"12":{"name":"(anonymous_12)","decl":{"start":{"line":583,"column":37},"end":{"line":583,"column":38}},"loc":{"start":{"line":583,"column":57},"end":{"line":601,"column":1}},"line":583},"13":{"name":"(anonymous_13)","decl":{"start":{"line":650,"column":40},"end":{"line":650,"column":41}},"loc":{"start":{"line":650,"column":60},"end":{"line":660,"column":2}},"line":650},"14":{"name":"(anonymous_14)","decl":{"start":{"line":712,"column":38},"end":{"line":712,"column":39}},"loc":{"start":{"line":712,"column":58},"end":{"line":728,"column":3}},"line":712},"15":{"name":"(anonymous_15)","decl":{"start":{"line":767,"column":37},"end":{"line":767,"column":38}},"loc":{"start":{"line":767,"column":57},"end":{"line":781,"column":4}},"line":767},"16":{"name":"(anonymous_16)","decl":{"start":{"line":862,"column":45},"end":{"line":862,"column":46}},"loc":{"start":{"line":862,"column":65},"end":{"line":935,"column":3}},"line":862},"17":{"name":"(anonymous_17)","decl":{"start":{"line":1014,"column":44},"end":{"line":1014,"column":45}},"loc":{"start":{"line":1014,"column":64},"end":{"line":1043,"column":5}},"line":1014},"18":{"name":"(anonymous_18)","decl":{"start":{"line":1121,"column":49},"end":{"line":1121,"column":50}},"loc":{"start":{"line":1121,"column":69},"end":{"line":1150,"column":7}},"line":1121},"19":{"name":"(anonymous_19)","decl":{"start":{"line":1229,"column":54},"end":{"line":1229,"column":55}},"loc":{"start":{"line":1229,"column":74},"end":{"line":1258,"column":9}},"line":1229},"20":{"name":"(anonymous_20)","decl":{"start":{"line":1307,"column":36},"end":{"line":1307,"column":37}},"loc":{"start":{"line":1307,"column":56},"end":{"line":1326,"column":4}},"line":1307},"21":{"name":"(anonymous_21)","decl":{"start":{"line":1358,"column":40},"end":{"line":1358,"column":41}},"loc":{"start":{"line":1358,"column":60},"end":{"line":1375,"column":3}},"line":1358},"22":{"name":"(anonymous_22)","decl":{"start":{"line":1407,"column":45},"end":{"line":1407,"column":46}},"loc":{"start":{"line":1407,"column":65},"end":{"line":1421,"column":4}},"line":1407},"23":{"name":"(anonymous_23)","decl":{"start":{"line":1454,"column":46},"end":{"line":1454,"column":47}},"loc":{"start":{"line":1454,"column":66},"end":{"line":1468,"column":5}},"line":1454},"24":{"name":"(anonymous_24)","decl":{"start":{"line":1520,"column":23},"end":{"line":1520,"column":24}},"loc":{"start":{"line":1520,"column":43},"end":{"line":1608,"column":3}},"line":1520},"25":{"name":"(anonymous_25)","decl":{"start":{"line":1530,"column":4},"end":{"line":1530,"column":5}},"loc":{"start":{"line":1530,"column":23},"end":{"line":1606,"column":5}},"line":1530},"26":{"name":"(anonymous_26)","decl":{"start":{"line":1540,"column":10},"end":{"line":1540,"column":11}},"loc":{"start":{"line":1540,"column":29},"end":{"line":1603,"column":11}},"line":1540},"27":{"name":"(anonymous_27)","decl":{"start":{"line":1550,"column":12},"end":{"line":1550,"column":13}},"loc":{"start":{"line":1550,"column":31},"end":{"line":1599,"column":13}},"line":1550},"28":{"name":"(anonymous_28)","decl":{"start":{"line":1561,"column":19},"end":{"line":1561,"column":20}},"loc":{"start":{"line":1561,"column":38},"end":{"line":1577,"column":17}},"line":1561},"29":{"name":"(anonymous_29)","decl":{"start":{"line":1649,"column":27},"end":{"line":1649,"column":28}},"loc":{"start":{"line":1649,"column":47},"end":{"line":1690,"column":11}},"line":1649},"30":{"name":"(anonymous_30)","decl":{"start":{"line":1664,"column":9},"end":{"line":1664,"column":10}},"loc":{"start":{"line":1664,"column":28},"end":{"line":1680,"column":7}},"line":1664},"31":{"name":"(anonymous_31)","decl":{"start":{"line":1773,"column":29},"end":{"line":1773,"column":30}},"loc":{"start":{"line":1774,"column":0},"end":{"line":1849,"column":1}},"line":1774},"32":{"name":"(anonymous_32)","decl":{"start":{"line":1788,"column":37},"end":{"line":1788,"column":38}},"loc":{"start":{"line":1790,"column":3},"end":{"line":1845,"column":4}},"line":1790},"33":{"name":"(anonymous_33)","decl":{"start":{"line":1867,"column":34},"end":{"line":1867,"column":35}},"loc":{"start":{"line":1868,"column":0},"end":{"line":1898,"column":3}},"line":1868},"34":{"name":"(anonymous_34)","decl":{"start":{"line":1882,"column":2},"end":{"line":1882,"column":3}},"loc":{"start":{"line":1884,"column":3},"end":{"line":1896,"column":4}},"line":1884},"35":{"name":"validateUserOnly","decl":{"start":{"line":1900,"column":19},"end":{"line":1900,"column":35}},"loc":{"start":{"line":1900,"column":43},"end":{"line":1905,"column":13}},"line":1900},"36":{"name":"(anonymous_36)","decl":{"start":{"line":1944,"column":29},"end":{"line":1944,"column":30}},"loc":{"start":{"line":1944,"column":49},"end":{"line":1979,"column":2}},"line":1944},"37":{"name":"(anonymous_37)","decl":{"start":{"line":1951,"column":6},"end":{"line":1951,"column":7}},"loc":{"start":{"line":1951,"column":24},"end":{"line":1978,"column":9}},"line":1951},"38":{"name":"(anonymous_38)","decl":{"start":{"line":2011,"column":29},"end":{"line":2011,"column":30}},"loc":{"start":{"line":2011,"column":49},"end":{"line":2045,"column":2}},"line":2011},"39":{"name":"(anonymous_39)","decl":{"start":{"line":2018,"column":6},"end":{"line":2018,"column":7}},"loc":{"start":{"line":2018,"column":24},"end":{"line":2044,"column":9}},"line":2018}},"branchMap":{"0":{"loc":{"start":{"line":51,"column":2},"end":{"line":51,"column":81}},"type":"if","locations":[{"start":{"line":51,"column":2},"end":{"line":51,"column":81}},{"start":{"line":51,"column":2},"end":{"line":51,"column":81}}],"line":51},"1":{"loc":{"start":{"line":53,"column":2},"end":{"line":53,"column":77}},"type":"if","locations":[{"start":{"line":53,"column":2},"end":{"line":53,"column":77}},{"start":{"line":53,"column":2},"end":{"line":53,"column":77}}],"line":53},"2":{"loc":{"start":{"line":71,"column":10},"end":{"line":73,"column":11}},"type":"if","locations":[{"start":{"line":71,"column":10},"end":{"line":73,"column":11}},{"start":{"line":71,"column":10},"end":{"line":73,"column":11}}],"line":71},"3":{"loc":{"start":{"line":109,"column":2},"end":{"line":109,"column":78}},"type":"if","locations":[{"start":{"line":109,"column":2},"end":{"line":109,"column":78}},{"start":{"line":109,"column":2},"end":{"line":109,"column":78}}],"line":109},"4":{"loc":{"start":{"line":112,"column":2},"end":{"line":112,"column":81}},"type":"if","locations":[{"start":{"line":112,"column":2},"end":{"line":112,"column":81}},{"start":{"line":112,"column":2},"end":{"line":112,"column":81}}],"line":112},"5":{"loc":{"start":{"line":159,"column":2},"end":{"line":159,"column":78}},"type":"if","locations":[{"start":{"line":159,"column":2},"end":{"line":159,"column":78}},{"start":{"line":159,"column":2},"end":{"line":159,"column":78}}],"line":159},"6":{"loc":{"start":{"line":297,"column":2},"end":{"line":297,"column":89}},"type":"if","locations":[{"start":{"line":297,"column":2},"end":{"line":297,"column":89}},{"start":{"line":297,"column":2},"end":{"line":297,"column":89}}],"line":297},"7":{"loc":{"start":{"line":302,"column":2},"end":{"line":302,"column":25}},"type":"if","locations":[{"start":{"line":302,"column":2},"end":{"line":302,"column":25}},{"start":{"line":302,"column":2},"end":{"line":302,"column":25}}],"line":302},"8":{"loc":{"start":{"line":303,"column":2},"end":{"line":303,"column":26}},"type":"if","locations":[{"start":{"line":303,"column":2},"end":{"line":303,"column":26}},{"start":{"line":303,"column":2},"end":{"line":303,"column":26}}],"line":303},"9":{"loc":{"start":{"line":326,"column":2},"end":{"line":326,"column":67}},"type":"if","locations":[{"start":{"line":326,"column":2},"end":{"line":326,"column":67}},{"start":{"line":326,"column":2},"end":{"line":326,"column":67}}],"line":326},"10":{"loc":{"start":{"line":332,"column":2},"end":{"line":332,"column":56}},"type":"if","locations":[{"start":{"line":332,"column":2},"end":{"line":332,"column":56}},{"start":{"line":332,"column":2},"end":{"line":332,"column":56}}],"line":332},"11":{"loc":{"start":{"line":334,"column":7},"end":{"line":334,"column":71}},"type":"if","locations":[{"start":{"line":334,"column":7},"end":{"line":334,"column":71}},{"start":{"line":334,"column":7},"end":{"line":334,"column":71}}],"line":334},"12":{"loc":{"start":{"line":335,"column":7},"end":{"line":336,"column":35}},"type":"if","locations":[{"start":{"line":335,"column":7},"end":{"line":336,"column":35}},{"start":{"line":335,"column":7},"end":{"line":336,"column":35}}],"line":335},"13":{"loc":{"start":{"line":386,"column":2},"end":{"line":386,"column":78}},"type":"if","locations":[{"start":{"line":386,"column":2},"end":{"line":386,"column":78}},{"start":{"line":386,"column":2},"end":{"line":386,"column":78}}],"line":386},"14":{"loc":{"start":{"line":441,"column":2},"end":{"line":441,"column":81}},"type":"if","locations":[{"start":{"line":441,"column":2},"end":{"line":441,"column":81}},{"start":{"line":441,"column":2},"end":{"line":441,"column":81}}],"line":441},"15":{"loc":{"start":{"line":443,"column":2},"end":{"line":443,"column":82}},"type":"if","locations":[{"start":{"line":443,"column":2},"end":{"line":443,"column":82}},{"start":{"line":443,"column":2},"end":{"line":443,"column":82}}],"line":443},"16":{"loc":{"start":{"line":471,"column":10},"end":{"line":473,"column":11}},"type":"if","locations":[{"start":{"line":471,"column":10},"end":{"line":473,"column":11}},{"start":{"line":471,"column":10},"end":{"line":473,"column":11}}],"line":471},"17":{"loc":{"start":{"line":526,"column":4},"end":{"line":526,"column":83}},"type":"if","locations":[{"start":{"line":526,"column":4},"end":{"line":526,"column":83}},{"start":{"line":526,"column":4},"end":{"line":526,"column":83}}],"line":526},"18":{"loc":{"start":{"line":529,"column":4},"end":{"line":529,"column":91}},"type":"if","locations":[{"start":{"line":529,"column":4},"end":{"line":529,"column":91}},{"start":{"line":529,"column":4},"end":{"line":529,"column":91}}],"line":529},"19":{"loc":{"start":{"line":587,"column":2},"end":{"line":587,"column":81}},"type":"if","locations":[{"start":{"line":587,"column":2},"end":{"line":587,"column":81}},{"start":{"line":587,"column":2},"end":{"line":587,"column":81}}],"line":587},"20":{"loc":{"start":{"line":589,"column":2},"end":{"line":594,"column":3}},"type":"if","locations":[{"start":{"line":589,"column":2},"end":{"line":594,"column":3}},{"start":{"line":589,"column":2},"end":{"line":594,"column":3}}],"line":589},"21":{"loc":{"start":{"line":592,"column":4},"end":{"line":592,"column":77}},"type":"if","locations":[{"start":{"line":592,"column":4},"end":{"line":592,"column":77}},{"start":{"line":592,"column":4},"end":{"line":592,"column":77}}],"line":592},"22":{"loc":{"start":{"line":595,"column":2},"end":{"line":595,"column":70}},"type":"if","locations":[{"start":{"line":595,"column":2},"end":{"line":595,"column":70}},{"start":{"line":595,"column":2},"end":{"line":595,"column":70}}],"line":595},"23":{"loc":{"start":{"line":596,"column":2},"end":{"line":596,"column":85}},"type":"if","locations":[{"start":{"line":596,"column":2},"end":{"line":596,"column":85}},{"start":{"line":596,"column":2},"end":{"line":596,"column":85}}],"line":596},"24":{"loc":{"start":{"line":656,"column":3},"end":{"line":656,"column":102}},"type":"if","locations":[{"start":{"line":656,"column":3},"end":{"line":656,"column":102}},{"start":{"line":656,"column":3},"end":{"line":656,"column":102}}],"line":656},"25":{"loc":{"start":{"line":656,"column":6},"end":{"line":656,"column":38}},"type":"binary-expr","locations":[{"start":{"line":656,"column":6},"end":{"line":656,"column":11}},{"start":{"line":656,"column":15},"end":{"line":656,"column":26}},{"start":{"line":656,"column":30},"end":{"line":656,"column":38}}],"line":656},"26":{"loc":{"start":{"line":657,"column":2},"end":{"line":659,"column":79}},"type":"if","locations":[{"start":{"line":657,"column":2},"end":{"line":659,"column":79}},{"start":{"line":657,"column":2},"end":{"line":659,"column":79}}],"line":657},"27":{"loc":{"start":{"line":658,"column":7},"end":{"line":659,"column":79}},"type":"if","locations":[{"start":{"line":658,"column":7},"end":{"line":659,"column":79}},{"start":{"line":658,"column":7},"end":{"line":659,"column":79}}],"line":658},"28":{"loc":{"start":{"line":659,"column":7},"end":{"line":659,"column":79}},"type":"if","locations":[{"start":{"line":659,"column":7},"end":{"line":659,"column":79}},{"start":{"line":659,"column":7},"end":{"line":659,"column":79}}],"line":659},"29":{"loc":{"start":{"line":771,"column":5},"end":{"line":771,"column":85}},"type":"if","locations":[{"start":{"line":771,"column":5},"end":{"line":771,"column":85}},{"start":{"line":771,"column":5},"end":{"line":771,"column":85}}],"line":771},"30":{"loc":{"start":{"line":1018,"column":6},"end":{"line":1018,"column":86}},"type":"if","locations":[{"start":{"line":1018,"column":6},"end":{"line":1018,"column":86}},{"start":{"line":1018,"column":6},"end":{"line":1018,"column":86}}],"line":1018},"31":{"loc":{"start":{"line":1125,"column":8},"end":{"line":1125,"column":88}},"type":"if","locations":[{"start":{"line":1125,"column":8},"end":{"line":1125,"column":88}},{"start":{"line":1125,"column":8},"end":{"line":1125,"column":88}}],"line":1125},"32":{"loc":{"start":{"line":1233,"column":10},"end":{"line":1233,"column":90}},"type":"if","locations":[{"start":{"line":1233,"column":10},"end":{"line":1233,"column":90}},{"start":{"line":1233,"column":10},"end":{"line":1233,"column":90}}],"line":1233},"33":{"loc":{"start":{"line":1310,"column":5},"end":{"line":1311,"column":64}},"type":"if","locations":[{"start":{"line":1310,"column":5},"end":{"line":1311,"column":64}},{"start":{"line":1310,"column":5},"end":{"line":1311,"column":64}}],"line":1310},"34":{"loc":{"start":{"line":1310,"column":8},"end":{"line":1310,"column":109}},"type":"binary-expr","locations":[{"start":{"line":1310,"column":8},"end":{"line":1310,"column":36}},{"start":{"line":1310,"column":40},"end":{"line":1310,"column":71}},{"start":{"line":1310,"column":75},"end":{"line":1310,"column":109}}],"line":1310},"35":{"loc":{"start":{"line":1313,"column":5},"end":{"line":1313,"column":79}},"type":"if","locations":[{"start":{"line":1313,"column":5},"end":{"line":1313,"column":79}},{"start":{"line":1313,"column":5},"end":{"line":1313,"column":79}}],"line":1313},"36":{"loc":{"start":{"line":1317,"column":5},"end":{"line":1317,"column":108}},"type":"if","locations":[{"start":{"line":1317,"column":5},"end":{"line":1317,"column":108}},{"start":{"line":1317,"column":5},"end":{"line":1317,"column":108}}],"line":1317},"37":{"loc":{"start":{"line":1317,"column":8},"end":{"line":1317,"column":37}},"type":"binary-expr","locations":[{"start":{"line":1317,"column":8},"end":{"line":1317,"column":12}},{"start":{"line":1317,"column":16},"end":{"line":1317,"column":23}},{"start":{"line":1317,"column":27},"end":{"line":1317,"column":37}}],"line":1317},"38":{"loc":{"start":{"line":1319,"column":5},"end":{"line":1319,"column":70}},"type":"if","locations":[{"start":{"line":1319,"column":5},"end":{"line":1319,"column":70}},{"start":{"line":1319,"column":5},"end":{"line":1319,"column":70}}],"line":1319},"39":{"loc":{"start":{"line":1320,"column":5},"end":{"line":1320,"column":76}},"type":"if","locations":[{"start":{"line":1320,"column":5},"end":{"line":1320,"column":76}},{"start":{"line":1320,"column":5},"end":{"line":1320,"column":76}}],"line":1320},"40":{"loc":{"start":{"line":1321,"column":5},"end":{"line":1321,"column":82}},"type":"if","locations":[{"start":{"line":1321,"column":5},"end":{"line":1321,"column":82}},{"start":{"line":1321,"column":5},"end":{"line":1321,"column":82}}],"line":1321},"41":{"loc":{"start":{"line":1362,"column":4},"end":{"line":1362,"column":78}},"type":"if","locations":[{"start":{"line":1362,"column":4},"end":{"line":1362,"column":78}},{"start":{"line":1362,"column":4},"end":{"line":1362,"column":78}}],"line":1362},"42":{"loc":{"start":{"line":1366,"column":4},"end":{"line":1366,"column":115}},"type":"if","locations":[{"start":{"line":1366,"column":4},"end":{"line":1366,"column":115}},{"start":{"line":1366,"column":4},"end":{"line":1366,"column":115}}],"line":1366},"43":{"loc":{"start":{"line":1366,"column":7},"end":{"line":1366,"column":39}},"type":"binary-expr","locations":[{"start":{"line":1366,"column":7},"end":{"line":1366,"column":12}},{"start":{"line":1366,"column":16},"end":{"line":1366,"column":27}},{"start":{"line":1366,"column":31},"end":{"line":1366,"column":39}}],"line":1366},"44":{"loc":{"start":{"line":1368,"column":4},"end":{"line":1368,"column":71}},"type":"if","locations":[{"start":{"line":1368,"column":4},"end":{"line":1368,"column":71}},{"start":{"line":1368,"column":4},"end":{"line":1368,"column":71}}],"line":1368},"45":{"loc":{"start":{"line":1369,"column":4},"end":{"line":1369,"column":80}},"type":"if","locations":[{"start":{"line":1369,"column":4},"end":{"line":1369,"column":80}},{"start":{"line":1369,"column":4},"end":{"line":1369,"column":80}}],"line":1369},"46":{"loc":{"start":{"line":1370,"column":4},"end":{"line":1370,"column":89}},"type":"if","locations":[{"start":{"line":1370,"column":4},"end":{"line":1370,"column":89}},{"start":{"line":1370,"column":4},"end":{"line":1370,"column":89}}],"line":1370},"47":{"loc":{"start":{"line":1411,"column":5},"end":{"line":1411,"column":79}},"type":"if","locations":[{"start":{"line":1411,"column":5},"end":{"line":1411,"column":79}},{"start":{"line":1411,"column":5},"end":{"line":1411,"column":79}}],"line":1411},"48":{"loc":{"start":{"line":1413,"column":5},"end":{"line":1413,"column":100}},"type":"if","locations":[{"start":{"line":1413,"column":5},"end":{"line":1413,"column":100}},{"start":{"line":1413,"column":5},"end":{"line":1413,"column":100}}],"line":1413},"49":{"loc":{"start":{"line":1458,"column":6},"end":{"line":1458,"column":80}},"type":"if","locations":[{"start":{"line":1458,"column":6},"end":{"line":1458,"column":80}},{"start":{"line":1458,"column":6},"end":{"line":1458,"column":80}}],"line":1458},"50":{"loc":{"start":{"line":1460,"column":6},"end":{"line":1460,"column":95}},"type":"if","locations":[{"start":{"line":1460,"column":6},"end":{"line":1460,"column":95}},{"start":{"line":1460,"column":6},"end":{"line":1460,"column":95}}],"line":1460},"51":{"loc":{"start":{"line":1532,"column":6},"end":{"line":1605,"column":7}},"type":"if","locations":[{"start":{"line":1532,"column":6},"end":{"line":1605,"column":7}},{"start":{"line":1532,"column":6},"end":{"line":1605,"column":7}}],"line":1532},"52":{"loc":{"start":{"line":1532,"column":10},"end":{"line":1532,"column":21}},"type":"binary-expr","locations":[{"start":{"line":1532,"column":10},"end":{"line":1532,"column":14}},{"start":{"line":1532,"column":18},"end":{"line":1532,"column":21}}],"line":1532},"53":{"loc":{"start":{"line":1542,"column":12},"end":{"line":1602,"column":13}},"type":"if","locations":[{"start":{"line":1542,"column":12},"end":{"line":1602,"column":13}},{"start":{"line":1542,"column":12},"end":{"line":1602,"column":13}}],"line":1542},"54":{"loc":{"start":{"line":1542,"column":16},"end":{"line":1542,"column":28}},"type":"binary-expr","locations":[{"start":{"line":1542,"column":16},"end":{"line":1542,"column":20}},{"start":{"line":1542,"column":25},"end":{"line":1542,"column":28}}],"line":1542},"55":{"loc":{"start":{"line":1552,"column":14},"end":{"line":1593,"column":15}},"type":"if","locations":[{"start":{"line":1552,"column":14},"end":{"line":1593,"column":15}},{"start":{"line":1552,"column":14},"end":{"line":1593,"column":15}}],"line":1552},"56":{"loc":{"start":{"line":1552,"column":17},"end":{"line":1552,"column":28}},"type":"binary-expr","locations":[{"start":{"line":1552,"column":17},"end":{"line":1552,"column":21}},{"start":{"line":1552,"column":25},"end":{"line":1552,"column":28}}],"line":1552},"57":{"loc":{"start":{"line":1563,"column":21},"end":{"line":1576,"column":20}},"type":"if","locations":[{"start":{"line":1563,"column":21},"end":{"line":1576,"column":20}},{"start":{"line":1563,"column":21},"end":{"line":1576,"column":20}}],"line":1563},"58":{"loc":{"start":{"line":1563,"column":25},"end":{"line":1563,"column":37}},"type":"binary-expr","locations":[{"start":{"line":1563,"column":25},"end":{"line":1563,"column":29}},{"start":{"line":1563,"column":34},"end":{"line":1563,"column":37}}],"line":1563},"59":{"loc":{"start":{"line":1588,"column":16},"end":{"line":1592,"column":17}},"type":"if","locations":[{"start":{"line":1588,"column":16},"end":{"line":1592,"column":17}},{"start":{"line":1588,"column":16},"end":{"line":1592,"column":17}}],"line":1588},"60":{"loc":{"start":{"line":1588,"column":20},"end":{"line":1588,"column":30}},"type":"binary-expr","locations":[{"start":{"line":1588,"column":20},"end":{"line":1588,"column":23}},{"start":{"line":1588,"column":27},"end":{"line":1588,"column":30}}],"line":1588},"61":{"loc":{"start":{"line":1666,"column":10},"end":{"line":1679,"column":9}},"type":"if","locations":[{"start":{"line":1666,"column":10},"end":{"line":1679,"column":9}},{"start":{"line":1666,"column":10},"end":{"line":1679,"column":9}}],"line":1666},"62":{"loc":{"start":{"line":1666,"column":15},"end":{"line":1666,"column":41}},"type":"binary-expr","locations":[{"start":{"line":1666,"column":15},"end":{"line":1666,"column":34}},{"start":{"line":1666,"column":38},"end":{"line":1666,"column":41}}],"line":1666},"63":{"loc":{"start":{"line":1777,"column":2},"end":{"line":1780,"column":5}},"type":"if","locations":[{"start":{"line":1777,"column":2},"end":{"line":1780,"column":5}},{"start":{"line":1777,"column":2},"end":{"line":1780,"column":5}}],"line":1777},"64":{"loc":{"start":{"line":1782,"column":6},"end":{"line":1785,"column":6}},"type":"if","locations":[{"start":{"line":1782,"column":6},"end":{"line":1785,"column":6}},{"start":{"line":1782,"column":6},"end":{"line":1785,"column":6}}],"line":1782},"65":{"loc":{"start":{"line":1793,"column":4},"end":{"line":1796,"column":5}},"type":"if","locations":[{"start":{"line":1793,"column":4},"end":{"line":1796,"column":5}},{"start":{"line":1793,"column":4},"end":{"line":1796,"column":5}}],"line":1793},"66":{"loc":{"start":{"line":1797,"column":4},"end":{"line":1800,"column":5}},"type":"if","locations":[{"start":{"line":1797,"column":4},"end":{"line":1800,"column":5}},{"start":{"line":1797,"column":4},"end":{"line":1800,"column":5}}],"line":1797},"67":{"loc":{"start":{"line":1806,"column":7},"end":{"line":1838,"column":9}},"type":"if","locations":[{"start":{"line":1806,"column":7},"end":{"line":1838,"column":9}},{"start":{"line":1806,"column":7},"end":{"line":1838,"column":9}}],"line":1806},"68":{"loc":{"start":{"line":1810,"column":17},"end":{"line":1817,"column":20}},"type":"if","locations":[{"start":{"line":1810,"column":17},"end":{"line":1817,"column":20}},{"start":{"line":1810,"column":17},"end":{"line":1817,"column":20}}],"line":1810},"69":{"loc":{"start":{"line":1819,"column":15},"end":{"line":1834,"column":21}},"type":"if","locations":[{"start":{"line":1819,"column":15},"end":{"line":1834,"column":21}},{"start":{"line":1819,"column":15},"end":{"line":1834,"column":21}}],"line":1819},"70":{"loc":{"start":{"line":1822,"column":20},"end":{"line":1833,"column":23}},"type":"if","locations":[{"start":{"line":1822,"column":20},"end":{"line":1833,"column":23}},{"start":{"line":1822,"column":20},"end":{"line":1833,"column":23}}],"line":1822},"71":{"loc":{"start":{"line":1826,"column":22},"end":{"line":1832,"column":23}},"type":"if","locations":[{"start":{"line":1826,"column":22},"end":{"line":1832,"column":23}},{"start":{"line":1826,"column":22},"end":{"line":1832,"column":23}}],"line":1826},"72":{"loc":{"start":{"line":1830,"column":22},"end":{"line":1831,"column":52}},"type":"if","locations":[{"start":{"line":1830,"column":22},"end":{"line":1831,"column":52}},{"start":{"line":1830,"column":22},"end":{"line":1831,"column":52}}],"line":1830},"73":{"loc":{"start":{"line":1869,"column":5},"end":{"line":1872,"column":5}},"type":"if","locations":[{"start":{"line":1869,"column":5},"end":{"line":1872,"column":5}},{"start":{"line":1869,"column":5},"end":{"line":1872,"column":5}}],"line":1869},"74":{"loc":{"start":{"line":1874,"column":6},"end":{"line":1877,"column":6}},"type":"if","locations":[{"start":{"line":1874,"column":6},"end":{"line":1877,"column":6}},{"start":{"line":1874,"column":6},"end":{"line":1877,"column":6}}],"line":1874},"75":{"loc":{"start":{"line":1885,"column":4},"end":{"line":1888,"column":5}},"type":"if","locations":[{"start":{"line":1885,"column":4},"end":{"line":1888,"column":5}},{"start":{"line":1885,"column":4},"end":{"line":1888,"column":5}}],"line":1885},"76":{"loc":{"start":{"line":1889,"column":4},"end":{"line":1893,"column":5}},"type":"if","locations":[{"start":{"line":1889,"column":4},"end":{"line":1893,"column":5}},{"start":{"line":1889,"column":4},"end":{"line":1893,"column":5}}],"line":1889},"77":{"loc":{"start":{"line":1955,"column":8},"end":{"line":1977,"column":10}},"type":"if","locations":[{"start":{"line":1955,"column":8},"end":{"line":1977,"column":10}},{"start":{"line":1955,"column":8},"end":{"line":1977,"column":10}}],"line":1955},"78":{"loc":{"start":{"line":1955,"column":11},"end":{"line":1955,"column":22}},"type":"binary-expr","locations":[{"start":{"line":1955,"column":11},"end":{"line":1955,"column":15}},{"start":{"line":1955,"column":19},"end":{"line":1955,"column":22}}],"line":1955},"79":{"loc":{"start":{"line":2022,"column":8},"end":{"line":2043,"column":10}},"type":"if","locations":[{"start":{"line":2022,"column":8},"end":{"line":2043,"column":10}},{"start":{"line":2022,"column":8},"end":{"line":2043,"column":10}}],"line":2022},"80":{"loc":{"start":{"line":2022,"column":11},"end":{"line":2022,"column":22}},"type":"binary-expr","locations":[{"start":{"line":2022,"column":11},"end":{"line":2022,"column":15}},{"start":{"line":2022,"column":19},"end":{"line":2022,"column":22}}],"line":2022}},"s":{"0":1,"1":1,"2":1,"3":1,"4":1,"5":1,"6":1,"7":1,"8":1,"9":1,"10":1,"11":1,"12":1,"13":1,"14":1,"15":2,"16":2,"17":1,"18":1,"19":1,"20":0,"21":1,"22":1,"23":1,"24":1,"25":1,"26":1,"27":0,"28":1,"29":1,"30":0,"31":0,"32":0,"33":0,"34":0,"35":0,"36":0,"37":0,"38":0,"39":0,"40":0,"41":1,"42":1,"43":1,"44":0,"45":1,"46":1,"47":1,"48":1,"49":1,"50":1,"51":1,"52":1,"53":2,"54":2,"55":1,"56":1,"57":1,"58":1,"59":1,"60":0,"61":1,"62":1,"63":1,"64":1,"65":1,"66":0,"67":0,"68":0,"69":0,"70":0,"71":0,"72":0,"73":0,"74":0,"75":0,"76":0,"77":1,"78":0,"79":0,"80":0,"81":0,"82":0,"83":0,"84":0,"85":1,"86":3,"87":3,"88":2,"89":1,"90":1,"91":0,"92":1,"93":1,"94":1,"95":1,"96":1,"97":1,"98":1,"99":1,"100":1,"101":1,"102":1,"103":0,"104":1,"105":1,"106":3,"107":3,"108":2,"109":1,"110":1,"111":1,"112":0,"113":1,"114":1,"115":1,"116":1,"117":1,"118":4,"119":4,"120":2,"121":2,"122":2,"123":2,"124":2,"125":1,"126":1,"127":1,"128":1,"129":1,"130":1,"131":1,"132":1,"133":1,"134":4,"135":4,"136":4,"137":4,"138":1,"139":3,"140":1,"141":2,"142":1,"143":1,"144":1,"145":1,"146":1,"147":1,"148":1,"149":1,"150":1,"151":1,"152":1,"153":1,"154":1,"155":0,"156":1,"157":1,"158":1,"159":1,"160":1,"161":1,"162":1,"163":1,"164":1,"165":1,"166":1,"167":1,"168":1,"169":6,"170":6,"171":6,"172":1,"173":1,"174":3,"175":3,"176":3,"177":1,"178":1,"179":1,"180":1,"181":1,"182":1,"183":1,"184":2,"185":2,"186":1,"187":1,"188":1,"189":1,"190":1,"191":6,"192":6,"193":6,"194":1,"195":1,"196":2,"197":2,"198":1,"199":1,"200":1,"201":1,"202":1,"203":3,"204":3,"205":3,"206":1,"207":1,"208":2,"209":2,"210":1,"211":1,"212":1,"213":1,"214":1,"215":1,"216":1,"217":1,"218":1,"219":1,"220":6,"221":1,"222":5,"223":5,"224":1,"225":4,"226":4,"227":4,"228":4,"229":1,"230":3,"231":3,"232":1,"233":3,"234":1,"235":3,"236":1,"237":3,"238":3,"239":1,"240":5,"241":5,"242":1,"243":4,"244":4,"245":4,"246":4,"247":1,"248":3,"249":3,"250":1,"251":3,"252":1,"253":3,"254":1,"255":3,"256":3,"257":1,"258":0,"259":0,"260":0,"261":0,"262":0,"263":0,"264":0,"265":0,"266":0,"267":0,"268":0,"269":1,"270":0,"271":0,"272":0,"273":0,"274":0,"275":0,"276":0,"277":0,"278":0,"279":0,"280":0,"281":1,"282":2,"283":2,"284":1,"285":1,"286":1,"287":0,"288":1,"289":1,"290":1,"291":1,"292":0,"293":1,"294":1,"295":1,"296":0,"297":0,"298":1,"299":2,"300":2,"301":1,"302":1,"303":2,"304":1,"305":4,"306":4,"307":1,"308":3,"309":1,"310":2,"311":2,"312":0,"313":2,"314":1,"315":1,"316":1,"317":1,"318":1,"319":80,"320":80,"321":80,"322":80,"323":0,"324":80,"325":65,"326":65,"327":0,"328":65,"329":65,"330":0,"331":65,"332":65,"333":0,"334":65,"335":1,"336":1,"337":4,"338":1,"339":3,"340":1,"341":2,"342":2,"343":1,"344":1,"345":0,"346":1,"347":0,"348":0,"349":1,"350":2,"351":2,"352":1,"353":1,"354":1,"355":1,"356":1,"357":1,"358":1,"359":1,"360":1,"361":2,"362":2,"363":1,"364":1,"365":1,"366":1,"367":1,"368":2,"369":2,"370":1,"371":1},"f":{"0":2,"1":1,"2":0,"3":1,"4":1,"5":2,"6":0,"7":0,"8":0,"9":3,"10":1,"11":3,"12":4,"13":4,"14":1,"15":1,"16":1,"17":2,"18":2,"19":2,"20":6,"21":5,"22":0,"23":0,"24":2,"25":2,"26":1,"27":1,"28":1,"29":2,"30":2,"31":4,"32":2,"33":4,"34":2,"35":0,"36":2,"37":2,"38":2,"39":2},"b":{"0":[1,1],"1":[0,1],"2":[0,1],"3":[0,0],"4":[0,0],"5":[0,1],"6":[1,1],"7":[0,1],"8":[1,0],"9":[0,0],"10":[0,0],"11":[0,0],"12":[0,0],"13":[0,0],"14":[2,1],"15":[0,1],"16":[0,1],"17":[2,1],"18":[0,1],"19":[2,2],"20":[2,0],"21":[1,1],"22":[1,0],"23":[1,0],"24":[1,3],"25":[4,3,2],"26":[1,2],"27":[1,1],"28":[1,0],"29":[0,1],"30":[1,1],"31":[1,1],"32":[1,1],"33":[1,5],"34":[6,3,2],"35":[1,4],"36":[1,3],"37":[4,3,3],"38":[1,2],"39":[1,2],"40":[1,2],"41":[1,4],"42":[1,3],"43":[4,3,2],"44":[1,2],"45":[1,2],"46":[1,2],"47":[0,0],"48":[0,0],"49":[0,0],"50":[0,0],"51":[1,1],"52":[2,1],"53":[0,1],"54":[1,1],"55":[1,0],"56":[1,0],"57":[0,1],"58":[1,1],"59":[0,0],"60":[0,0],"61":[1,1],"62":[2,1],"63":[1,3],"64":[1,2],"65":[0,2],"66":[1,1],"67":[80,0],"68":[80,0],"69":[65,15],"70":[0,65],"71":[0,65],"72":[0,65],"73":[1,3],"74":[1,2],"75":[1,1],"76":[0,1],"77":[1,1],"78":[2,1],"79":[1,1],"80":[2,1]},"_coverageSchema":"43e27e138ebf9cfc5966b082cf9a028302ed4184","hash":"988460fa71b5f2b6669fb473d6144b4d25ffe254","contentHash":"edad175b7de76976b02cdcfc8aab994378bff9a3abc42693bdc852f49ef2d05b"},"C:\\Users\\samer\\Desktop\\Repo\\Geeksreads-Backend\\Software Engineering\\middleware\\auth.js":{"path":"C:\\Users\\samer\\Desktop\\Repo\\Geeksreads-Backend\\Software Engineering\\middleware\\auth.js","statementMap":{"0":{"start":{"line":1,"column":12},"end":{"line":1,"column":35}},"1":{"start":{"line":2,"column":15},"end":{"line":2,"column":32}},"2":{"start":{"line":4,"column":0},"end":{"line":17,"column":1}},"3":{"start":{"line":5,"column":16},"end":{"line":5,"column":42}},"4":{"start":{"line":6,"column":2},"end":{"line":6,"column":93}},"5":{"start":{"line":6,"column":14},"end":{"line":6,"column":93}},"6":{"start":{"line":8,"column":2},"end":{"line":16,"column":3}},"7":{"start":{"line":9,"column":20},"end":{"line":9,"column":66}},"8":{"start":{"line":10,"column":4},"end":{"line":10,"column":23}},"9":{"start":{"line":12,"column":4},"end":{"line":12,"column":11}},"10":{"start":{"line":15,"column":4},"end":{"line":15,"column":57}}},"fnMap":{"0":{"name":"(anonymous_0)","decl":{"start":{"line":4,"column":17},"end":{"line":4,"column":18}},"loc":{"start":{"line":4,"column":43},"end":{"line":17,"column":1}},"line":4}},"branchMap":{"0":{"loc":{"start":{"line":6,"column":2},"end":{"line":6,"column":93}},"type":"if","locations":[{"start":{"line":6,"column":2},"end":{"line":6,"column":93}},{"start":{"line":6,"column":2},"end":{"line":6,"column":93}}],"line":6}},"s":{"0":1,"1":1,"2":1,"3":35,"4":35,"5":0,"6":35,"7":35,"8":35,"9":35,"10":0},"f":{"0":35},"b":{"0":[0,35]},"_coverageSchema":"43e27e138ebf9cfc5966b082cf9a028302ed4184","hash":"1e901ec6f9ad85c87466cf918d6abf883167fd0a","contentHash":"e25816dd2946fa6153208816d31384d9f4926dc0fb6f872de3fe69cc3e638b23"},"C:\\Users\\samer\\Desktop\\Repo\\Geeksreads-Backend\\Software Engineering\\models\\Notifications.js":{"path":"C:\\Users\\samer\\Desktop\\Repo\\Geeksreads-Backend\\Software Engineering\\models\\Notifications.js","statementMap":{"0":{"start":{"line":1,"column":15},"end":{"line":1,"column":32}},"1":{"start":{"line":2,"column":12},"end":{"line":2,"column":35}},"2":{"start":{"line":3,"column":12},"end":{"line":3,"column":26}},"3":{"start":{"line":4,"column":17},"end":{"line":4,"column":36}},"4":{"start":{"line":5,"column":15},"end":{"line":5,"column":40}},"5":{"start":{"line":6,"column":15},"end":{"line":6,"column":40}},"6":{"start":{"line":7,"column":17},"end":{"line":7,"column":51}},"7":{"start":{"line":8,"column":16},"end":{"line":8,"column":51}},"8":{"start":{"line":10,"column":27},"end":{"line":125,"column":2}},"9":{"start":{"line":126,"column":21},"end":{"line":126,"column":71}},"10":{"start":{"line":131,"column":0},"end":{"line":134,"column":1}},"11":{"start":{"line":133,"column":2},"end":{"line":133,"column":21}},"12":{"start":{"line":135,"column":0},"end":{"line":138,"column":1}},"13":{"start":{"line":137,"column":0},"end":{"line":137,"column":58}},"14":{"start":{"line":140,"column":25},"end":{"line":147,"column":6}},"15":{"start":{"line":148,"column":4},"end":{"line":148,"column":55}},"16":{"start":{"line":151,"column":0},"end":{"line":169,"column":1}},"17":{"start":{"line":153,"column":2},"end":{"line":167,"column":5}},"18":{"start":{"line":155,"column":4},"end":{"line":165,"column":5}},"19":{"start":{"line":157,"column":6},"end":{"line":157,"column":28}},"20":{"start":{"line":161,"column":6},"end":{"line":161,"column":43}},"21":{"start":{"line":162,"column":6},"end":{"line":162,"column":47}},"22":{"start":{"line":163,"column":6},"end":{"line":163,"column":45}},"23":{"start":{"line":170,"column":0},"end":{"line":175,"column":1}},"24":{"start":{"line":172,"column":2},"end":{"line":172,"column":25}},"25":{"start":{"line":173,"column":10},"end":{"line":173,"column":34}},"26":{"start":{"line":174,"column":2},"end":{"line":174,"column":11}},"27":{"start":{"line":176,"column":0},"end":{"line":192,"column":3}},"28":{"start":{"line":177,"column":4},"end":{"line":190,"column":2}},"29":{"start":{"line":179,"column":4},"end":{"line":179,"column":28}},"30":{"start":{"line":183,"column":4},"end":{"line":183,"column":42}},"31":{"start":{"line":184,"column":4},"end":{"line":184,"column":46}},"32":{"start":{"line":185,"column":4},"end":{"line":185,"column":46}},"33":{"start":{"line":186,"column":4},"end":{"line":186,"column":53}},"34":{"start":{"line":187,"column":4},"end":{"line":187,"column":42}},"35":{"start":{"line":188,"column":4},"end":{"line":188,"column":40}},"36":{"start":{"line":189,"column":4},"end":{"line":189,"column":24}},"37":{"start":{"line":193,"column":0},"end":{"line":211,"column":3}},"38":{"start":{"line":195,"column":6},"end":{"line":208,"column":5}},"39":{"start":{"line":197,"column":6},"end":{"line":197,"column":41}},"40":{"start":{"line":202,"column":6},"end":{"line":202,"column":40}},"41":{"start":{"line":203,"column":6},"end":{"line":203,"column":41}},"42":{"start":{"line":204,"column":6},"end":{"line":204,"column":42}},"43":{"start":{"line":205,"column":6},"end":{"line":205,"column":49}},"44":{"start":{"line":206,"column":6},"end":{"line":206,"column":45}},"45":{"start":{"line":215,"column":0},"end":{"line":235,"column":1}},"46":{"start":{"line":217,"column":0},"end":{"line":234,"column":2}},"47":{"start":{"line":219,"column":4},"end":{"line":231,"column":3}},"48":{"start":{"line":221,"column":4},"end":{"line":221,"column":30}},"49":{"start":{"line":227,"column":4},"end":{"line":227,"column":44}},"50":{"start":{"line":228,"column":4},"end":{"line":228,"column":41}},"51":{"start":{"line":229,"column":4},"end":{"line":229,"column":41}},"52":{"start":{"line":230,"column":4},"end":{"line":230,"column":54}},"53":{"start":{"line":237,"column":0},"end":{"line":237,"column":29}},"54":{"start":{"line":238,"column":0},"end":{"line":238,"column":23}},"55":{"start":{"line":239,"column":0},"end":{"line":239,"column":16}},"56":{"start":{"line":242,"column":0},"end":{"line":242,"column":46}},"57":{"start":{"line":243,"column":0},"end":{"line":243,"column":36}}},"fnMap":{"0":{"name":"CreatNotification","decl":{"start":{"line":128,"column":15},"end":{"line":128,"column":32}},"loc":{"start":{"line":129,"column":0},"end":{"line":240,"column":1}},"line":129},"1":{"name":"(anonymous_1)","decl":{"start":{"line":153,"column":41},"end":{"line":153,"column":42}},"loc":{"start":{"line":154,"column":2},"end":{"line":167,"column":3}},"line":154},"2":{"name":"(anonymous_2)","decl":{"start":{"line":176,"column":45},"end":{"line":176,"column":46}},"loc":{"start":{"line":177,"column":0},"end":{"line":192,"column":1}},"line":177},"3":{"name":"(anonymous_3)","decl":{"start":{"line":193,"column":39},"end":{"line":193,"column":40}},"loc":{"start":{"line":194,"column":2},"end":{"line":211,"column":1}},"line":194},"4":{"name":"(anonymous_4)","decl":{"start":{"line":217,"column":47},"end":{"line":217,"column":48}},"loc":{"start":{"line":218,"column":0},"end":{"line":234,"column":1}},"line":218}},"branchMap":{"0":{"loc":{"start":{"line":131,"column":0},"end":{"line":134,"column":1}},"type":"if","locations":[{"start":{"line":131,"column":0},"end":{"line":134,"column":1}},{"start":{"line":131,"column":0},"end":{"line":134,"column":1}}],"line":131},"1":{"loc":{"start":{"line":131,"column":4},"end":{"line":131,"column":65}},"type":"binary-expr","locations":[{"start":{"line":131,"column":4},"end":{"line":131,"column":21}},{"start":{"line":131,"column":25},"end":{"line":131,"column":45}},{"start":{"line":131,"column":49},"end":{"line":131,"column":65}}],"line":131},"2":{"loc":{"start":{"line":135,"column":0},"end":{"line":138,"column":1}},"type":"if","locations":[{"start":{"line":135,"column":0},"end":{"line":138,"column":1}},{"start":{"line":135,"column":0},"end":{"line":138,"column":1}}],"line":135},"3":{"loc":{"start":{"line":151,"column":0},"end":{"line":169,"column":1}},"type":"if","locations":[{"start":{"line":151,"column":0},"end":{"line":169,"column":1}},{"start":{"line":151,"column":0},"end":{"line":169,"column":1}}],"line":151},"4":{"loc":{"start":{"line":155,"column":4},"end":{"line":165,"column":5}},"type":"if","locations":[{"start":{"line":155,"column":4},"end":{"line":165,"column":5}},{"start":{"line":155,"column":4},"end":{"line":165,"column":5}}],"line":155},"5":{"loc":{"start":{"line":170,"column":0},"end":{"line":175,"column":1}},"type":"if","locations":[{"start":{"line":170,"column":0},"end":{"line":175,"column":1}},{"start":{"line":170,"column":0},"end":{"line":175,"column":1}}],"line":170},"6":{"loc":{"start":{"line":177,"column":4},"end":{"line":190,"column":2}},"type":"if","locations":[{"start":{"line":177,"column":4},"end":{"line":190,"column":2}},{"start":{"line":177,"column":4},"end":{"line":190,"column":2}}],"line":177},"7":{"loc":{"start":{"line":195,"column":6},"end":{"line":208,"column":5}},"type":"if","locations":[{"start":{"line":195,"column":6},"end":{"line":208,"column":5}},{"start":{"line":195,"column":6},"end":{"line":208,"column":5}}],"line":195},"8":{"loc":{"start":{"line":215,"column":0},"end":{"line":235,"column":1}},"type":"if","locations":[{"start":{"line":215,"column":0},"end":{"line":235,"column":1}},{"start":{"line":215,"column":0},"end":{"line":235,"column":1}}],"line":215},"9":{"loc":{"start":{"line":219,"column":4},"end":{"line":231,"column":3}},"type":"if","locations":[{"start":{"line":219,"column":4},"end":{"line":231,"column":3}},{"start":{"line":219,"column":4},"end":{"line":231,"column":3}}],"line":219}},"s":{"0":1,"1":1,"2":1,"3":1,"4":1,"5":1,"6":1,"7":1,"8":1,"9":1,"10":10,"11":4,"12":6,"13":3,"14":3,"15":3,"16":3,"17":3,"18":2,"19":0,"20":2,"21":2,"22":2,"23":2,"24":1,"25":1,"26":1,"27":1,"28":1,"29":0,"30":1,"31":1,"32":1,"33":1,"34":1,"35":1,"36":1,"37":1,"38":1,"39":0,"40":1,"41":1,"42":1,"43":1,"44":1,"45":1,"46":1,"47":1,"48":0,"49":1,"50":1,"51":1,"52":1,"53":1,"54":1,"55":1,"56":1,"57":1},"f":{"0":10,"1":2,"2":1,"3":1,"4":1},"b":{"0":[4,6],"1":[10,9,6],"2":[3,3],"3":[3,0],"4":[0,2],"5":[1,1],"6":[0,1],"7":[0,1],"8":[1,0],"9":[0,1]},"_coverageSchema":"43e27e138ebf9cfc5966b082cf9a028302ed4184","hash":"b6a34aebeba34784cff1d8652175a3ad6d686363","contentHash":"9f2e215ee8e179f06d0ba2feb82bb741037fd4bdcb033d99f00afbf255f82e11"},"C:\\Users\\samer\\Desktop\\Repo\\Geeksreads-Backend\\Software Engineering\\models\\Book.js":{"path":"C:\\Users\\samer\\Desktop\\Repo\\Geeksreads-Backend\\Software Engineering\\models\\Book.js","statementMap":{"0":{"start":{"line":1,"column":15},"end":{"line":1,"column":32}},"1":{"start":{"line":2,"column":12},"end":{"line":2,"column":35}},"2":{"start":{"line":3,"column":12},"end":{"line":3,"column":26}},"3":{"start":{"line":4,"column":17},"end":{"line":4,"column":36}},"4":{"start":{"line":6,"column":19},"end":{"line":61,"column":4}},"5":{"start":{"line":64,"column":13},"end":{"line":64,"column":47}},"6":{"start":{"line":66,"column":15},"end":{"line":79,"column":1}},"7":{"start":{"line":80,"column":0},"end":{"line":80,"column":35}},"8":{"start":{"line":82,"column":0},"end":{"line":82,"column":21}},"9":{"start":{"line":83,"column":0},"end":{"line":83,"column":31}}},"fnMap":{"0":{"name":"validateBook","decl":{"start":{"line":65,"column":9},"end":{"line":65,"column":21}},"loc":{"start":{"line":65,"column":29},"end":{"line":81,"column":1}},"line":65}},"branchMap":{},"s":{"0":1,"1":1,"2":1,"3":1,"4":1,"5":1,"6":0,"7":0,"8":1,"9":1},"f":{"0":0},"b":{},"_coverageSchema":"43e27e138ebf9cfc5966b082cf9a028302ed4184","hash":"ab95f0eda6c88b678ad0e509df595aa081201023","contentHash":"efdb7a9de9c8f7b5ce9bf90f16a897b3255fc8445c33f967aeee05e6edd080e8"},"C:\\Users\\samer\\Desktop\\Repo\\Geeksreads-Backend\\Software Engineering\\models\\reviews.model.js":{"path":"C:\\Users\\samer\\Desktop\\Repo\\Geeksreads-Backend\\Software Engineering\\models\\reviews.model.js","statementMap":{"0":{"start":{"line":1,"column":17},"end":{"line":1,"column":36}},"1":{"start":{"line":2,"column":12},"end":{"line":2,"column":26}},"2":{"start":{"line":3,"column":0},"end":{"line":3,"column":42}},"3":{"start":{"line":4,"column":19},"end":{"line":64,"column":2}},"4":{"start":{"line":65,"column":0},"end":{"line":65,"column":46}},"5":{"start":{"line":67,"column":19},"end":{"line":75,"column":5}},"6":{"start":{"line":76,"column":4},"end":{"line":76,"column":40}},"7":{"start":{"line":78,"column":4},"end":{"line":78,"column":37}},"8":{"start":{"line":79,"column":4},"end":{"line":79,"column":26}}},"fnMap":{"0":{"name":"validateReview","decl":{"start":{"line":66,"column":9},"end":{"line":66,"column":23}},"loc":{"start":{"line":66,"column":32},"end":{"line":77,"column":5}},"line":66}},"branchMap":{},"s":{"0":1,"1":1,"2":1,"3":1,"4":1,"5":5,"6":5,"7":1,"8":1},"f":{"0":5},"b":{},"_coverageSchema":"43e27e138ebf9cfc5966b082cf9a028302ed4184","hash":"c3c372cd7978e14b209002e2bd63ae61b77df873","contentHash":"1b78c98d9f3fd5b55f7526df8fee1e1d7c0c6b321aef8216407428220253d15d"},"C:\\Users\\samer\\Desktop\\Repo\\Geeksreads-Backend\\Software Engineering\\models\\comments.model.js":{"path":"C:\\Users\\samer\\Desktop\\Repo\\Geeksreads-Backend\\Software Engineering\\models\\comments.model.js","statementMap":{"0":{"start":{"line":1,"column":18},"end":{"line":1,"column":37}},"1":{"start":{"line":2,"column":13},"end":{"line":2,"column":27}},"2":{"start":{"line":3,"column":1},"end":{"line":3,"column":43}},"3":{"start":{"line":4,"column":21},"end":{"line":37,"column":2}},"4":{"start":{"line":40,"column":0},"end":{"line":40,"column":49}},"5":{"start":{"line":42,"column":19},"end":{"line":50,"column":5}},"6":{"start":{"line":51,"column":4},"end":{"line":51,"column":41}},"7":{"start":{"line":54,"column":4},"end":{"line":54,"column":38}},"8":{"start":{"line":55,"column":4},"end":{"line":55,"column":28}}},"fnMap":{"0":{"name":"validateComment","decl":{"start":{"line":41,"column":9},"end":{"line":41,"column":24}},"loc":{"start":{"line":41,"column":34},"end":{"line":52,"column":5}},"line":41}},"branchMap":{},"s":{"0":1,"1":1,"2":1,"3":1,"4":1,"5":6,"6":6,"7":1,"8":1},"f":{"0":6},"b":{},"_coverageSchema":"43e27e138ebf9cfc5966b082cf9a028302ed4184","hash":"5b8a32e5607881030c1974b03ec5ff682f28c112","contentHash":"27a96f5dca899f61d1403d42a6a35e44419d9a9bb1553392084048e8bed02272"},"C:\\Users\\samer\\Desktop\\Repo\\Geeksreads-Backend\\Software Engineering\\models\\Author.model.js":{"path":"C:\\Users\\samer\\Desktop\\Repo\\Geeksreads-Backend\\Software Engineering\\models\\Author.model.js","statementMap":{"0":{"start":{"line":1,"column":17},"end":{"line":1,"column":36}},"1":{"start":{"line":2,"column":0},"end":{"line":2,"column":42}},"2":{"start":{"line":3,"column":19},"end":{"line":28,"column":6}},"3":{"start":{"line":29,"column":0},"end":{"line":29,"column":49}},"4":{"start":{"line":30,"column":0},"end":{"line":30,"column":26}}},"fnMap":{},"branchMap":{},"s":{"0":1,"1":1,"2":1,"3":1,"4":1},"f":{},"b":{},"_coverageSchema":"43e27e138ebf9cfc5966b082cf9a028302ed4184","hash":"150e87b02feface1ac47c5f50751c627053647fd","contentHash":"227cb1bcf8f9ec9e3f97ba317bfe30143cfdf14157a98c63a036e9e3c8529636"},"C:\\Users\\samer\\Desktop\\Repo\\Geeksreads-Backend\\Software Engineering\\routes\\Authors.js":{"path":"C:\\Users\\samer\\Desktop\\Repo\\Geeksreads-Backend\\Software Engineering\\routes\\Authors.js","statementMap":{"0":{"start":{"line":2,"column":17},"end":{"line":2,"column":36}},"1":{"start":{"line":3,"column":16},"end":{"line":3,"column":34}},"2":{"start":{"line":4,"column":15},"end":{"line":4,"column":31}},"3":{"start":{"line":5,"column":14},"end":{"line":5,"column":47}},"4":{"start":{"line":43,"column":0},"end":{"line":72,"column":8}},"5":{"start":{"line":53,"column":2},"end":{"line":72,"column":5}},"6":{"start":{"line":56,"column":6},"end":{"line":68,"column":8}},"7":{"start":{"line":59,"column":8},"end":{"line":61,"column":50}},"8":{"start":{"line":66,"column":7},"end":{"line":66,"column":33}},"9":{"start":{"line":109,"column":3},"end":{"line":138,"column":8}},"10":{"start":{"line":119,"column":4},"end":{"line":138,"column":5}},"11":{"start":{"line":122,"column":6},"end":{"line":134,"column":8}},"12":{"start":{"line":125,"column":8},"end":{"line":127,"column":48}},"13":{"start":{"line":132,"column":7},"end
[...]
type":"if","locations":[{"start":{"line":175,"column":11},"end":{"line":179,"column":12}},{"start":{"line":175,"column":11},"end":{"line":179,"column":12}}],"line":175},"22":{"loc":{"start":{"line":175,"column":15},"end":{"line":175,"column":24}},"type":"binary-expr","locations":[{"start":{"line":175,"column":15},"end":{"line":175,"column":19}},{"start":{"line":175,"column":21},"end":{"line":175,"column":24}}],"line":175},"23":{"loc":{"start":{"line":180,"column":11},"end":{"line":195,"column":13}},"type":"if","locations":[{"start":{"line":180,"column":11},"end":{"line":195,"column":13}},{"start":{"line":180,"column":11},"end":{"line":195,"column":13}}],"line":180},"24":{"loc":{"start":{"line":185,"column":16},"end":{"line":193,"column":17}},"type":"if","locations":[{"start":{"line":185,"column":16},"end":{"line":193,"column":17}},{"start":{"line":185,"column":16},"end":{"line":193,"column":17}}],"line":185}},"s":{"0":1,"1":1,"2":1,"3":1,"4":1,"5":1,"6":1,"7":1,"8":1,"9":1,"10":7,"11":1,"12":7,"13":1,"14":7,"15":6,"16":6,"17":2,"18":4,"19":4,"20":1,"21":3,"22":3,"23":1,"24":3,"25":2,"26":1,"27":1,"28":1,"29":1,"30":1,"31":1,"32":1,"33":1,"34":1,"35":0,"36":0,"37":1,"38":1,"39":6,"40":1,"41":5,"42":1,"43":4,"44":3,"45":3,"46":1,"47":2,"48":2,"49":1,"50":1,"51":1,"52":0,"53":1,"54":1,"55":1,"56":1,"57":0,"58":0,"59":1,"60":1},"f":{"0":7,"1":6,"2":3,"3":1,"4":1,"5":6,"6":3,"7":1,"8":1},"b":{"0":[1,6],"1":[7,6],"2":[1,6],"3":[7,6],"4":[6,1],"5":[2,4],"6":[6,4],"7":[1,3],"8":[1,2],"9":[2,1],"10":[1,0],"11":[1,0],"12":[1,0],"13":[1,5],"14":[6,5],"15":[1,4],"16":[5,4],"17":[3,1],"18":[1,2],"19":[3,2],"20":[1,1],"21":[0,1],"22":[1,1],"23":[1,0],"24":[1,0]},"_coverageSchema":"43e27e138ebf9cfc5966b082cf9a028302ed4184","hash":"694a2fef132638760b28d70629e36f9df44e4d82","contentHash":"51995a8e5dfed977656b5c5d72de8a6890cb76fbf65da2a8b161adccff28d384"},"C:\\Users\\samer\\Desktop\\Repo\\Geeksreads-Backend\\Software Engineering\\routes\\Books.js":{"path":"C:\\Users\\samer\\Desktop\\Repo\\Geeksreads-Backend\\Software Engineering\\routes\\Books.js","statementMap":{"0":{"start":{"line":1,"column":17},"end":{"line":1,"column":36}},"1":{"start":{"line":2,"column":16},"end":{"line":2,"column":34}},"2":{"start":{"line":3,"column":25},"end":{"line":3,"column":50}},"3":{"start":{"line":4,"column":14},"end":{"line":4,"column":47}},"4":{"start":{"line":5,"column":13},"end":{"line":5,"column":42}},"5":{"start":{"line":6,"column":12},"end":{"line":6,"column":26}},"6":{"start":{"line":7,"column":13},"end":{"line":7,"column":43}},"7":{"start":{"line":8,"column":15},"end":{"line":8,"column":31}},"8":{"start":{"line":54,"column":0},"end":{"line":91,"column":7}},"9":{"start":{"line":57,"column":13},"end":{"line":57,"column":27}},"10":{"start":{"line":59,"column":3},"end":{"line":91,"column":4}},"11":{"start":{"line":62,"column":5},"end":{"line":87,"column":7}},"12":{"start":{"line":64,"column":7},"end":{"line":66,"column":54}},"13":{"start":{"line":70,"column":9},"end":{"line":80,"column":12}},"14":{"start":{"line":73,"column":10},"end":{"line":73,"column":28}},"15":{"start":{"line":74,"column":23},"end":{"line":74,"column":64}},"16":{"start":{"line":75,"column":10},"end":{"line":75,"column":30}},"17":{"start":{"line":76,"column":10},"end":{"line":79,"column":9}},"18":{"start":{"line":77,"column":12},"end":{"line":77,"column":54}},"19":{"start":{"line":85,"column":6},"end":{"line":85,"column":32}},"20":{"start":{"line":142,"column":0},"end":{"line":200,"column":6}},"21":{"start":{"line":143,"column":2},"end":{"line":200,"column":3}},"22":{"start":{"line":145,"column":4},"end":{"line":196,"column":6}},"23":{"start":{"line":148,"column":6},"end":{"line":185,"column":10}},"24":{"start":{"line":150,"column":10},"end":{"line":184,"column":12}},"25":{"start":{"line":153,"column":12},"end":{"line":173,"column":16}},"26":{"start":{"line":155,"column":16},"end":{"line":171,"column":17}},"27":{"start":{"line":157,"column":18},"end":{"line":159,"column":94}},"28":{"start":{"line":161,"column":21},"end":{"line":171,"column":17}},"29":{"start":{"line":163,"column":18},"end":{"line":165,"column":64}},"30":{"start":{"line":170,"column":18},"end":{"line":170,"column":44}},"31":{"start":{"line":175,"column":16},"end":{"line":184,"column":12}},"32":{"start":{"line":177,"column":12},"end":{"line":179,"column":59}},"33":{"start":{"line":183,"column":12},"end":{"line":183,"column":38}},"34":{"start":{"line":187,"column":10},"end":{"line":196,"column":6}},"35":{"start":{"line":189,"column":6},"end":{"line":191,"column":53}},"36":{"start":{"line":195,"column":6},"end":{"line":195,"column":32}},"37":{"start":{"line":234,"column":0},"end":{"line":271,"column":6}},"38":{"start":{"line":237,"column":2},"end":{"line":271,"column":3}},"39":{"start":{"line":240,"column":4},"end":{"line":267,"column":6}},"40":{"start":{"line":242,"column":6},"end":{"line":244,"column":46}},"41":{"start":{"line":248,"column":7},"end":{"line":248,"column":29}},"42":{"start":{"line":249,"column":7},"end":{"line":266,"column":9}},"43":{"start":{"line":252,"column":10},"end":{"line":262,"column":12}},"44":{"start":{"line":254,"column":12},"end":{"line":256,"column":50}},"45":{"start":{"line":260,"column":11},"end":{"line":260,"column":37}},"46":{"start":{"line":306,"column":0},"end":{"line":343,"column":6}},"47":{"start":{"line":309,"column":2},"end":{"line":343,"column":3}},"48":{"start":{"line":312,"column":4},"end":{"line":339,"column":6}},"49":{"start":{"line":314,"column":6},"end":{"line":316,"column":47}},"50":{"start":{"line":320,"column":7},"end":{"line":320,"column":29}},"51":{"start":{"line":321,"column":7},"end":{"line":338,"column":9}},"52":{"start":{"line":324,"column":10},"end":{"line":334,"column":12}},"53":{"start":{"line":326,"column":12},"end":{"line":328,"column":50}},"54":{"start":{"line":332,"column":11},"end":{"line":332,"column":37}},"55":{"start":{"line":369,"column":0},"end":{"line":389,"column":7}},"56":{"start":{"line":372,"column":3},"end":{"line":389,"column":4}},"57":{"start":{"line":375,"column":5},"end":{"line":385,"column":7}},"58":{"start":{"line":377,"column":7},"end":{"line":379,"column":47}},"59":{"start":{"line":383,"column":6},"end":{"line":383,"column":39}},"60":{"start":{"line":456,"column":0},"end":{"line":478,"column":5}},"61":{"start":{"line":460,"column":2},"end":{"line":475,"column":62}},"62":{"start":{"line":464,"column":4},"end":{"line":474,"column":6}},"63":{"start":{"line":466,"column":6},"end":{"line":468,"column":57}},"64":{"start":{"line":472,"column":5},"end":{"line":472,"column":35}},"65":{"start":{"line":475,"column":20},"end":{"line":475,"column":60}},"66":{"start":{"line":482,"column":0},"end":{"line":482,"column":24}}},"fnMap":{"0":{"name":"(anonymous_0)","decl":{"start":{"line":54,"column":19},"end":{"line":54,"column":20}},"loc":{"start":{"line":54,"column":38},"end":{"line":91,"column":5}},"line":54},"1":{"name":"(anonymous_1)","decl":{"start":{"line":60,"column":3},"end":{"line":60,"column":4}},"loc":{"start":{"line":60,"column":21},"end":{"line":88,"column":6}},"line":60},"2":{"name":"(anonymous_2)","decl":{"start":{"line":70,"column":35},"end":{"line":70,"column":36}},"loc":{"start":{"line":71,"column":9},"end":{"line":80,"column":10}},"line":71},"3":{"name":"(anonymous_3)","decl":{"start":{"line":142,"column":22},"end":{"line":142,"column":23}},"loc":{"start":{"line":142,"column":41},"end":{"line":200,"column":4}},"line":142},"4":{"name":"(anonymous_4)","decl":{"start":{"line":143,"column":43},"end":{"line":143,"column":44}},"loc":{"start":{"line":143,"column":55},"end":{"line":197,"column":5}},"line":143},"5":{"name":"(anonymous_5)","decl":{"start":{"line":149,"column":8},"end":{"line":149,"column":9}},"loc":{"start":{"line":149,"column":20},"end":{"line":185,"column":9}},"line":149},"6":{"name":"(anonymous_6)","decl":{"start":{"line":154,"column":14},"end":{"line":154,"column":15}},"loc":{"start":{"line":154,"column":26},"end":{"line":173,"column":15}},"line":154},"7":{"name":"(anonymous_7)","decl":{"start":{"line":234,"column":28},"end":{"line":234,"column":29}},"loc":{"start":{"line":234,"column":47},"end":{"line":271,"column":4}},"line":234},"8":{"name":"(anonymous_8)","decl":{"start":{"line":238,"column":2},"end":{"line":238,"column":3}},"loc":{"start":{"line":238,"column":14},"end":{"line":268,"column":5}},"line":238},"9":{"name":"(anonymous_9)","decl":{"start":{"line":250,"column":8},"end":{"line":250,"column":9}},"loc":{"start":{"line":250,"column":20},"end":{"line":263,"column":11}},"line":250},"10":{"name":"(anonymous_10)","decl":{"start":{"line":306,"column":29},"end":{"line":306,"column":30}},"loc":{"start":{"line":306,"column":48},"end":{"line":343,"column":4}},"line":306},"11":{"name":"(anonymous_11)","decl":{"start":{"line":310,"column":2},"end":{"line":310,"column":3}},"loc":{"start":{"line":310,"column":14},"end":{"line":340,"column":5}},"line":310},"12":{"name":"(anonymous_12)","decl":{"start":{"line":322,"column":8},"end":{"line":322,"column":9}},"loc":{"start":{"line":322,"column":20},"end":{"line":335,"column":11}},"line":322},"13":{"name":"(anonymous_13)","decl":{"start":{"line":369,"column":22},"end":{"line":369,"column":23}},"loc":{"start":{"line":369,"column":41},"end":{"line":389,"column":5}},"line":369},"14":{"name":"(anonymous_14)","decl":{"start":{"line":373,"column":3},"end":{"line":373,"column":4}},"loc":{"start":{"line":373,"column":15},"end":{"line":386,"column":6}},"line":373},"15":{"name":"(anonymous_15)","decl":{"start":{"line":456,"column":21},"end":{"line":456,"column":22}},"loc":{"start":{"line":456,"column":40},"end":{"line":478,"column":3}},"line":456},"16":{"name":"(anonymous_16)","decl":{"start":{"line":461,"column":3},"end":{"line":461,"column":4}},"loc":{"start":{"line":461,"column":13},"end":{"line":475,"column":5}},"line":461},"17":{"name":"(anonymous_17)","decl":{"start":{"line":475,"column":13},"end":{"line":475,"column":14}},"loc":{"start":{"line":475,"column":20},"end":{"line":475,"column":60}},"line":475}},"branchMap":{"0":{"loc":{"start":{"line":62,"column":5},"end":{"line":87,"column":7}},"type":"if","locations":[{"start":{"line":62,"column":5},"end":{"line":87,"column":7}},{"start":{"line":62,"column":5},"end":{"line":87,"column":7}}],"line":62},"1":{"loc":{"start":{"line":62,"column":8},"end":{"line":62,"column":19}},"type":"binary-expr","locations":[{"start":{"line":62,"column":8},"end":{"line":62,"column":12}},{"start":{"line":62,"column":16},"end":{"line":62,"column":19}}],"line":62},"2":{"loc":{"start":{"line":76,"column":10},"end":{"line":79,"column":9}},"type":"if","locations":[{"start":{"line":76,"column":10},"end":{"line":79,"column":9}},{"start":{"line":76,"column":10},"end":{"line":79,"column":9}}],"line":76},"3":{"loc":{"start":{"line":145,"column":4},"end":{"line":196,"column":6}},"type":"if","locations":[{"start":{"line":145,"column":4},"end":{"line":196,"column":6}},{"start":{"line":145,"column":4},"end":{"line":196,"column":6}}],"line":145},"4":{"loc":{"start":{"line":145,"column":7},"end":{"line":145,"column":28}},"type":"binary-expr","locations":[{"start":{"line":145,"column":7},"end":{"line":145,"column":11}},{"start":{"line":145,"column":14},"end":{"line":145,"column":28}}],"line":145},"5":{"loc":{"start":{"line":150,"column":10},"end":{"line":184,"column":12}},"type":"if","locations":[{"start":{"line":150,"column":10},"end":{"line":184,"column":12}},{"start":{"line":150,"column":10},"end":{"line":184,"column":12}}],"line":150},"6":{"loc":{"start":{"line":150,"column":13},"end":{"line":150,"column":34}},"type":"binary-expr","locations":[{"start":{"line":150,"column":13},"end":{"line":150,"column":17}},{"start":{"line":150,"column":20},"end":{"line":150,"column":34}}],"line":150},"7":{"loc":{"start":{"line":155,"column":16},"end":{"line":171,"column":17}},"type":"if","locations":[{"start":{"line":155,"column":16},"end":{"line":171,"column":17}},{"start":{"line":155,"column":16},"end":{"line":171,"column":17}}],"line":155},"8":{"loc":{"start":{"line":155,"column":19},"end":{"line":155,"column":40}},"type":"binary-expr","locations":[{"start":{"line":155,"column":19},"end":{"line":155,"column":23}},{"start":{"line":155,"column":26},"end":{"line":155,"column":40}}],"line":155},"9":{"loc":{"start":{"line":161,"column":21},"end":{"line":171,"column":17}},"type":"if","locations":[{"start":{"line":161,"column":21},"end":{"line":171,"column":17}},{"start":{"line":161,"column":21},"end":{"line":171,"column":17}}],"line":161},"10":{"loc":{"start":{"line":175,"column":16},"end":{"line":184,"column":12}},"type":"if","locations":[{"start":{"line":175,"column":16},"end":{"line":184,"column":12}},{"start":{"line":175,"column":16},"end":{"line":184,"column":12}}],"line":175},"11":{"loc":{"start":{"line":187,"column":10},"end":{"line":196,"column":6}},"type":"if","locations":[{"start":{"line":187,"column":10},"end":{"line":196,"column":6}},{"start":{"line":187,"column":10},"end":{"line":196,"column":6}}],"line":187},"12":{"loc":{"start":{"line":240,"column":4},"end":{"line":267,"column":6}},"type":"if","locations":[{"start":{"line":240,"column":4},"end":{"line":267,"column":6}},{"start":{"line":240,"column":4},"end":{"line":267,"column":6}}],"line":240},"13":{"loc":{"start":{"line":240,"column":7},"end":{"line":240,"column":18}},"type":"binary-expr","locations":[{"start":{"line":240,"column":7},"end":{"line":240,"column":11}},{"start":{"line":240,"column":15},"end":{"line":240,"column":18}}],"line":240},"14":{"loc":{"start":{"line":252,"column":10},"end":{"line":262,"column":12}},"type":"if","locations":[{"start":{"line":252,"column":10},"end":{"line":262,"column":12}},{"start":{"line":252,"column":10},"end":{"line":262,"column":12}}],"line":252},"15":{"loc":{"start":{"line":252,"column":13},"end":{"line":252,"column":24}},"type":"binary-expr","locations":[{"start":{"line":252,"column":13},"end":{"line":252,"column":17}},{"start":{"line":252,"column":21},"end":{"line":252,"column":24}}],"line":252},"16":{"loc":{"start":{"line":312,"column":4},"end":{"line":339,"column":6}},"type":"if","locations":[{"start":{"line":312,"column":4},"end":{"line":339,"column":6}},{"start":{"line":312,"column":4},"end":{"line":339,"column":6}}],"line":312},"17":{"loc":{"start":{"line":312,"column":7},"end":{"line":312,"column":18}},"type":"binary-expr","locations":[{"start":{"line":312,"column":7},"end":{"line":312,"column":11}},{"start":{"line":312,"column":15},"end":{"line":312,"column":18}}],"line":312},"18":{"loc":{"start":{"line":324,"column":10},"end":{"line":334,"column":12}},"type":"if","locations":[{"start":{"line":324,"column":10},"end":{"line":334,"column":12}},{"start":{"line":324,"column":10},"end":{"line":334,"column":12}}],"line":324},"19":{"loc":{"start":{"line":324,"column":13},"end":{"line":324,"column":24}},"type":"binary-expr","locations":[{"start":{"line":324,"column":13},"end":{"line":324,"column":17}},{"start":{"line":324,"column":21},"end":{"line":324,"column":24}}],"line":324},"20":{"loc":{"start":{"line":375,"column":5},"end":{"line":385,"column":7}},"type":"if","locations":[{"start":{"line":375,"column":5},"end":{"line":385,"column":7}},{"start":{"line":375,"column":5},"end":{"line":385,"column":7}}],"line":375},"21":{"loc":{"start":{"line":375,"column":8},"end":{"line":375,"column":19}},"type":"binary-expr","locations":[{"start":{"line":375,"column":8},"end":{"line":375,"column":12}},{"start":{"line":375,"column":16},"end":{"line":375,"column":19}}],"line":375},"22":{"loc":{"start":{"line":464,"column":4},"end":{"line":474,"column":6}},"type":"if","locations":[{"start":{"line":464,"column":4},"end":{"line":474,"column":6}},{"start":{"line":464,"column":4},"end":{"line":474,"column":6}}],"line":464}},"s":{"0":1,"1":1,"2":1,"3":1,"4":1,"5":1,"6":1,"7":1,"8":1,"9":2,"10":2,"11":2,"12":1,"13":1,"14":1,"15":1,"16":0,"17":0,"18":0,"19":1,"20":1,"21":4,"22":4,"23":3,"24":3,"25":2,"26":2,"27":1,"28":1,"29":0,"30":1,"31":1,"32":0,"33":1,"34":1,"35":0,"36":1,"37":1,"38":2,"39":2,"40":1,"41":1,"42":1,"43":1,"44":0,"45":1,"46":1,"47":2,"48":2,"49":1,"50":1,"51":1,"52":1,"53":0,"54":1,"55":1,"56":2,"57":2,"58":1,"59":1,"60":1,"61":2,"62":2,"63":1,"64":1,"65":0,"66":1},"f":{"0":2,"1":2,"2":1,"3":4,"4":4,"5":3,"6":2,"7":2,"8":2,"9":1,"10":2,"11":2,"12":1,"13":2,"14":2,"15":2,"16":2,"17":0},"b":{"0":[1,1],"1":[2,1],"2":[0,0],"3":[3,1],"4":[4,4],"5":[2,1],"6":[3,3],"7":[1,1],"8":[2,2],"9":[0,1],"10":[0,1],"11":[0,1],"12":[1,1],"13":[2,1],"14":[0,1],"15":[1,1],"16":[1,1],"17":[2,1],"18":[0,1],"19":[1,1],"20":[1,1],"21":[2,1],"22":[1,1]},"_coverageSchema":"43e27e138ebf9cfc5966b082cf9a028302ed4184","hash":"1195ad302bb19233dba48fc781f1c4a46e652d37","contentHash":"17cd122ef848d1e850f6cf7acc6d5834c69fe6abef1326e6854336bd297b7adb"},"C:\\Users\\samer\\Desktop\\Repo\\Geeksreads-Backend\\Software Engineering\\routes\\Search.js":{"path":"C:\\Users\\samer\\Desktop\\Repo\\Geeksreads-Backend\\Software Engineering\\routes\\Search.js","statementMap":{"0":{"start":{"line":2,"column":14},"end":{"line":2,"column":32}},"1":{"start":{"line":3,"column":13},"end":{"line":3,"column":29}},"2":{"start":{"line":4,"column":17},"end":{"line":4,"column":36}},"3":{"start":{"line":5,"column":13},"end":{"line":5,"column":43}},"4":{"start":{"line":6,"column":12},"end":{"line":6,"column":26}},"5":{"start":{"line":7,"column":25},"end":{"line":7,"column":50}},"6":{"start":{"line":8,"column":14},"end":{"line":8,"column":47}},"7":{"start":{"line":9,"column":15},"end":{"line":9,"column":31}},"8":{"start":{"line":16,"column":0},"end":{"line":47,"column":2}},"9":{"start":{"line":17,"column":2},"end":{"line":17,"column":17}},"10":{"start":{"line":18,"column":4},"end":{"line":21,"column":52}},"11":{"start":{"line":19,"column":4},"end":{"line":21,"column":52}},"12":{"start":{"line":22,"column":4},"end":{"line":31,"column":9}},"13":{"start":{"line":29,"column":12},"end":{"line":29,"column":30}},"14":{"start":{"line":32,"column":5},"end":{"line":39,"column":5}},"15":{"start":{"line":37,"column":10},"end":{"line":37,"column":28}},"16":{"start":{"line":40,"column":3},"end":{"line":43,"column":4}},"17":{"start":{"line":42,"column":5},"end":{"line":42,"column":46}},"18":{"start":{"line":44,"column":3},"end":{"line":44,"column":32}},"19":{"start":{"line":50,"column":10},"end":{"line":50,"column":34}}},"fnMap":{"0":{"name":"(anonymous_0)","decl":{"start":{"line":16,"column":16},"end":{"line":16,"column":17}},"loc":{"start":{"line":16,"column":35},"end":{"line":47,"column":1}},"line":16},"1":{"name":"(anonymous_1)","decl":{"start":{"line":22,"column":86},"end":{"line":22,"column":87}},"loc":{"start":{"line":22,"column":105},"end":{"line":31,"column":6}},"line":22},"2":{"name":"(anonymous_2)","decl":{"start":{"line":32,"column":93},"end":{"line":32,"column":94}},"loc":{"start":{"line":32,"column":112},"end":{"line":38,"column":4}},"line":32}},"branchMap":{"0":{"loc":{"start":{"line":18,"column":4},"end":{"line":21,"column":52}},"type":"if","locations":[{"start":{"line":18,"column":4},"end":{"line":21,"column":52}},{"start":{"line":18,"column":4},"end":{"line":21,"column":52}}],"line":18},"1":{"loc":{"start":{"line":40,"column":3},"end":{"line":43,"column":4}},"type":"if","locations":[{"start":{"line":40,"column":3},"end":{"line":43,"column":4}},{"start":{"line":40,"column":3},"end":{"line":43,"column":4}}],"line":40},"2":{"loc":{"start":{"line":40,"column":6},"end":{"line":40,"column":48}},"type":"binary-expr","locations":[{"start":{"line":40,"column":6},"end":{"line":40,"column":25}},{"start":{"line":40,"column":29},"end":{"line":40,"column":48}}],"line":40}},"s":{"0":1,"1":1,"2":1,"3":1,"4":1,"5":1,"6":1,"7":1,"8":1,"9":2,"10":2,"11":0,"12":2,"13":2,"14":2,"15":2,"16":2,"17":1,"18":1,"19":1},"f":{"0":2,"1":2,"2":2},"b":{"0":[0,2],"1":[1,1],"2":[2,2]},"_coverageSchema":"43e27e138ebf9cfc5966b082cf9a028302ed4184","hash":"060e5b51be755d1e3de29a5cea4bfc0d4be54e43","contentHash":"7ce9dd369ef3e806c85ebd624b3677a00ec03356ae790e022c908951a41abab9"}}