{"C:\\Users\\mh306\\Documents\\GitHub\\Geeksreads-Backend Final\\Software Engineering\\DB.js":{"path":"C:\\Users\\mh306\\Documents\\GitHub\\Geeksreads-Backend Final\\Software Engineering\\DB.js","statementMap":{"0":{"start":{"line":2,"column":15},"end":{"line":2,"column":32}},"1":{"start":{"line":3,"column":12},"end":{"line":3,"column":35}},"2":{"start":{"line":4,"column":12},"end":{"line":4,"column":26}},"3":{"start":{"line":5,"column":0},"end":{"line":5,"column":44}},"4":{"start":{"line":6,"column":17},"end":{"line":6,"column":36}},"5":{"start":{"line":7,"column":16},"end":{"line":7,"column":34}},"6":{"start":{"line":9,"column":0},"end":{"line":9,"column":36}},"7":{"start":{"line":11,"column":14},"end":{"line":11,"column":39}},"8":{"start":{"line":12,"column":16},"end":{"line":12,"column":43}},"9":{"start":{"line":13,"column":13},"end":{"line":13,"column":37}},"10":{"start":{"line":14,"column":17},"end":{"line":14,"column":45}},"11":{"start":{"line":15,"column":17},"end":{"line":15,"column":55}},"12":{"start":{"line":16,"column":15},"end":{"line":16,"column":52}},"13":{"start":{"line":17,"column":17},"end":{"line":17,"column":46}},"14":{"start":{"line":18,"column":14},"end":{"line":18,"column":39}},"15":{"start":{"line":19,"column":15},"end":{"line":19,"column":41}},"16":{"start":{"line":20,"column":12},"end":{"line":20,"column":21}},"17":{"start":{"line":29,"column":0},"end":{"line":31,"column":36}},"18":{"start":{"line":30,"column":14},"end":{"line":30,"column":52}},"19":{"start":{"line":31,"column":16},"end":{"line":31,"column":34}},"20":{"start":{"line":33,"column":0},"end":{"line":33,"column":24}},"21":{"start":{"line":36,"column":0},"end":{"line":36,"column":29}},"22":{"start":{"line":37,"column":0},"end":{"line":37,"column":32}},"23":{"start":{"line":38,"column":0},"end":{"line":38,"column":27}},"24":{"start":{"line":39,"column":0},"end":{"line":39,"column":37}},"25":{"start":{"line":40,"column":0},"end":{"line":40,"column":35}},"26":{"start":{"line":41,"column":0},"end":{"line":41,"column":31}},"27":{"start":{"line":42,"column":0},"end":{"line":42,"column":36}},"28":{"start":{"line":43,"column":0},"end":{"line":43,"column":28}},"29":{"start":{"line":44,"column":0},"end":{"line":44,"column":31}},"30":{"start":{"line":46,"column":13},"end":{"line":46,"column":37}},"31":{"start":{"line":47,"column":0},"end":{"line":47,"column":68}},"32":{"start":{"line":47,"column":23},"end":{"line":47,"column":66}},"33":{"start":{"line":50,"column":0},"end":{"line":50,"column":24}}},"fnMap":{"0":{"name":"(anonymous_0)","decl":{"start":{"line":30,"column":8},"end":{"line":30,"column":9}},"loc":{"start":{"line":30,"column":14},"end":{"line":30,"column":52}},"line":30},"1":{"name":"(anonymous_1)","decl":{"start":{"line":31,"column":9},"end":{"line":31,"column":10}},"loc":{"start":{"line":31,"column":16},"end":{"line":31,"column":34}},"line":31},"2":{"name":"(anonymous_2)","decl":{"start":{"line":47,"column":17},"end":{"line":47,"column":18}},"loc":{"start":{"line":47,"column":23},"end":{"line":47,"column":66}},"line":47}},"branchMap":{"0":{"loc":{"start":{"line":46,"column":13},"end":{"line":46,"column":37}},"type":"binary-expr","locations":[{"start":{"line":46,"column":13},"end":{"line":46,"column":29}},{"start":{"line":46,"column":33},"end":{"line":46,"column":37}}],"line":46}},"s":{"0":1,"1":1,"2":1,"3":1,"4":1,"5":1,"6":1,"7":1,"8":1,"9":1,"10":1,"11":1,"12":1,"13":1,"14":1,"15":1,"16":1,"17":1,"18":1,"19":0,"20":1,"21":1,"22":1,"23":1,"24":1,"25":1,"26":1,"27":1,"28":1,"29":1,"30":1,"31":1,"32":1,"33":1},"f":{"0":1,"1":0,"2":1},"b":{"0":[1,1]},"_coverageSchema":"43e27e138ebf9cfc5966b082cf9a028302ed4184","hash":"1c30659b2f1532e4e4018bacfba955b809ad35fd","contentHash":"86d7793511870b7da690dba59b6886db002b0d835fea603c1832170bdf02a369"},"C:\\Users\\mh306\\Documents\\GitHub\\Geeksreads-Backend Final\\Software Engineering\\models\\resources.model.js":{"path":"C:\\Users\\mh306\\Documents\\GitHub\\Geeksreads-Backend Final\\Software Engineering\\models\\resources.model.js","statementMap":{"0":{"start":{"line":1,"column":17},"end":{"line":1,"column":36}},"1":{"start":{"line":2,"column":0},"end":{"line":2,"column":42}},"2":{"start":{"line":3,"column":22},"end":{"line":22,"column":2}},"3":{"start":{"line":23,"column":0},"end":{"line":23,"column":56}},"4":{"start":{"line":24,"column":0},"end":{"line":24,"column":29}}},"fnMap":{},"branchMap":{},"s":{"0":1,"1":1,"2":1,"3":1,"4":1},"f":{},"b":{},"_coverageSchema":"43e27e138ebf9cfc5966b082cf9a028302ed4184","hash":"90f3ca7ebc517d6d95dc95239a41533d6dcb8aaa","contentHash":"8a5e45a62da8aab99ae677193acdf48a16e16883997dd27f1cf2479156d6c70e"},"C:\\Users\\mh306\\Documents\\GitHub\\Geeksreads-Backend Final\\Software Engineering\\routes\\Users.js":{"path":"C:\\Users\\mh306\\Documents\\GitHub\\Geeksreads-Backend Final\\Software Engineering\\routes\\Users.js","statementMap":{"0":{"start":{"line":1,"column":15},"end":{"line":1,"column":32}},"1":{"start":{"line":2,"column":19},"end":{"line":2,"column":42}},"2":{"start":{"line":3,"column":15},"end":{"line":3,"column":32}},"3":{"start":{"line":4,"column":13},"end":{"line":4,"column":42}},"4":{"start":{"line":5,"column":12},"end":{"line":5,"column":35}},"5":{"start":{"line":7,"column":15},"end":{"line":7,"column":32}},"6":{"start":{"line":8,"column":10},"end":{"line":8,"column":27}},"7":{"start":{"line":9,"column":94},"end":{"line":9,"column":119}},"8":{"start":{"line":10,"column":40},"end":{"line":10,"column":74}},"9":{"start":{"line":11,"column":17},"end":{"line":11,"column":36}},"10":{"start":{"line":12,"column":19},"end":{"line":12,"column":40}},"11":{"start":{"line":14,"column":16},"end":{"line":14,"column":34}},"12":{"start":{"line":15,"column":15},"end":{"line":15,"column":31}},"13":{"start":{"line":16,"column":14},"end":{"line":16,"column":47}},"14":{"start":{"line":49,"column":0},"end":{"line":77,"column":3}},"15":{"start":{"line":50,"column":20},"end":{"line":50,"column":42}},"16":{"start":{"line":51,"column":2},"end":{"line":51,"column":81}},"17":{"start":{"line":51,"column":13},"end":{"line":51,"column":81}},"18":{"start":{"line":52,"column":13},"end":{"line":52,"column":80}},"19":{"start":{"line":53,"column":2},"end":{"line":53,"column":77}},"20":{"start":{"line":53,"column":13},"end":{"line":53,"column":77}},"21":{"start":{"line":54,"column":16},"end":{"line":54,"column":120}},"22":{"start":{"line":55,"column":18},"end":{"line":63,"column":8}},"23":{"start":{"line":64,"column":20},"end":{"line":68,"column":227}},"24":{"start":{"line":69,"column":11},"end":{"line":69,"column":50}},"25":{"start":{"line":70,"column":0},"end":{"line":76,"column":3}},"26":{"start":{"line":71,"column":10},"end":{"line":73,"column":11}},"27":{"start":{"line":72,"column":14},"end":{"line":72,"column":40}},"28":{"start":{"line":74,"column":0},"end":{"line":74,"column":137}},"29":{"start":{"line":106,"column":0},"end":{"line":121,"column":3}},"30":{"start":{"line":108,"column":14},"end":{"line":108,"column":67}},"31":{"start":{"line":109,"column":2},"end":{"line":109,"column":78}},"32":{"start":{"line":109,"column":14},"end":{"line":109,"column":78}},"33":{"start":{"line":110,"column":15},"end":{"line":110,"column":91}},"34":{"start":{"line":111,"column":20},"end":{"line":111,"column":53}},"35":{"start":{"line":112,"column":2},"end":{"line":112,"column":81}},"36":{"start":{"line":112,"column":13},"end":{"line":112,"column":81}},"37":{"start":{"line":114,"column":13},"end":{"line":114,"column":37}},"38":{"start":{"line":115,"column":0},"end":{"line":115,"column":70}},"39":{"start":{"line":116,"column":0},"end":{"line":116,"column":18}},"40":{"start":{"line":117,"column":0},"end":{"line":119,"column":3}},"41":{"start":{"line":156,"column":0},"end":{"line":164,"column":3}},"42":{"start":{"line":158,"column":14},"end":{"line":158,"column":58}},"43":{"start":{"line":159,"column":2},"end":{"line":159,"column":78}},"44":{"start":{"line":159,"column":14},"end":{"line":159,"column":78}},"45":{"start":{"line":160,"column":2},"end":{"line":162,"column":5}},"46":{"start":{"line":223,"column":1},"end":{"line":240,"column":4}},"47":{"start":{"line":224,"column":15},"end":{"line":224,"column":59}},"48":{"start":{"line":225,"column":3},"end":{"line":225,"column":79}},"49":{"start":{"line":225,"column":15},"end":{"line":225,"column":79}},"50":{"start":{"line":226,"column":16},"end":{"line":226,"column":86}},"51":{"start":{"line":227,"column":3},"end":{"line":227,"column":110}},"52":{"start":{"line":227,"column":24},"end":{"line":227,"column":110}},"53":{"start":{"line":228,"column":24},"end":{"line":228,"column":51}},"54":{"start":{"line":229,"column":23},"end":{"line":229,"column":50}},"55":{"start":{"line":230,"column":14},"end":{"line":238,"column":4}},"56":{"start":{"line":239,"column":3},"end":{"line":239,"column":32}},"57":{"start":{"line":294,"column":0},"end":{"line":316,"column":3}},"58":{"start":{"line":295,"column":14},"end":{"line":295,"column":58}},"59":{"start":{"line":296,"column":2},"end":{"line":296,"column":78}},"60":{"start":{"line":296,"column":14},"end":{"line":296,"column":78}},"61":{"start":{"line":297,"column":22},"end":{"line":297,"column":106}},"62":{"start":{"line":298,"column":2},"end":{"line":298,"column":89}},"63":{"start":{"line":298,"column":20},"end":{"line":298,"column":89}},"64":{"start":{"line":299,"column":23},"end":{"line":299,"column":57}},"65":{"start":{"line":300,"column":22},"end":{"line":300,"column":56}},"66":{"start":{"line":302,"column":16},"end":{"line":302,"column":94}},"67":{"start":{"line":303,"column":2},"end":{"line":303,"column":25}},"68":{"start":{"line":303,"column":15},"end":{"line":303,"column":25}},"69":{"start":{"line":304,"column":2},"end":{"line":304,"column":26}},"70":{"start":{"line":304,"column":15},"end":{"line":304,"column":26}},"71":{"start":{"line":305,"column":13},"end":{"line":314,"column":3}},"72":{"start":{"line":315,"column":2},"end":{"line":315,"column":31}},"73":{"start":{"line":324,"column":0},"end":{"line":341,"column":2}},"74":{"start":{"line":326,"column":16},"end":{"line":326,"column":42}},"75":{"start":{"line":327,"column":2},"end":{"line":327,"column":67}},"76":{"start":{"line":327,"column":13},"end":{"line":327,"column":67}},"77":{"start":{"line":329,"column":18},"end":{"line":329,"column":28}},"78":{"start":{"line":331,"column":0},"end":{"line":339,"column":2}},"79":{"start":{"line":333,"column":2},"end":{"line":333,"column":56}},"80":{"start":{"line":333,"column":12},"end":{"line":333,"column":55}},"81":{"start":{"line":335,"column":7},"end":{"line":335,"column":71}},"82":{"start":{"line":335,"column":18},"end":{"line":335,"column":70}},"83":{"start":{"line":336,"column":7},"end":{"line":337,"column":35}},"84":{"start":{"line":337,"column":9},"end":{"line":337,"column":34}},"85":{"start":{"line":384,"column":0},"end":{"line":397,"column":3}},"86":{"start":{"line":386,"column":14},"end":{"line":386,"column":67}},"87":{"start":{"line":387,"column":2},"end":{"line":387,"column":78}},"88":{"start":{"line":387,"column":14},"end":{"line":387,"column":78}},"89":{"start":{"line":388,"column":15},"end":{"line":388,"column":91}},"90":{"start":{"line":390,"column":2},"end":{"line":390,"column":24}},"91":{"start":{"line":391,"column":2},"end":{"line":391,"column":14}},"92":{"start":{"line":394,"column":2},"end":{"line":396,"column":5}},"93":{"start":{"line":440,"column":0},"end":{"line":478,"column":3}},"94":{"start":{"line":441,"column":20},"end":{"line":441,"column":38}},"95":{"start":{"line":442,"column":2},"end":{"line":442,"column":81}},"96":{"start":{"line":442,"column":13},"end":{"line":442,"column":81}},"97":{"start":{"line":443,"column":13},"end":{"line":443,"column":80}},"98":{"start":{"line":444,"column":2},"end":{"line":444,"column":82}},"99":{"start":{"line":444,"column":12},"end":{"line":444,"column":82}},"100":{"start":{"line":446,"column":0},"end":{"line":450,"column":3}},"101":{"start":{"line":451,"column":13},"end":{"line":451,"column":37}},"102":{"start":{"line":452,"column":0},"end":{"line":452,"column":23}},"103":{"start":{"line":453,"column":0},"end":{"line":453,"column":63}},"104":{"start":{"line":454,"column":0},"end":{"line":454,"column":18}},"105":{"start":{"line":455,"column":14},"end":{"line":455,"column":99}},"106":{"start":{"line":456,"column":18},"end":{"line":464,"column":8}},"107":{"start":{"line":465,"column":20},"end":{"line":469,"column":133}},"108":{"start":{"line":470,"column":11},"end":{"line":470,"column":50}},"109":{"start":{"line":471,"column":0},"end":{"line":477,"column":3}},"110":{"start":{"line":472,"column":10},"end":{"line":474,"column":11}},"111":{"start":{"line":473,"column":14},"end":{"line":473,"column":40}},"112":{"start":{"line":475,"column":0},"end":{"line":475,"column":100}},"113":{"start":{"line":523,"column":2},"end":{"line":537,"column":5}},"114":{"start":{"line":524,"column":16},"end":{"line":524,"column":60}},"115":{"start":{"line":525,"column":4},"end":{"line":525,"column":80}},"116":{"start":{"line":525,"column":16},"end":{"line":525,"column":80}},"117":{"start":{"line":526,"column":22},"end":{"line":526,"column":51}},"118":{"start":{"line":527,"column":4},"end":{"line":527,"column":83}},"119":{"start":{"line":527,"column":15},"end":{"line":527,"column":83}},"120":{"start":{"line":528,"column":17},"end":{"line":528,"column":50}},"121":{"start":{"line":529,"column":26},"end":{"line":529,"column":91}},"122":{"start":{"line":530,"column":4},"end":{"line":530,"column":91}},"123":{"start":{"line":530,"column":24},"end":{"line":530,"column":91}},"124":{"start":{"line":531,"column":17},"end":{"line":531,"column":41}},"125":{"start":{"line":532,"column":4},"end":{"line":532,"column":74}},"126":{"start":{"line":533,"column":4},"end":{"line":533,"column":22}},"127":{"start":{"line":534,"column":4},"end":{"line":536,"column":7}},"128":{"start":{"line":584,"column":0},"end":{"line":602,"column":3}},"129":{"start":{"line":585,"column":14},"end":{"line":585,"column":58}},"130":{"start":{"line":586,"column":2},"end":{"line":586,"column":78}},"131":{"start":{"line":586,"column":14},"end":{"line":586,"column":78}},"132":{"start":{"line":587,"column":20},"end":{"line":587,"column":42}},"133":{"start":{"line":588,"column":2},"end":{"line":588,"column":81}},"134":{"start":{"line":588,"column":13},"end":{"line":588,"column":81}},"135":{"start":{"line":589,"column":15},"end":{"line":589,"column":72}},"136":{"start":{"line":590,"column":2},"end":{"line":595,"column":3}},"137":{"start":{"line":592,"column":17},"end":{"line":592,"column":56}},"138":{"start":{"line":593,"column":4},"end":{"line":593,"column":77}},"139":{"start":{"line":593,"column":18},"end":{"line":593,"column":77}},"140":{"start":{"line":594,"column":4},"end":{"line":594,"column":38}},"141":{"start":{"line":596,"column":2},"end":{"line":596,"column":70}},"142":{"start":{"line":596,"column":33},"end":{"line":596,"column":70}},"143":{"start":{"line":597,"column":2},"end":{"line":597,"column":85}},"144":{"start":{"line":597,"column":38},"end":{"line":597,"column":85}},"145":{"start":{"line":598,"column":2},"end":{"line":598,"column":20}},"146":{"start":{"line":599,"column":2},"end":{"line":601,"column":5}},"147":{"start":{"line":651,"column":1},"end":{"line":661,"column":4}},"148":{"start":{"line":652,"column":15},"end":{"line":652,"column":59}},"149":{"start":{"line":653,"column":3},"end":{"line":653,"column":79}},"150":{"start":{"line":653,"column":15},"end":{"line":653,"column":79}},"151":{"start":{"line":654,"column":15},"end":{"line":654,"column":81}},"152":{"start":{"line":655,"column":20},"end":{"line":655,"column":92}},"153":{"start":{"line":656,"column":18},"end":{"line":656,"column":87}},"154":{"start":{"line":657,"column":3},"end":{"line":657,"column":102}},"155":{"start":{"line":657,"column":40},"end":{"line":657,"column":102}},"156":{"start":{"line":658,"column":2},"end":{"line":660,"column":79}},"157":{"start":{"line":658,"column":12},"end":{"line":658,"column":56}},"158":{"start":{"line":659,"column":7},"end":{"line":660,"column":79}},"159":{"start":{"line":659,"column":24},"end":{"line":659,"column":76}},"160":{"start":{"line":660,"column":7},"end":{"line":660,"column":79}},"161":{"start":{"line":660,"column":21},"end":{"line":660,"column":78}},"162":{"start":{"line":713,"column":2},"end":{"line":729,"column":5}},"163":{"start":{"line":714,"column":16},"end":{"line":714,"column":60}},"164":{"start":{"line":715,"column":4},"end":{"line":715,"column":80}},"165":{"start":{"line":715,"column":16},"end":{"line":715,"column":80}},"166":{"start":{"line":716,"column":17},"end":{"line":716,"column":89}},"167":{"start":{"line":717,"column":19},"end":{"line":717,"column":35}},"168":{"start":{"line":718,"column":22},"end":{"line":718,"column":41}},"169":{"start":{"line":719,"column":25},"end":{"line":719,"column":47}},"170":{"start":{"line":720,"column":20},"end":{"line":727,"column":21}},"171":{"start":{"line":728,"column":4},"end":{"line":728,"column":33}},"172":{"start":{"line":768,"column":3},"end":{"line":782,"column":6}},"173":{"start":{"line":769,"column":17},"end":{"line":769,"column":61}},"174":{"start":{"line":770,"column":5},"end":{"line":770,"column":81}},"175":{"start":{"line":770,"column":17},"end":{"line":770,"column":81}},"176":{"start":{"line":771,"column":18},"end":{"line":771,"column":103}},"177":{"start":{"line":772,"column":5},"end":{"line":772,"column":85}},"178":{"start":{"line":772,"column":16},"end":{"line":772,"column":85}},"179":{"start":{"line":773,"column":20},"end":{"line":773,"column":36}},"180":{"start":{"line":774,"column":23},"end":{"line":774,"column":42}},"181":{"start":{"line":775,"column":26},"end":{"line":775,"column":48}},"182":{"start":{"line":776,"column":21},"end":{"line":780,"column":22}},"183":{"start":{"line":781,"column":5},"end":{"line":781,"column":34}},"184":{"start":{"line":863,"column":2},"end":{"line":936,"column":5}},"185":{"start":{"line":864,"column":16},"end":{"line":864,"column":60}},"186":{"start":{"line":865,"column":4},"end":{"line":865,"column":80}},"187":{"start":{"line":865,"column":16},"end":{"line":865,"column":80}},"188":{"start":{"line":868,"column":17},"end":{"line":868,"column":89}},"189":{"start":{"line":869,"column":17},"end":{"line":874,"column":18}},"190":{"start":{"line":875,"column":19},"end":{"line":875,"column":35}},"191":{"start":{"line":876,"column":22},"end":{"line":876,"column":41}},"192":{"start":{"line":877,"column":25},"end":{"line":877,"column":47}},"193":{"start":{"line":878,"column":4},"end":{"line":896,"column":5}},"194":{"start":{"line":878,"column":15},"end":{"line":878,"column":16}},"195":{"start":{"line":880,"column":20},"end":{"line":880,"column":96}},"196":{"start":{"line":882,"column":7},"end":{"line":894,"column":8}},"197":{"start":{"line":895,"column":7},"end":{"line":895,"column":38}},"198":{"start":{"line":897,"column":4},"end":{"line":915,"column":5}},"199":{"start":{"line":897,"column":15},"end":{"line":897,"column":16}},"200":{"start":{"line":899,"column":20},"end":{"line":899,"column":99}},"201":{"start":{"line":901,"column":7},"end":{"line":913,"column":8}},"202":{"start":{"line":914,"column":7},"end":{"line":914,"column":41}},"203":{"start":{"line":916,"column":4},"end":{"line":934,"column":5}},"204":{"start":{"line":916,"column":15},"end":{"line":916,"column":16}},"205":{"start":{"line":918,"column":20},"end":{"line":918,"column":102}},"206":{"start":{"line":920,"column":7},"end":{"line":932,"column":8}},"207":{"start":{"line":933,"column":7},"end":{"line":933,"column":44}},"208":{"start":{"line":935,"column":4},"end":{"line":935,"column":33}},"209":{"start":{"line":1015,"column":4},"end":{"line":1044,"column":7}},"210":{"start":{"line":1016,"column":18},"end":{"line":1016,"column":62}},"211":{"start":{"line":1017,"column":6},"end":{"line":1017,"column":82}},"212":{"start":{"line":1017,"column":18},"end":{"line":1017,"column":82}},"213":{"start":{"line":1018,"column":19},"end":{"line":1018,"column":102}},"214":{"start":{"line":1019,"column":6},"end":{"line":1019,"column":86}},"215":{"start":{"line":1019,"column":17},"end":{"line":1019,"column":86}},"216":{"start":{"line":1020,"column":19},"end":{"line":1022,"column":20}},"217":{"start":{"line":1023,"column":21},"end":{"line":1023,"column":37}},"218":{"start":{"line":1024,"column":6},"end":{"line":1042,"column":7}},"219":{"start":{"line":1024,"column":17},"end":{"line":1024,"column":18}},"220":{"start":{"line":1026,"column":22},"end":{"line":1026,"column":98}},"221":{"start":{"line":1028,"column":9},"end":{"line":1040,"column":10}},"222":{"start":{"line":1041,"column":9},"end":{"line":1041,"column":40}},"223":{"start":{"line":1043,"column":6},"end":{"line":1043,"column":35}},"224":{"start":{"line":1122,"column":6},"end":{"line":1151,"column":9}},"225":{"start":{"line":1123,"column":20},"end":{"line":1123,"column":64}},"226":{"start":{"line":1124,"column":8},"end":{"line":1124,"column":84}},"227":{"start":{"line":1124,"column":20},"end":{"line":1124,"column":84}},"228":{"start":{"line":1125,"column":21},"end":{"line":1125,"column":104}},"229":{"start":{"line":1126,"column":8},"end":{"line":1126,"column":88}},"230":{"start":{"line":1126,"column":19},"end":{"line":1126,"column":88}},"231":{"start":{"line":1127,"column":21},"end":{"line":1129,"column":22}},"232":{"start":{"line":1130,"column":26},"end":{"line":1130,"column":45}},"233":{"start":{"line":1131,"column":8},"end":{"line":1149,"column":9}},"234":{"start":{"line":1131,"column":19},"end":{"line":1131,"column":20}},"235":{"start":{"line":1133,"column":24},"end":{"line":1133,"column":103}},"236":{"start":{"line":1135,"column":11},"end":{"line":1147,"column":12}},"237":{"start":{"line":1148,"column":11},"end":{"line":1148,"column":45}},"238":{"start":{"line":1150,"column":8},"end":{"line":1150,"column":37}},"239":{"start":{"line":1230,"column":8},"end":{"line":1259,"column":11}},"240":{"start":{"line":1231,"column":22},"end":{"line":1231,"column":66}},"241":{"start":{"line":1232,"column":10},"end":{"line":1232,"column":86}},"242":{"start":{"line":1232,"column":22},"end":{"line":1232,"column":86}},"243":{"start":{"line":1233,"column":23},"end":{"line":1233,"column":106}},"244":{"start":{"line":1234,"column":10},"end":{"line":1234,"column":90}},"245":{"start":{"line":1234,"column":21},"end":{"line":1234,"column":90}},"246":{"start":{"line":1235,"column":23},"end":{"line":1237,"column":24}},"247":{"start":{"line":1238,"column":31},"end":{"line":1238,"column":53}},"248":{"start":{"line":1239,"column":10},"end":{"line":1257,"column":11}},"249":{"start":{"line":1239,"column":21},"end":{"line":1239,"column":22}},"250":{"start":{"line":1241,"column":26},"end":{"line":1241,"column":108}},"251":{"start":{"line":1243,"column":13},"end":{"line":1255,"column":14}},"252":{"start":{"line":1256,"column":13},"end":{"line":1256,"column":50}},"253":{"start":{"line":1258,"column":10},"end":{"line":1258,"column":39}},"254":{"start":{"line":1308,"column":3},"end":{"line":1327,"column":6}},"255":{"start":{"line":1309,"column":17},"end":{"line":1309,"column":61}},"256":{"start":{"line":1310,"column":5},"end":{"line":1310,"column":81}},"257":{"start":{"line":1310,"column":17},"end":{"line":1310,"column":81}},"258":{"start":{"line":1311,"column":5},"end":{"line":1312,"column":64}},"259":{"start":{"line":1312,"column":5},"end":{"line":1312,"column":64}},"260":{"start":{"line":1313,"column":18},"end":{"line":1313,"column":100}},"261":{"start":{"line":1314,"column":5},"end":{"line":1314,"column":79}},"262":{"start":{"line":1314,"column":15},"end":{"line":1314,"column":79}},"263":{"start":{"line":1315,"column":18},"end":{"line":1315,"column":84}},"264":{"start":{"line":1316,"column":21},"end":{"line":1316,"column":90}},"265":{"start":{"line":1317,"column":24},"end":{"line":1317,"column":96}},"266":{"start":{"line":1318,"column":5},"end":{"line":1318,"column":108}},"267":{"start":{"line":1318,"column":40},"end":{"line":1318,"column":108}},"268":{"start":{"line":1319,"column":18},"end":{"line":1319,"column":75}},"269":{"start":{"line":1320,"column":5},"end":{"line":1320,"column":70}},"270":{"start":{"line":1320,"column":38},"end":{"line":1320,"column":70}},"271":{"start":{"line":1321,"column":5},"end":{"line":1321,"column":76}},"272":{"start":{"line":1321,"column":41},"end":{"line":1321,"column":76}},"273":{"start":{"line":1322,"column":5},"end":{"line":1322,"column":82}},"274":{"start":{"line":1322,"column":44},"end":{"line":1322,"column":82}},"275":{"start":{"line":1323,"column":5},"end":{"line":1323,"column":23}},"276":{"start":{"line":1324,"column":5},"end":{"line":1326,"column":8}},"277":{"start":{"line":1359,"column":2},"end":{"line":1376,"column":5}},"278":{"start":{"line":1360,"column":16},"end":{"line":1360,"column":60}},"279":{"start":{"line":1361,"column":4},"end":{"line":1361,"column":80}},"280":{"start":{"line":1361,"column":16},"end":{"line":1361,"column":80}},"281":{"start":{"line":1362,"column":17},"end":{"line":1362,"column":99}},"282":{"start":{"line":1363,"column":4},"end":{"line":1363,"column":78}},"283":{"start":{"line":1363,"column":14},"end":{"line":1363,"column":78}},"284":{"start":{"line":1364,"column":17},"end":{"line":1364,"column":83}},"285":{"start":{"line":1365,"column":20},"end":{"line":1365,"column":89}},"286":{"start":{"line":1366,"column":23},"end":{"line":1366,"column":95}},"287":{"start":{"line":1367,"column":4},"end":{"line":1367,"column":115}},"288":{"start":{"line":1367,"column":41},"end":{"line":1367,"column":115}},"289":{"start":{"line":1368,"column":17},"end":{"line":1368,"column":74}},"290":{"start":{"line":1369,"column":4},"end":{"line":1369,"column":71}},"291":{"start":{"line":1369,"column":13},"end":{"line":1369,"column":71}},"292":{"start":{"line":1370,"column":4},"end":{"line":1370,"column":80}},"293":{"start":{"line":1370,"column":16},"end":{"line":1370,"column":80}},"294":{"start":{"line":1371,"column":4},"end":{"line":1371,"column":89}},"295":{"start":{"line":1371,"column":19},"end":{"line":1371,"column":89}},"296":{"start":{"line":1372,"column":4},"end":{"line":1372,"column":22}},"297":{"start":{"line":1373,"column":4},"end":{"line":1375,"column":7}},"298":{"start":{"line":1408,"column":3},"end":{"line":1422,"column":6}},"299":{"start":{"line":1409,"column":17},"end":{"line":1409,"column":61}},"300":{"start":{"line":1410,"column":5},"end":{"line":1410,"column":81}},"301":{"start":{"line":1410,"column":17},"end":{"line":1410,"column":81}},"302":{"start":{"line":1411,"column":18},"end":{"line":1411,"column":100}},"303":{"start":{"line":1412,"column":5},"end":{"line":1412,"column":79}},"304":{"start":{"line":1412,"column":15},"end":{"line":1412,"column":79}},"305":{"start":{"line":1413,"column":24},"end":{"line":1413,"column":96}},"306":{"start":{"line":1414,"column":5},"end":{"line":1414,"column":100}},"307":{"start":{"line":1414,"column":21},"end":{"line":1414,"column":100}},"308":{"start":{"line":1415,"column":18},"end":{"line":1415,"column":75}},"309":{"start":{"line":1416,"column":5},"end":{"line":1416,"column":75}},"310":{"start":{"line":1417,"column":5},"end":{"line":1417,"column":40}},"311":{"start":{"line":1418,"column":5},"end":{"line":1418,"column":23}},"312":{"start":{"line":1419,"column":5},"end":{"line":1421,"column":8}},"313":{"start":{"line":1455,"column":4},"end":{"line":1469,"column":7}},"314":{"start":{"line":1456,"column":18},"end":{"line":1456,"column":62}},"315":{"start":{"line":1457,"column":6},"end":{"line":1457,"column":82}},"316":{"start":{"line":1457,"column":18},"end":{"line":1457,"column":82}},"317":{"start":{"line":1458,"column":19},"end":{"line":1458,"column":101}},"318":{"start":{"line":1459,"column":6},"end":{"line":1459,"column":80}},"319":{"start":{"line":1459,"column":16},"end":{"line":1459,"column":80}},"320":{"start":{"line":1460,"column":22},"end":{"line":1460,"column":91}},"321":{"start":{"line":1461,"column":6},"end":{"line":1461,"column":95}},"322":{"start":{"line":1461,"column":19},"end":{"line":1461,"column":95}},"323":{"start":{"line":1462,"column":19},"end":{"line":1462,"column":76}},"324":{"start":{"line":1463,"column":6},"end":{"line":1463,"column":70}},"325":{"start":{"line":1464,"column":6},"end":{"line":1464,"column":38}},"326":{"start":{"line":1465,"column":6},"end":{"line":1465,"column":24}},"327":{"start":{"line":1466,"column":6},"end":{"line":1468,"column":9}},"328":{"start":{"line":1521,"column":0},"end":{"line":1609,"column":5}},"329":{"start":{"line":1530,"column":2},"end":{"line":1608,"column":6}},"330":{"start":{"line":1533,"column":6},"end":{"line":1606,"column":7}},"331":{"start":{"line":1534,"column":8},"end":{"line":1536,"column":55}},"332":{"start":{"line":1540,"column":9},"end":{"line":1605,"column":12}},"333":{"start":{"line":1543,"column":12},"end":{"line":1603,"column":13}},"334":{"start":{"line":1544,"column":14},"end":{"line":1546,"column":50}},"335":{"start":{"line":1550,"column":14},"end":{"line":1601,"column":14}},"336":{"start":{"line":1553,"column":14},"end":{"line":1594,"column":15}},"337":{"start":{"line":1555,"column":16},"end":{"line":1578,"column":19}},"338":{"start":{"line":1564,"column":21},"end":{"line":1577,"column":20}},"339":{"start":{"line":1565,"column":23},"end":{"line":1567,"column":45}},"340":{"start":{"line":1571,"column":20},"end":{"line":1571,"column":111}},"341":{"start":{"line":1574,"column":19},"end":{"line":1576,"column":53}},"342":{"start":{"line":1579,"column":16},"end":{"line":1585,"column":24}},"343":{"start":{"line":1589,"column":16},"end":{"line":1593,"column":17}},"344":{"start":{"line":1590,"column":18},"end":{"line":1592,"column":55}},"345":{"start":{"line":1650,"column":2},"end":{"line":1691,"column":13}},"346":{"start":{"line":1657,"column":6},"end":{"line":1681,"column":9}},"347":{"start":{"line":1667,"column":10},"end":{"line":1680,"column":9}},"348":{"start":{"line":1670,"column":12},"end":{"line":1672,"column":47}},"349":{"start":{"line":1677,"column":8},"end":{"line":1679,"column":42}},"350":{"start":{"line":1682,"column":6},"end":{"line":1688,"column":14}},"351":{"start":{"line":1774,"column":0},"end":{"line":1850,"column":3}},"352":{"start":{"line":1776,"column":13},"end":{"line":1776,"column":29}},"353":{"start":{"line":1778,"column":2},"end":{"line":1781,"column":5}},"354":{"start":{"line":1780,"column":9},"end":{"line":1780,"column":76}},"355":{"start":{"line":1783,"column":6},"end":{"line":1786,"column":6}},"356":{"start":{"line":1785,"column":7},"end":{"line":1785,"column":74}},"357":{"start":{"line":1789,"column":2},"end":{"line":1847,"column":1}},"358":{"start":{"line":1794,"column":4},"end":{"line":1797,"column":5}},"359":{"start":{"line":1796,"column":3},"end":{"line":1796,"column":62}},"360":{"start":{"line":1798,"column":4},"end":{"line":1801,"column":5}},"361":{"start":{"line":1800,"column":3},"end":{"line":1800,"column":62}},"362":{"start":{"line":1802,"column":14},"end":{"line":1802,"column":24}},"363":{"start":{"line":1803,"column":19},"end":{"line":1803,"column":103}},"364":{"start":{"line":1805,"column":6},"end":{"line":1841,"column":6}},"365":{"start":{"line":1805,"column":17},"end":{"line":1805,"column":18}},"366":{"start":{"line":1807,"column":7},"end":{"line":1839,"column":9}},"367":{"start":{"line":1809,"column":22},"end":{"line":1809,"column":68}},"368":{"start":{"line":1811,"column":17},"end":{"line":1818,"column":20}},"369":{"start":{"line":1813,"column":19},"end":{"line":1813,"column":46}},"370":{"start":{"line":1817,"column":21},"end":{"line":1817,"column":49}},"371":{"start":{"line":1820,"column":15},"end":{"line":1835,"column":21}},"372":{"start":{"line":1822,"column":33},"end":{"line":1822,"column":76}},"373":{"start":{"line":1823,"column":20},"end":{"line":1834,"column":23}},"374":{"start":{"line":1823,"column":36},"end":{"line":1823,"column":68}},"375":{"start":{"line":1826,"column":22},"end":{"line":1826,"column":69}},"376":{"start":{"line":1827,"column":22},"end":{"line":1833,"column":23}},"377":{"start":{"line":1827,"column":38},"end":{"line":1827,"column":64}},"378":{"start":{"line":1830,"column":24},"end":{"line":1830,"column":74}},"379":{"start":{"line":1831,"column":22},"end":{"line":1832,"column":52}},"380":{"start":{"line":1831,"column":38},"end":{"line":1831,"column":67}},"381":{"start":{"line":1832,"column":27},"end":{"line":1832,"column":51}},"382":{"start":{"line":1843,"column":4},"end":{"line":1845,"column":5}},"383":{"start":{"line":1868,"column":0},"end":{"line":1899,"column":5}},"384":{"start":{"line":1870,"column":5},"end":{"line":1873,"column":5}},"385":{"start":{"line":1872,"column":8},"end":{"line":1872,"column":84}},"386":{"start":{"line":1875,"column":6},"end":{"line":1878,"column":6}},"387":{"start":{"line":1877,"column":7},"end":{"line":1877,"column":79}},"388":{"start":{"line":1881,"column":2},"end":{"line":1898,"column":1}},"389":{"start":{"line":1886,"column":4},"end":{"line":1889,"column":5}},"390":{"start":{"line":1888,"column":4},"end":{"line":1888,"column":63}},"391":{"start":{"line":1890,"column":4},"end":{"line":1894,"column":5}},"392":{"start":{"line":1893,"column":3},"end":{"line":1893,"column":62}},"393":{"start":{"line":1896,"column":4},"end":{"line":1896,"column":50}},"394":{"start":{"line":1902,"column":27},"end":{"line":1904,"column":13}},"395":{"start":{"line":1905,"column":12},"end":{"line":1905,"column":47}},"396":{"start":{"line":1945,"column":0},"end":{"line":1980,"column":4}},"397":{"start":{"line":1951,"column":4},"end":{"line":1979,"column":11}},"398":{"start":{"line":1956,"column":8},"end":{"line":1978,"column":10}},"399":{"start":{"line":1959,"column":10},"end":{"line":1961,"column":48}},"400":{"start":{"line":1966,"column":9},"end":{"line":1966,"column":45}},"401":{"start":{"line":1967,"column":29},"end":{"line":1967,"column":36}},"402":{"start":{"line":1969,"column":9},"end":{"line":1969,"column":34}},"403":{"start":{"line":1970,"column":9},"end":{"line":1974,"column":10}},"404":{"start":{"line":1972,"column":17},"end":{"line":1972,"column":80}},"405":{"start":{"line":1973,"column":10},"end":{"line":1973,"column":32}},"406":{"start":{"line":1975,"column":9},"end":{"line":1975,"column":45}},"407":{"start":{"line":2012,"column":0},"end":{"line":2046,"column":4}},"408":{"start":{"line":2018,"column":4},"end":{"line":2045,"column":11}},"409":{"start":{"line":2023,"column":8},"end":{"line":2044,"column":10}},"410":{"start":{"line":2026,"column":10},"end":{"line":2028,"column":48}},"411":{"start":{"line":2033,"column":9},"end":{"line":2033,"column":45}},"412":{"start":{"line":2034,"column":29},"end":{"line":2034,"column":36}},"413":{"start":{"line":2035,"column":9},"end":{"line":2035,"column":34}},"414":{"start":{"line":2036,"column":9},"end":{"line":2040,"column":10}},"415":{"start":{"line":2038,"column":17},"end":{"line":2038,"column":80}},"416":{"start":{"line":2039,"column":10},"end":{"line":2039,"column":32}},"417":{"start":{"line":2041,"column":9},"end":{"line":2041,"column":45}},"418":{"start":{"line":2050,"column":0},"end":{"line":2050,"column":24}}},"fnMap":{"0":{"name":"(anonymous_0)","decl":{"start":{"line":49,"column":31},"end":{"line":49,"column":32}},"loc":{"start":{"line":49,"column":51},"end":{"line":77,"column":1}},"line":49},"1":{"name":"(anonymous_1)","decl":{"start":{"line":70,"column":34},"end":{"line":70,"column":35}},"loc":{"start":{"line":70,"column":51},"end":{"line":76,"column":1}},"line":70},"2":{"name":"(anonymous_2)","decl":{"start":{"line":106,"column":43},"end":{"line":106,"column":44}},"loc":{"start":{"line":106,"column":63},"end":{"line":121,"column":1}},"line":106},"3":{"name":"(anonymous_3)","decl":{"start":{"line":156,"column":30},"end":{"line":156,"column":31}},"loc":{"start":{"line":156,"column":50},"end":{"line":164,"column":1}},"line":156},"4":{"name":"(anonymous_4)","decl":{"start":{"line":223,"column":25},"end":{"line":223,"column":26}},"loc":{"start":{"line":223,"column":45},"end":{"line":240,"column":2}},"line":223},"5":{"name":"(anonymous_5)","decl":{"start":{"line":294,"column":33},"end":{"line":294,"column":34}},"loc":{"start":{"line":294,"column":53},"end":{"line":316,"column":1}},"line":294},"6":{"name":"(anonymous_6)","decl":{"start":{"line":324,"column":22},"end":{"line":324,"column":23}},"loc":{"start":{"line":324,"column":38},"end":{"line":341,"column":1}},"line":324},"7":{"name":"(anonymous_7)","decl":{"start":{"line":331,"column":177},"end":{"line":331,"column":178}},"loc":{"start":{"line":332,"column":0},"end":{"line":339,"column":1}},"line":332},"8":{"name":"(anonymous_8)","decl":{"start":{"line":384,"column":29},"end":{"line":384,"column":30}},"loc":{"start":{"line":384,"column":49},"end":{"line":397,"column":1}},"line":384},"9":{"name":"(anonymous_9)","decl":{"start":{"line":440,"column":23},"end":{"line":440,"column":24}},"loc":{"start":{"line":440,"column":43},"end":{"line":478,"column":1}},"line":440},"10":{"name":"(anonymous_10)","decl":{"start":{"line":471,"column":34},"end":{"line":471,"column":35}},"loc":{"start":{"line":471,"column":51},"end":{"line":477,"column":1}},"line":471},"11":{"name":"(anonymous_11)","decl":{"start":{"line":523,"column":43},"end":{"line":523,"column":44}},"loc":{"start":{"line":523,"column":63},"end":{"line":537,"column":3}},"line":523},"12":{"name":"(anonymous_12)","decl":{"start":{"line":584,"column":37},"end":{"line":584,"column":38}},"loc":{"start":{"line":584,"column":57},"end":{"line":602,"column":1}},"line":584},"13":{"name":"(anonymous_13)","decl":{"start":{"line":651,"column":40},"end":{"line":651,"column":41}},"loc":{"start":{"line":651,"column":60},"end":{"line":661,"column":2}},"line":651},"14":{"name":"(anonymous_14)","decl":{"start":{"line":713,"column":38},"end":{"line":713,"column":39}},"loc":{"start":{"line":713,"column":58},"end":{"line":729,"column":3}},"line":713},"15":{"name":"(anonymous_15)","decl":{"start":{"line":768,"column":37},"end":{"line":768,"column":38}},"loc":{"start":{"line":768,"column":57},"end":{"line":782,"column":4}},"line":768},"16":{"name":"(anonymous_16)","decl":{"start":{"line":863,"column":45},"end":{"line":863,"column":46}},"loc":{"start":{"line":863,"column":65},"end":{"line":936,"column":3}},"line":863},"17":{"name":"(anonymous_17)","decl":{"start":{"line":1015,"column":44},"end":{"line":1015,"column":45}},"loc":{"start":{"line":1015,"column":64},"end":{"line":1044,"column":5}},"line":1015},"18":{"name":"(anonymous_18)","decl":{"start":{"line":1122,"column":49},"end":{"line":1122,"column":50}},"loc":{"start":{"line":1122,"column":69},"end":{"line":1151,"column":7}},"line":1122},"19":{"name":"(anonymous_19)","decl":{"start":{"line":1230,"column":54},"end":{"line":1230,"column":55}},"loc":{"start":{"line":1230,"column":74},"end":{"line":1259,"column":9}},"line":1230},"20":{"name":"(anonymous_20)","decl":{"start":{"line":1308,"column":36},"end":{"line":1308,"column":37}},"loc":{"start":{"line":1308,"column":56},"end":{"line":1327,"column":4}},"line":1308},"21":{"name":"(anonymous_21)","decl":{"start":{"line":1359,"column":40},"end":{"line":1359,"column":41}},"loc":{"start":{"line":1359,"column":60},"end":{"line":1376,"column":3}},"line":1359},"22":{"name":"(anonymous_22)","decl":{"start":{"line":1408,"column":45},"end":{"line":1408,"column":46}},"loc":{"start":{"line":1408,"column":65},"end":{"line":1422,"column":4}},"line":1408},"23":{"name":"(anonymous_23)","decl":{"start":{"line":1455,"column":46},"end":{"line":1455,"column":47}},"loc":{"start":{"line":1455,"column":66},"end":{"line":1469,"column":5}},"line":1455},"24":{"name":"(anonymous_24)","decl":{"start":{"line":1521,"column":23},"end":{"line":1521,"column":24}},"loc":{"start":{"line":1521,"column":43},"end":{"line":1609,"column":3}},"line":1521},"25":{"name":"(anonymous_25)","decl":{"start":{"line":1531,"column":4},"end":{"line":1531,"column":5}},"loc":{"start":{"line":1531,"column":23},"end":{"line":1607,"column":5}},"line":1531},"26":{"name":"(anonymous_26)","decl":{"start":{"line":1541,"column":10},"end":{"line":1541,"column":11}},"loc":{"start":{"line":1541,"column":29},"end":{"line":1604,"column":11}},"line":1541},"27":{"name":"(anonymous_27)","decl":{"start":{"line":1551,"column":12},"end":{"line":1551,"column":13}},"loc":{"start":{"line":1551,"column":31},"end":{"line":1600,"column":13}},"line":1551},"28":{"name":"(anonymous_28)","decl":{"start":{"line":1562,"column":19},"end":{"line":1562,"column":20}},"loc":{"start":{"line":1562,"column":38},"end":{"line":1578,"column":17}},"line":1562},"29":{"name":"(anonymous_29)","decl":{"start":{"line":1650,"column":27},"end":{"line":1650,"column":28}},"loc":{"start":{"line":1650,"column":47},"end":{"line":1691,"column":11}},"line":1650},"30":{"name":"(anonymous_30)","decl":{"start":{"line":1665,"column":9},"end":{"line":1665,"column":10}},"loc":{"start":{"line":1665,"column":28},"end":{"line":1681,"column":7}},"line":1665},"31":{"name":"(anonymous_31)","decl":{"start":{"line":1774,"column":29},"end":{"line":1774,"column":30}},"loc":{"start":{"line":1775,"column":0},"end":{"line":1850,"column":1}},"line":1775},"32":{"name":"(anonymous_32)","decl":{"start":{"line":1789,"column":37},"end":{"line":1789,"column":38}},"loc":{"start":{"line":1791,"column":3},"end":{"line":1846,"column":4}},"line":1791},"33":{"name":"(anonymous_33)","decl":{"start":{"line":1868,"column":34},"end":{"line":1868,"column":35}},"loc":{"start":{"line":1869,"column":0},"end":{"line":1899,"column":3}},"line":1869},"34":{"name":"(anonymous_34)","decl":{"start":{"line":1883,"column":2},"end":{"line":1883,"column":3}},"loc":{"start":{"line":1885,"column":3},"end":{"line":1897,"column":4}},"line":1885},"35":{"name":"validateUserOnly","decl":{"start":{"line":1901,"column":19},"end":{"line":1901,"column":35}},"loc":{"start":{"line":1901,"column":43},"end":{"line":1906,"column":13}},"line":1901},"36":{"name":"(anonymous_36)","decl":{"start":{"line":1945,"column":29},"end":{"line":1945,"column":30}},"loc":{"start":{"line":1945,"column":49},"end":{"line":1980,"column":2}},"line":1945},"37":{"name":"(anonymous_37)","decl":{"start":{"line":1952,"column":6},"end":{"line":1952,"column":7}},"loc":{"start":{"line":1952,"column":24},"end":{"line":1979,"column":9}},"line":1952},"38":{"name":"(anonymous_38)","decl":{"start":{"line":2012,"column":29},"end":{"line":2012,"column":30}},"loc":{"start":{"line":2012,"column":49},"end":{"line":2046,"column":2}},"line":2012},"39":{"name":"(anonymous_39)","decl":{"start":{"line":2019,"column":6},"end":{"line":2019,"column":7}},"loc":{"start":{"line":2019,"column":24},"end":{"line":2045,"column":9}},"line":2019}},"branchMap":{"0":{"loc":{"start":{"line":51,"column":2},"end":{"line":51,"column":81}},"type":"if","locations":[{"start":{"line":51,"column":2},"end":{"line":51,"column":81}},{"start":{"line":51,"column":2},"end":{"line":51,"column":81}}],"line":51},"1":{"loc":{"start":{"line":53,"column":2},"end":{"line":53,"column":77}},"type":"if","locations":[{"start":{"line":53,"column":2},"end":{"line":53,"column":77}},{"start":{"line":53,"column":2},"end":{"line":53,"column":77}}],"line":53},"2":{"loc":{"start":{"line":71,"column":10},"end":{"line":73,"column":11}},"type":"if","locations":[{"start":{"line":71,"column":10},"end":{"line":73,"column":11}},{"start":{"line":71,"column":10},"end":{"line":73,"column":11}}],"line":71},"3":{"loc":{"start":{"line":109,"column":2},"end":{"line":109,"column":78}},"type":"if","locations":[{"start":{"line":109,"column":2},"end":{"line":109,"column":78}},{"start":{"line":109,"column":2},"end":{"line":109,"column":78}}],"line":109},"4":{"loc":{"start":{"line":112,"column":2},"end":{"line":112,"column":81}},"type":"if","locations":[{"start":{"line":112,"column":2},"end":{"line":112,"column":81}},{"start":{"line":112,"column":2},"end":{"line":112,"column":81}}],"line":112},"5":{"loc":{"start":{"line":159,"column":2},"end":{"line":159,"column":78}},"type":"if","locations":[{"start":{"line":159,"column":2},"end":{"line":159,"column":78}},{"start":{"line":159,"column":2},"end":{"line":159,"column":78}}],"line":159},"6":{"loc":{"start":{"line":225,"column":3},"end":{"line":225,"column":79}},"type":"if","locations":[{"start":{"line":225,"column":3},"end":{"line":225,"column":79}},{"start":{"line":225,"column":3},"end":{"line":225,"column":79}}],"line":225},"7":{"loc":{"start":{"line":227,"column":3},"end":{"line":227,"column":110}},"type":"if","locations":[{"start":{"line":227,"column":3},"end":{"line":227,"column":110}},{"start":{"line":227,"column":3},"end":{"line":227,"column":110}}],"line":227},"8":{"loc":{"start":{"line":296,"column":2},"end":{"line":296,"column":78}},"type":"if","locations":[{"start":{"line":296,"column":2},"end":{"line":296,"column":78}},{"start":{"line":296,"column":2},"end":{"line":296,"column":78}}],"line":296},"9":{"loc":{"start":{"line":298,"column":2},"end":{"line":298,"column":89}},"type":"if","locations":[{"start":{"line":298,"column":2},"end":{"line":298,"column":89}},{"start":{"line":298,"column":2},"end":{"line":298,"column":89}}],"line":298},"10":{"loc":{"start":{"line":303,"column":2},"end":{"line":303,"column":25}},"type":"if","locations":[{"start":{"line":303,"column":2},"end":{"line":303,"column":25}},{"start":{"line":303,"column":2},"end":{"line":303,"column":25}}],"line":303},"11":{"loc":{"start":{"line":304,"column":2},"end":{"line":304,"column":26}},"type":"if","locations":[{"start":{"line":304,"column":2},"end":{"line":304,"column":26}},{"start":{"line":304,"column":2},"end":{"line":304,"column":26}}],"line":304},"12":{"loc":{"start":{"line":327,"column":2},"end":{"line":327,"column":67}},"type":"if","locations":[{"start":{"line":327,"column":2},"end":{"line":327,"column":67}},{"start":{"line":327,"column":2},"end":{"line":327,"column":67}}],"line":327},"13":{"loc":{"start":{"line":333,"column":2},"end":{"line":333,"column":56}},"type":"if","locations":[{"start":{"line":333,"column":2},"end":{"line":333,"column":56}},{"start":{"line":333,"column":2},"end":{"line":333,"column":56}}],"line":333},"14":{"loc":{"start":{"line":335,"column":7},"end":{"line":335,"column":71}},"type":"if","locations":[{"start":{"line":335,"column":7},"end":{"line":335,"column":71}},{"start":{"line":335,"column":7},"end":{"line":335,"column":71}}],"line":335},"15":{"loc":{"start":{"line":336,"column":7},"end":{"line":337,"column":35}},"type":"if","locations":[{"start":{"line":336,"column":7},"end":{"line":337,"column":35}},{"start":{"line":336,"column":7},"end":{"line":337,"column":35}}],"line":336},"16":{"loc":{"start":{"line":387,"column":2},"end":{"line":387,"column":78}},"type":"if","locations":[{"start":{"line":387,"column":2},"end":{"line":387,"column":78}},{"start":{"line":387,"column":2},"end":{"line":387,"column":78}}],"line":387},"17":{"loc":{"start":{"line":442,"column":2},"end":{"line":442,"column":81}},"type":"if","locations":[{"start":{"line":442,"column":2},"end":{"line":442,"column":81}},{"start":{"line":442,"column":2},"end":{"line":442,"column":81}}],"line":442},"18":{"loc":{"start":{"line":444,"column":2},"end":{"line":444,"column":82}},"type":"if","locations":[{"start":{"line":444,"column":2},"end":{"line":444,"column":82}},{"start":{"line":444,"column":2},"end":{"line":444,"column":82}}],"line":444},"19":{"loc":{"start":{"line":472,"column":10},"end":{"line":474,"column":11}},"type":"if","locations":[{"start":{"line":472,"column":10},"end":{"line":474,"column":11}},{"start":{"line":472,"column":10},"end":{"line":474,"column":11}}],"line":472},"20":{"loc":{"start":{"line":525,"column":4},"end":{"line":525,"column":80}},"type":"if","locations":[{"start":{"line":525,"column":4},"end":{"line":525,"column":80}},{"start":{"line":525,"column":4},"end":{"line":525,"column":80}}],"line":525},"21":{"loc":{"start":{"line":527,"column":4},"end":{"line":527,"column":83}},"type":"if","locations":[{"start":{"line":527,"column":4},"end":{"line":527,"column":83}},{"start":{"line":527,"column":4},"end":{"line":527,"column":83}}],"line":527},"22":{"loc":{"start":{"line":530,"column":4},"end":{"line":530,"column":91}},"type":"if","locations":[{"start":{"line":530,"column":4},"end":{"line":530,"column":91}},{"start":{"line":530,"column":4},"end":{"line":530,"column":91}}],"line":530},"23":{"loc":{"start":{"line":586,"column":2},"end":{"line":586,"column":78}},"type":"if","locations":[{"start":{"line":586,"column":2},"end":{"line":586,"column":78}},{"start":{"line":586,"column":2},"end":{"line":586,"column":78}}],"line":586},"24":{"loc":{"start":{"line":588,"column":2},"end":{"line":588,"column":81}},"type":"if","locations":[{"start":{"line":588,"column":2},"end":{"line":588,"column":81}},{"start":{"line":588,"column":2},"end":{"line":588,"column":81}}],"line":588},"25":{"loc":{"start":{"line":590,"column":2},"end":{"line":595,"column":3}},"type":"if","locations":[{"start":{"line":590,"column":2},"end":{"line":595,"column":3}},{"start":{"line":590,"column":2},"end":{"line":595,"column":3}}],"line":590},"26":{"loc":{"start":{"line":593,"column":4},"end":{"line":593,"column":77}},"type":"if","locations":[{"start":{"line":593,"column":4},"end":{"line":593,"column":77}},{"start":{"line":593,"column":4},"end":{"line":593,"column":77}}],"line":593},"27":{"loc":{"start":{"line":596,"column":2},"end":{"line":596,"column":70}},"type":"if","locations":[{"start":{"line":596,"column":2},"end":{"line":596,"column":70}},{"start":{"line":596,"column":2},"end":{"line":596,"column":70}}],"line":596},"28":{"loc":{"start":{"line":597,"column":2},"end":{"line":597,"column":85}},"type":"if","locations":[{"start":{"line":597,"column":2},"end":{"line":597,"column":85}},{"start":{"line":597,"column":2},"end":{"line":597,"column":85}}],"line":597},"29":{"loc":{"start":{"line":653,"column":3},"end":{"line":653,"column":79}},"type":"if","locations":[{"start":{"line":653,"column":3},"end":{"line":653,"column":79}},{"start":{"line":653,"column":3},"end":{"line":653,"column":79}}],"line":653},"30":{"loc":{"start":{"line":657,"column":3},"end":{"line":657,"column":102}},"type":"if","locations":[{"start":{"line":657,"column":3},"end":{"line":657,"column":102}},{"start":{"line":657,"column":3},"end":{"line":657,"column":102}}],"line":657},"31":{"loc":{"start":{"line":657,"column":6},"end":{"line":657,"column":38}},"type":"binary-expr","locations":[{"start":{"line":657,"column":6},"end":{"line":657,"column":11}},{"start":{"line":657,"column":15},"end":{"line":657,"column":26}},{"start":{"line":657,"column":30},"end":{"line":657,"column":38}}],"line":657},"32":{"loc":{"start":{"line":658,"column":2},"end":{"line":660,"column":79}},"type":"if","locations":[{"start":{"line":658,"column":2},"end":{"line":660,"column":79}},{"start":{"line":658,"column":2},"end":{"line":660,"column":79}}],"line":658},"33":{"loc":{"start":{"line":659,"column":7},"end":{"line":660,"column":79}},"type":"if","locations":[{"start":{"line":659,"column":7},"end":{"line":660,"column":79}},{"start":{"line":659,"column":7},"end":{"line":660,"column":79}}],"line":659},"34":{"loc":{"start":{"line":660,"column":7},"end":{"line":660,"column":79}},"type":"if","locations":[{"start":{"line":660,"column":7},"end":{"line":660,"column":79}},{"start":{"line":660,"column":7},"end":{"line":660,"column":79}}],"line":660},"35":{"loc":{"start":{"line":715,"column":4},"end":{"line":715,"column":80}},"type":"if","locations":[{"start":{"line":715,"column":4},"end":{"line":715,"column":80}},{"start":{"line":715,"column":4},"end":{"line":715,"column":80}}],"line":715},"36":{"loc":{"start":{"line":770,"column":5},"end":{"line":770,"column":81}},"type":"if","locations":[{"start":{"line":770,"column":5},"end":{"line":770,"column":81}},{"start":{"line":770,"column":5},"end":{"line":770,"column":81}}],"line":770},"37":{"loc":{"start":{"line":772,"column":5},"end":{"line":772,"column":85}},"type":"if","locations":[{"start":{"line":772,"column":5},"end":{"line":772,"column":85}},{"start":{"line":772,"column":5},"end":{"line":772,"column":85}}],"line":772},"38":{"loc":{"start":{"line":865,"column":4},"end":{"line":865,"column":80}},"type":"if","locations":[{"start":{"line":865,"column":4},"end":{"line":865,"column":80}},{"start":{"line":865,"column":4},"end":{"line":865,"column":80}}],"line":865},"39":{"loc":{"start":{"line":1017,"column":6},"end":{"line":1017,"column":82}},"type":"if","locations":[{"start":{"line":1017,"column":6},"end":{"line":1017,"column":82}},{"start":{"line":1017,"column":6},"end":{"line":1017,"column":82}}],"line":1017},"40":{"loc":{"start":{"line":1019,"column":6},"end":{"line":1019,"column":86}},"type":"if","locations":[{"start":{"line":1019,"column":6},"end":{"line":1019,"column":86}},{"start":{"line":1019,"column":6},"end":{"line":1019,"column":86}}],"line":1019},"41":{"loc":{"start":{"line":1124,"column":8},"end":{"line":1124,"column":84}},"type":"if","locations":[{"start":{"line":1124,"column":8},"end":{"line":1124,"column":84}},{"start":{"line":1124,"column":8},"end":{"line":1124,"column":84}}],"line":1124},"42":{"loc":{"start":{"line":1126,"column":8},"end":{"line":1126,"column":88}},"type":"if","locations":[{"start":{"line":1126,"column":8},"end":{"line":1126,"column":88}},{"start":{"line":1126,"column":8},"end":{"line":1126,"column":88}}],"line":1126},"43":{"loc":{"start":{"line":1232,"column":10},"end":{"line":1232,"column":86}},"type":"if","locations":[{"start":{"line":1232,"column":10},"end":{"line":1232,"column":86}},{"start":{"line":1232,"column":10},"end":{"line":1232,"column":86}}],"line":1232},"44":{"loc":{"start":{"line":1234,"column":10},"end":{"line":1234,"column":90}},"type":"if","locations":[{"start":{"line":1234,"column":10},"end":{"line":1234,"column":90}},{"start":{"line":1234,"column":10},"end":{"line":1234,"column":90}}],"line":1234},"45":{"loc":{"start":{"line":1310,"column":5},"end":{"line":1310,"column":81}},"type":"if","locations":[{"start":{"line":1310,"column":5},"end":{"line":1310,"column":81}},{"start":{"line":1310,"column":5},"end":{"line":1310,"column":81}}],"line":1310},"46":{"loc":{"start":{"line":1311,"column":5},"end":{"line":1312,"column":64}},"type":"if","locations":[{"start":{"line":1311,"column":5},"end":{"line":1312,"column":64}},{"start":{"line":1311,"column":5},"end":{"line":1312,"column":64}}],"line":1311},"47":{"loc":{"start":{"line":1311,"column":8},"end":{"line":1311,"column":109}},"type":"binary-expr","locations":[{"start":{"line":1311,"column":8},"end":{"line":1311,"column":36}},{"start":{"line":1311,"column":40},"end":{"line":1311,"column":71}},{"start":{"line":1311,"column":75},"end":{"line":1311,"column":109}}],"line":1311},"48":{"loc":{"start":{"line":1314,"column":5},"end":{"line":1314,"column":79}},"type":"if","locations":[{"start":{"line":1314,"column":5},"end":{"line":1314,"column":79}},{"start":{"line":1314,"column":5},"end":{"line":1314,"column":79}}],"line":1314},"49":{"loc":{"start":{"line":1318,"column":5},"end":{"line":1318,"column":108}},"type":"if","locations":[{"start":{"line":1318,"column":5},"end":{"line":1318,"column":108}},{"start":{"line":1318,"column":5},"end":{"line":1318,"column":108}}],"line":1318},"50":{"loc":{"start":{"line":1318,"column":8},"end":{"line":1318,"column":37}},"type":"binary-expr","locations":[{"start":{"line":1318,"column":8},"end":{"line":1318,"column":12}},{"start":{"line":1318,"column":16},"end":{"line":1318,"column":23}},{"start":{"line":1318,"column":27},"end":{"line":1318,"column":37}}],"line":1318},"51":{"loc":{"start":{"line":1320,"column":5},"end":{"line":1320,"column":70}},"type":"if","locations":[{"start":{"line":1320,"column":5},"end":{"line":1320,"column":70}},{"start":{"line":1320,"column":5},"end":{"line":1320,"column":70}}],"line":1320},"52":{"loc":{"start":{"line":1321,"column":5},"end":{"line":1321,"column":76}},"type":"if","locations":[{"start":{"line":1321,"column":5},"end":{"line":1321,"column":76}},{"start":{"line":1321,"column":5},"end":{"line":1321,"column":76}}],"line":1321},"53":{"loc":{"start":{"line":1322,"column":5},"end":{"line":1322,"column":82}},"type":"if","locations":[{"start":{"line":1322,"column":5},"end":{"line":1322,"column":82}},{"start":{"line":1322,"column":5},"end":{"line":1322,"column":82}}],"line":1322},"54":{"loc":{"start":{"line":1361,"column":4},"end":{"line":1361,"column":80}},"type":"if","locations":[{"start":{"line":1361,"column":4},"end":{"line":1361,"column":80}},{"start":{"line":1361,"column":4},"end":{"line":1361,"column":80}}],"line":1361},"55":{"loc":{"start":{"line":1363,"column":4},"end":{"line":1363,"column":78}},"type":"if","locations":[{"start":{"line":1363,"column":4},"end":{"line":1363,"column":78}},{"start":{"line":1363,"column":4},"end":{"line":1363,"column":78}}],"line":1363},"56":{"loc":{"start":{"line":1367,"column":4},"end":{"line":1367,"column":115}},"type":"if","locations":[{"start":{"line":1367,"column":4},"end":{"line":1367,"column":115}},{"start":{"line":1367,"column":4},"end":{"line":1367,"column":115}}],"line":1367},"57":{"loc":{"start":{"line":1367,"column":7},"end":{"line":1367,"column":39}},"type":"binary-expr","locations":[{"start":{"line":1367,"column":7},"end":{"line":1367,"column":12}},{"start":{"line":1367,"column":16},"end":{"line":1367,"column":27}},{"start":{"line":1367,"column":31},"end":{"line":1367,"column":39}}],"line":1367},"58":{"loc":{"start":{"line":1369,"column":4},"end":{"line":1369,"column":71}},"type":"if","locations":[{"start":{"line":1369,"column":4},"end":{"line":1369,"column":71}},{"start":{"line":1369,"column":4},"end":{"line":1369,"column":71}}],"line":1369},"59":{"loc":{"start":{"line":1370,"column":4},"end":{"line":1370,"column":80}},"type":"if","locations":[{"start":{"line":1370,"column":4},"end":{"line":1370,"column":80}},{"start":{"line":1370,"column":4},"end":{"line":1370,"column":80}}],"line":1370},"60":{"loc":{"start":{"line":1371,"column":4},"end":{"line":1371,"column":89}},"type":"if","locations":[{"start":{"line":1371,"column":4},"end":{"line":1371,"column":89}},{"start":{"line":1371,"column":4},"end":{"line":1371,"column":89}}],"line":1371},"61":{"loc":{"start":{"line":1410,"column":5},"end":{"line":1410,"column":81}},"type":"if","locations":[{"start":{"line":1410,"column":5},"end":{"line":1410,"column":81}},{"start":{"line":1410,"column":5},"end":{"line":1410,"column":81}}],"line":1410},"62":{"loc":{"start":{"line":1412,"column":5},"end":{"line":1412,"column":79}},"type":"if","locations":[{"start":{"line":1412,"column":5},"end":{"line":1412,"column":79}},{"start":{"line":1412,"column":5},"end":{"line":1412,"column":79}}],"line":1412},"63":{"loc":{"start":{"line":1414,"column":5},"end":{"line":1414,"column":100}},"type":"if","locations":[{"start":{"line":1414,"column":5},"end":{"line":1414,"column":100}},{"start":{"line":1414,"column":5},"end":{"line":1414,"column":100}}],"line":1414},"64":{"loc":{"start":{"line":1457,"column":6},"end":{"line":1457,"column":82}},"type":"if","locations":[{"start":{"line":1457,"column":6},"end":{"line":1457,"column":82}},{"start":{"line":1457,"column":6},"end":{"line":1457,"column":82}}],"line":1457},"65":{"loc":{"start":{"line":1459,"column":6},"end":{"line":1459,"column":80}},"type":"if","locations":[{"start":{"line":1459,"column":6},"end":{"line":1459,"column":80}},{"start":{"line":1459,"column":6},"end":{"line":1459,"column":80}}],"line":1459},"66":{"loc":{"start":{"line":1461,"column":6},"end":{"line":1461,"column":95}},"type":"if","locations":[{"start":{"line":1461,"column":6},"end":{"line":1461,"column":95}},{"start":{"line":1461,"column":6},"end":{"line":1461,"column":95}}],"line":1461},"67":{"loc":{"start":{"line":1533,"column":6},"end":{"line":1606,"column":7}},"type":"if","locations":[{"start":{"line":1533,"column":6},"end":{"line":1606,"column":7}},{"start":{"line":1533,"column":6},"end":{"line":1606,"column":7}}],"line":1533},"68":{"loc":{"start":{"line":1533,"column":10},"end":{"line":1533,"column":21}},"type":"binary-expr","locations":[{"start":{"line":1533,"column":10},"end":{"line":1533,"column":14}},{"start":{"line":1533,"column":18},"end":{"line":1533,"column":21}}],"line":1533},"69":{"loc":{"start":{"line":1543,"column":12},"end":{"line":1603,"column":13}},"type":"if","locations":[{"start":{"line":1543,"column":12},"end":{"line":1603,"column":13}},{"start":{"line":1543,"column":12},"end":{"line":1603,"column":13}}],"line":1543},"70":{"loc":{"start":{"line":1543,"column":16},"end":{"line":1543,"column":28}},"type":"binary-expr","locations":[{"start":{"line":1543,"column":16},"end":{"line":1543,"column":20}},{"start":{"line":1543,"column":25},"end":{"line":1543,"column":28}}],"line":1543},"71":{"loc":{"start":{"line":1553,"column":14},"end":{"line":1594,"column":15}},"type":"if","locations":[{"start":{"line":1553,"column":14},"end":{"line":1594,"column":15}},{"start":{"line":1553,"column":14},"end":{"line":1594,"column":15}}],"line":1553},"72":{"loc":{"start":{"line":1553,"column":17},"end":{"line":1553,"column":28}},"type":"binary-expr","locations":[{"start":{"line":1553,"column":17},"end":{"line":1553,"column":21}},{"start":{"line":1553,"column":25},"end":{"line":1553,"column":28}}],"line":1553},"73":{"loc":{"start":{"line":1564,"column":21},"end":{"line":1577,"column":20}},"type":"if","locations":[{"start":{"line":1564,"column":21},"end":{"line":1577,"column":20}},{"start":{"line":1564,"column":21},"end":{"line":1577,"column":20}}],"line":1564},"74":{"loc":{"start":{"line":1564,"column":25},"end":{"line":1564,"column":37}},"type":"binary-expr","locations":[{"start":{"line":1564,"column":25},"end":{"line":1564,"column":29}},{"start":{"line":1564,"column":34},"end":{"line":1564,"column":37}}],"line":1564},"75":{"loc":{"start":{"line":1589,"column":16},"end":{"line":1593,"column":17}},"type":"if","locations":[{"start":{"line":1589,"column":16},"end":{"line":1593,"column":17}},{"start":{"line":1589,"column":16},"end":{"line":1593,"column":17}}],"line":1589},"76":{"loc":{"start":{"line":1589,"column":20},"end":{"line":1589,"column":30}},"type":"binary-expr","locations":[{"start":{"line":1589,"column":20},"end":{"line":1589,"column":23}},{"start":{"line":1589,"column":27},"end":{"line":1589,"column":30}}],"line":1589},"77":{"loc":{"start":{"line":1667,"column":10},"end":{"line":1680,"column":9}},"type":"if","locations":[{"start":{"line":1667,"column":10},"end":{"line":1680,"column":9}},{"start":{"line":1667,"column":10},"end":{"line":1680,"column":9}}],"line":1667},"78":{"loc":{"start":{"line":1667,"column":15},"end":{"line":1667,"column":41}},"type":"binary-expr","locations":[{"start":{"line":1667,"column":15},"end":{"line":1667,"column":34}},{"start":{"line":1667,"column":38},"end":{"line":1667,"column":41}}],"line":1667},"79":{"loc":{"start":{"line":1778,"column":2},"end":{"line":1781,"column":5}},"type":"if","locations":[{"start":{"line":1778,"column":2},"end":{"line":1781,"column":5}},{"start":{"line":1778,"column":2},"end":{"line":1781,"column":5}}],"line":1778},"80":{"loc":{"start":{"line":1783,"column":6},"end":{"line":1786,"column":6}},"type":"if","locations":[{"start":{"line":1783,"column":6},"end":{"line":1786,"column":6}},{"start":{"line":1783,"column":6},"end":{"line":1786,"column":6}}],"line":1783},"81":{"loc":{"start":{"line":1794,"column":4},"end":{"line":1797,"column":5}},"type":"if","locations":[{"start":{"line":1794,"column":4},"end":{"line":1797,"column":5}},{"start":{"line":1794,"column":4},"end":{"line":1797,"column":5}}],"line":1794},"82":{"loc":{"start":{"line":1798,"column":4},"end":{"line":1801,"column":5}},"type":"if","locations":[{"start":{"line":1798,"column":4},"end":{"line":1801,"column":5}},{"start":{"line":1798,"column":4},"end":{"line":1801,"column":5}}],"line":1798},"83":{"loc":{"start":{"line":1807,"column":7},"end":{"line":1839,"column":9}},"type":"if","locations":[{"start":{"line":1807,"column":7},"end":{"line":1839,"column":9}},{"start":{"line":1807,"column":7},"end":{"line":1839,"column":9}}],"line":1807},"84":{"loc":{"start":{"line":1811,"column":17},"end":{"line":1818,"column":20}},"type":"if","locations":[{"start":{"line":1811,"column":17},"end":{"line":1818,"column":20}},{"start":{"line":1811,"column":17},"end":{"line":1818,"column":20}}],"line":1811},"85":{"loc":{"start":{"line":1820,"column":15},"end":{"line":1835,"column":21}},"type":"if","locations":[{"start":{"line":1820,"column":15},"end":{"line":1835,"column":21}},{"start":{"line":1820,"column":15},"end":{"line":1835,"column":21}}],"line":1820},"86":{"loc":{"start":{"line":1823,"column":20},"end":{"line":1834,"column":23}},"type":"if","locations":[{"start":{"line":1823,"column":20},"end":{"line":1834,"column":23}},{"start":{"line":1823,"column":20},"end":{"line":1834,"column":23}}],"line":1823},"87":{"loc":{"start":{"line":1827,"column":22},"end":{"line":1833,"column":23}},"type":"if","locations":[{"start":{"line":1827,"column":22},"end":{"line":1833,"column":23}},{"start":{"line":1827,"column":22},"end":{"line":1833,"column":23}}],"line":1827},"88":{"loc":{"start":{"line":1831,"column":22},"end":{"line":1832,"column":52}},"type":"if","locations":[{"start":{"line":1831,"column":22},"end":{"line":1832,"column":52}},{"start":{"line":1831,"column":22},"end":{"line":1832,"column":52}}],"line":1831},"89":{"loc":{"start":{"line":1870,"column":5},"end":{"line":1873,"column":5}},"type":"if","locations":[{"start":{"line":1870,"column":5},"end":{"line":1873,"column":5}},{"start":{"line":1870,"column":5},"end":{"line":1873,"column":5}}],"line":1870},"90":{"loc":{"start":{"line":1875,"column":6},"end":{"line":1878,"column":6}},"type":"if","locations":[{"start":{"line":1875,"column":6},"end":{"line":1878,"column":6}},{"start":{"line":1875,"column":6},"end":{"line":1878,"column":6}}],"line":1875},"91":{"loc":{"start":{"line":1886,"column":4},"end":{"line":1889,"column":5}},"type":"if","locations":[{"start":{"line":1886,"column":4},"end":{"line":1889,"column":5}},{"start":{"line":1886,"column":4},"end":{"line":1889,"column":5}}],"line":1886},"92":{"loc":{"start":{"line":1890,"column":4},"end":{"line":1894,"column":5}},"type":"if","locations":[{"start":{"line":1890,"column":4},"end":{"line":1894,"column":5}},{"start":{"line":1890,"column":4},"end":{"line":1894,"column":5}}],"line":1890},"93":{"loc":{"start":{"line":1956,"column":8},"end":{"line":1978,"column":10}},"type":"if","locations":[{"start":{"line":1956,"column":8},"end":{"line":1978,"column":10}},{"start":{"line":1956,"column":8},"end":{"line":1978,"column":10}}],"line":1956},"94":{"loc":{"start":{"line":1956,"column":11},"end":{"line":1956,"column":22}},"type":"binary-expr","locations":[{"start":{"line":1956,"column":11},"end":{"line":1956,"column":15}},{"start":{"line":1956,"column":19},"end":{"line":1956,"column":22}}],"line":1956},"95":{"loc":{"start":{"line":2023,"column":8},"end":{"line":2044,"column":10}},"type":"if","locations":[{"start":{"line":2023,"column":8},"end":{"line":2044,"column":10}},{"start":{"line":2023,"column":8},"end":{"line":2044,"column":10}}],"line":2023},"96":{"loc":{"start":{"line":2023,"column":11},"end":{"line":2023,"column":22}},"type":"binary-expr","locations":[{"start":{"line":2023,"column":11},"end":{"line":2023,"column":15}},{"start":{"line":2023,"column":19},"end":{"line":2023,"column":22}}],"line":2023}},"s":{"0":1,"1":1,"2":1,"3":1,"4":1,"5":1,"6":1,"7":1,"8":1,"9":1,"10":1,"11":1,"12":1,"13":1,"14":1,"15":0,"16":0,"17":0,"18":0,"19":0,"20":0,"21":0,"22":0,"23":0,"24":0,"25":0,"26":0,"27":0,"28":0,"29":1,"30":0,"31":0,"32":0,"33":0,"34":0,"35":0,"36":0,"37":0,"38":0,"39":0,"40":0,"41":1,"42":0,"43":0,"44":0,"45":0,"46":1,"47":0,"48":0,"49":0,"50":0,"51":0,"52":0,"53":0,"54":0,"55":0,"56":0,"57":1,"58":0,"59":0,"60":0,"61":0,"62":0,"63":0,"64":0,"65":0,"66":0,"67":0,"68":0,"69":0,"70":0,"71":0,"72":0,"73":1,"74":0,"75":0,"76":0,"77":0,"78":0,"79":0,"80":0,"81":0,"82":0,"83":0,"84":0,"85":1,"86":0,"87":0,"88":0,"89":0,"90":0,"91":0,"92":0,"93":1,"94":3,"95":3,"96":2,"97":1,"98":1,"99":1,"100":0,"101":0,"102":0,"103":0,"104":0,"105":0,"106":0,"107":0,"108":0,"109":0,"110":0,"111":0,"112":0,"113":1,"114":0,"115":0,"116":0,"117":0,"118":0,"119":0,"120":0,"121":0,"122":0,"123":0,"124":0,"125":0,"126":0,"127":0,"128":1,"129":0,"130":0,"131":0,"132":0,"133":0,"134":0,"135":0,"136":0,"137":0,"138":0,"139":0,"140":0,"141":0,"142":0,"143":0,"144":0,"145":0,"146":0,"147":1,"148":0,"149":0,"150":0,"151":0,"152":0,"153":0,"154":0,"155":0,"156":0,"157":0,"158":0,"159":0,"160":0,"161":0,"162":1,"163":0,"164":0,"165":0,"166":0,"167":0,"168":0,"169":0,"170":0,"171":0,"172":1,"173":0,"174":0,"175":0,"176":0,"177":0,"178":0,"179":0,"180":0,"181":0,"182":0,"183":0,"184":1,"185":0,"186":0,"187":0,"188":0,"189":0,"190":0,"191":0,"192":0,"193":0,"194":0,"195":0,"196":0,"197":0,"198":0,"199":0,"200":0,"201":0,"202":0,"203":0,"204":0,"205":0,"206":0,"207":0,"208":0,"209":1,"210":0,"211":0,"212":0,"213":0,"214":0,"215":0,"216":0,"217":0,"218":0,"219":0,"220":0,"221":0,"222":0,"223":0,"224":1,"225":0,"226":0,"227":0,"228":0,"229":0,"230":0,"231":0,"232":0,"233":0,"234":0,"235":0,"236":0,"237":0,"238":0,"239":1,"240":0,"241":0,"242":0,"243":0,"244":0,"245":0,"246":0,"247":0,"248":0,"249":0,"250":0,"251":0,"252":0,"253":0,"254":1,"255":0,"256":0,"257":0,"258":0,"259":0,"260":0,"261":0,"262":0,"263":0,"264":0,"265":0,"266":0,"267":0,"268":0,"269":0,"270":0,"271":0,"272":0,"273":0,"274":0,"275":0,"276":0,"277":1,"278":0,"279":0,"280":0,"281":0,"282":0,"283":0,"284":0,"285":0,"286":0,"287":0,"288":0,"289":0,"290":0,"291":0,"292":0,"293":0,"294":0,"295":0,"296":0,"297":0,"298":1,"299":0,"300":0,"301":0,"302":0,"303":0,"304":0,"305":0,"306":0,"307":0,"308":0,"309":0,"310":0,"311":0,"312":0,"313":1,"314":0,"315":0,"316":0,"317":0,"318":0,"319":0,"320":0,"321":0,"322":0,"323":0,"324":0,"325":0,"326":0,"327":0,"328":1,"329":2,"330":2,"331":1,"332":1,"333":1,"334":0,"335":1,"336":1,"337":1,"338":1,"339":0,"340":1,"341":1,"342":1,"343":0,"344":0,"345":1,"346":2,"347":2,"348":1,"349":1,"350":2,"351":1,"352":4,"353":4,"354":1,"355":3,"356":1,"357":2,"358":2,"359":0,"360":2,"361":1,"362":1,"363":1,"364":1,"365":1,"366":45,"367":45,"368":45,"369":45,"370":0,"371":45,"372":33,"373":33,"374":0,"375":33,"376":33,"377":0,"378":33,"379":33,"380":0,"381":33,"382":1,"383":1,"384":4,"385":1,"386":3,"387":1,"388":2,"389":2,"390":1,"391":1,"392":0,"393":1,"394":0,"395":0,"396":1,"397":2,"398":2,"399":1,"400":1,"401":1,"402":1,"403":1,"404":1,"405":1,"406":1,"407":1,"408":2,"409":2,"410":1,"411":1,"412":1,"413":1,"414":1,"415":2,"416":2,"417":1,"418":1},"f":{"0":0,"1":0,"2":0,"3":0,"4":0,"5":0,"6":0,"7":0,"8":0,"9":3,"10":0,"11":0,"12":0,"13":0,"14":0,"15":0,"16":0,"17":0,"18":0,"19":0,"20":0,"21":0,"22":0,"23":0,"24":2,"25":2,"26":1,"27":1,"28":1,"29":2,"30":2,"31":4,"32":2,"33":4,"34":2,"35":0,"36":2,"37":2,"38":2,"39":2},"b":{"0":[0,0],"1":[0,0],"2":[0,0],"3":[0,0],"4":[0,0],"5":[0,0],"6":[0,0],"7":[0,0],"8":[0,0],"9":[0,0],"10":[0,0],"11":[0,0],"12":[0,0],"13":[0,0],"14":[0,0],"15":[0,0],"16":[0,0],"17":[2,1],"18":[1,0],"19":[0,0],"20":[0,0],"21":[0,0],"22":[0,0],"23":[0,0],"24":[0,0],"25":[0,0],"26":[0,0],"27":[0,0],"28":[0,0],"29":[0,0],"30":[0,0],"31":[0,0,0],"32":[0,0],"33":[0,0],"34":[0,0],"35":[0,0],"36":[0,0],"37":[0,0],"38":[0,0],"39":[0,0],"40":[0,0],"41":[0,0],"42":[0,0],"43":[0,0],"44":[0,0],"45":[0,0],"46":[0,0],"47":[0,0,0],"48":[0,0],"49":[0,0],"50":[0,0,0],"51":[0,0],"52":[0,0],"53":[0,0],"54":[0,0],"55":[0,0],"56":[0,0],"57":[0,0,0],"58":[0,0],"59":[0,0],"60":[0,0],"61":[0,0],"62":[0,0],"63":[0,0],"64":[0,0],"65":[0,0],"66":[0,0],"67":[1,1],"68":[2,1],"69":[0,1],"70":[1,1],"71":[1,0],"72":[1,0],"73":[0,1],"74":[1,1],"75":[0,0],"76":[0,0],"77":[1,1],"78":[2,1],"79":[1,3],"80":[1,2],"81":[0,2],"82":[1,1],"83":[45,0],"84":[45,0],"85":[33,12],"86":[0,33],"87":[0,33],"88":[0,33],"89":[1,3],"90":[1,2],"91":[1,1],"92":[0,1],"93":[1,1],"94":[2,1],"95":[1,1],"96":[2,1]},"_coverageSchema":"43e27e138ebf9cfc5966b082cf9a028302ed4184","hash":"62e11f8e70275b0ec824769c2028cc638c0b2460","contentHash":"627e335cf5a4adb8fc45038262cb3534f6583d762f9d9cc16d57a11cf13c2f04"},"C:\\Users\\mh306\\Documents\\GitHub\\Geeksreads-Backend Final\\Software Engineering\\middleware\\auth.js":{"path":"C:\\Users\\mh306\\Documents\\GitHub\\Geeksreads-Backend Final\\Software Engineering\\middleware\\auth.js","statementMap":{"0":{"start":{"line":1,"column":12},"end":{"line":1,"column":35}},"1":{"start":{"line":2,"column":15},"end":{"line":2,"column":32}},"2":{"start":{"line":4,"column":0},"end":{"line":17,"column":1}},"3":{"start":{"line":5,"column":16},"end":{"line":5,"column":42}},"4":{"start":{"line":6,"column":2},"end":{"line":6,"column":93}},"5":{"start":{"line":6,"column":14},"end":{"line":6,"column":93}},"6":{"start":{"line":8,"column":2},"end":{"line":16,"column":3}},"7":{"start":{"line":9,"column":20},"end":{"line":9,"column":66}},"8":{"start":{"line":10,"column":4},"end":{"line":10,"column":23}},"9":{"start":{"line":12,"column":4},"end":{"line":12,"column":11}},"10":{"start":{"line":15,"column":4},"end":{"line":15,"column":57}}},"fnMap":{"0":{"name":"(anonymous_0)","decl":{"start":{"line":4,"column":17},"end":{"line":4,"column":18}},"loc":{"start":{"line":4,"column":43},"end":{"line":17,"column":1}},"line":4}},"branchMap":{"0":{"loc":{"start":{"line":6,"column":2},"end":{"line":6,"column":93}},"type":"if","locations":[{"start":{"line":6,"column":2},"end":{"line":6,"column":93}},{"start":{"line":6,"column":2},"end":{"line":6,"column":93}}],"line":6}},"s":{"0":1,"1":1,"2":1,"3":14,"4":14,"5":0,"6":14,"7":14,"8":0,"9":0,"10":14},"f":{"0":14},"b":{"0":[0,14]},"_coverageSchema":"43e27e138ebf9cfc5966b082cf9a028302ed4184","hash":"3e8a06dfdc0c711f5d0704fa23113eb4605cfbbf","contentHash":"0a27723f218c79d43c03ffa3902e3a36bd5ee4f49d712b6717f1ef3fcd6e5845"},"C:\\Users\\mh306\\Documents\\GitHub\\Geeksreads-Backend Final\\Software Engineering\\models\\Notifications.js":{"path":"C:\\Users\\mh306\\Documents\\GitHub\\Geeksreads-Backend Final\\Software Engineering\\models\\Notifications.js","statementMap":{"0":{"start":{"line":1,"column":15},"end":{"line":1,"column":32}},"1":{"start":{"line":2,"column":12},"end":{"line":2,"column":35}},"2":{"start":{"line":3,"column":12},"end":{"line":3,"column":26}},"3":{"start":{"line":4,"column":17},"end":{"line":4,"column":36}},"4":{"start":{"line":5,"column":15},"end":{"line":5,"column":40}},"5":{"start":{"line":6,"column":15},"end":{"line":6,"column":40}},"6":{"start":{"line":7,"column":17},"end":{"line":7,"column":51}},"7":{"start":{"line":8,"column":16},"end":{"line":8,"column":51}},"8":{"start":{"line":10,"column":27},"end":{"line":125,"column":2}},"9":{"start":{"line":126,"column":21},"end":{"line":126,"column":71}},"10":{"start":{"line":131,"column":0},"end":{"line":134,"column":1}},"11":{"start":{"line":133,"column":2},"end":{"line":133,"column":21}},"12":{"start":{"line":135,"column":0},"end":{"line":138,"column":1}},"13":{"start":{"line":137,"column":0},"end":{"line":137,"column":58}},"14":{"start":{"line":140,"column":25},"end":{"line":147,"column":6}},"15":{"start":{"line":148,"column":4},"end":{"line":148,"column":55}},"16":{"start":{"line":151,"column":0},"end":{"line":169,"column":1}},"17":{"start":{"line":153,"column":2},"end":{"line":167,"column":5}},"18":{"start":{"line":155,"column":4},"end":{"line":165,"column":5}},"19":{"start":{"line":157,"column":6},"end":{"line":157,"column":28}},"20":{"start":{"line":161,"column":6},"end":{"line":161,"column":43}},"21":{"start":{"line":162,"column":6},"end":{"line":162,"column":47}},"22":{"start":{"line":163,"column":6},"end":{"line":163,"column":45}},"23":{"start":{"line":170,"column":0},"end":{"line":175,"column":1}},"24":{"start":{"line":172,"column":2},"end":{"line":172,"column":25}},"25":{"start":{"line":173,"column":10},"end":{"line":173,"column":34}},"26":{"start":{"line":174,"column":2},"end":{"line":174,"column":11}},"27":{"start":{"line":176,"column":0},"end":{"line":192,"column":3}},"28":{"start":{"line":177,"column":4},"end":{"line":190,"column":2}},"29":{"start":{"line":179,"column":4},"end":{"line":179,"column":28}},"30":{"start":{"line":183,"column":4},"end":{"line":183,"column":42}},"31":{"start":{"line":184,"column":4},"end":{"line":184,"column":46}},"32":{"start":{"line":185,"column":4},"end":{"line":185,"column":46}},"33":{"start":{"line":186,"column":4},"end":{"line":186,"column":53}},"34":{"start":{"line":187,"column":4},"end":{"line":187,"column":42}},"35":{"start":{"line":188,"column":4},"end":{"line":188,"column":40}},"36":{"start":{"line":189,"column":4},"end":{"line":189,"column":24}},"37":{"start":{"line":193,"column":0},"end":{"line":211,"column":3}},"38":{"start":{"line":195,"column":6},"end":{"line":208,"column":5}},"39":{"start":{"line":197,"column":6},"end":{"line":197,"column":41}},"40":{"start":{"line":202,"column":6},"end":{"line":202,"column":40}},"41":{"start":{"line":203,"column":6},"end":{"line":203,"column":41}},"42":{"start":{"line":204,"column":6},"end":{"line":204,"column":42}},"43":{"start":{"line":205,"column":6},"end":{"line":205,"column":49}},"44":{"start":{"line":206,"column":6},"end":{"line":206,"column":45}},"45":{"start":{"line":215,"column":0},"end":{"line":235,"column":1}},"46":{"start":{"line":217,"column":0},"end":{"line":234,"column":2}},"47":{"start":{"line":219,"column":4},"end":{"line":231,"column":3}},"48":{"start":{"line":221,"column":4},"end":{"line":221,"column":30}},"49":{"start":{"line":227,"column":4},"end":{"line":227,"column":44}},"50":{"start":{"line":228,"column":4},"end":{"line":228,"column":41}},"51":{"start":{"line":229,"column":4},"end":{"line":229,"column":41}},"52":{"start":{"line":230,"column":4},"end":{"line":230,"column":54}},"53":{"start":{"line":237,"column":0},"end":{"line":237,"column":29}},"54":{"start":{"line":238,"column":0},"end":{"line":238,"column":23}},"55":{"start":{"line":239,"column":0},"end":{"line":239,"column":16}},"56":{"start":{"line":242,"column":0},"end":{"line":242,"column":46}},"57":{"start":{"line":243,"column":0},"end":{"line":243,"column":36}}},"fnMap":{"0":{"name":"CreatNotification","decl":{"start":{"line":128,"column":15},"end":{"line":128,"column":32}},"loc":{"start":{"line":129,"column":0},"end":{"line":240,"column":1}},"line":129},"1":{"name":"(anonymous_1)","decl":{"start":{"line":153,"column":41},"end":{"line":153,"column":42}},"loc":{"start":{"line":154,"column":2},"end":{"line":167,"column":3}},"line":154},"2":{"name":"(anonymous_2)","decl":{"start":{"line":176,"column":45},"end":{"line":176,"column":46}},"loc":{"start":{"line":177,"column":0},"end":{"line":192,"column":1}},"line":177},"3":{"name":"(anonymous_3)","decl":{"start":{"line":193,"column":39},"end":{"line":193,"column":40}},"loc":{"start":{"line":194,"column":2},"end":{"line":211,"column":1}},"line":194},"4":{"name":"(anonymous_4)","decl":{"start":{"line":217,"column":47},"end":{"line":217,"column":48}},"loc":{"start":{"line":218,"column":0},"end":{"line":234,"column":1}},"line":218}},"branchMap":{"0":{"loc":{"start":{"line":131,"column":0},"end":{"line":134,"column":1}},"type":"if","locations":[{"start":{"line":131,"column":0},"end":{"line":134,"column":1}},{"start":{"line":131,"column":0},"end":{"line":134,"column":1}}],"line":131},"1":{"loc":{"start":{"line":131,"column":4},"end":{"line":131,"column":65}},"type":"binary-expr","locations":[{"start":{"line":131,"column":4},"end":{"line":131,"column":21}},{"start":{"line":131,"column":25},"end":{"line":131,"column":45}},{"start":{"line":131,"column":49},"end":{"line":131,"column":65}}],"line":131},"2":{"loc":{"start":{"line":135,"column":0},"end":{"line":138,"column":1}},"type":"if","locations":[{"start":{"line":135,"column":0},"end":{"line":138,"column":1}},{"start":{"line":135,"column":0},"end":{"line":138,"column":1}}],"line":135},"3":{"loc":{"start":{"line":151,"column":0},"end":{"line":169,"column":1}},"type":"if","locations":[{"start":{"line":151,"column":0},"end":{"line":169,"column":1}},{"start":{"line":151,"column":0},"end":{"line":169,"column":1}}],"line":151},"4":{"loc":{"start":{"line":155,"column":4},"end":{"line":165,"column":5}
[...]
52":1,"53":6,"54":6,"55":0,"56":6,"57":0,"58":6,"59":3,"60":3,"61":1,"62":3,"63":3,"64":0,"65":0,"66":0,"67":0,"68":0,"69":0,"70":3,"71":3,"72":3,"73":1,"74":3,"75":3,"76":0,"77":0,"78":0,"79":0,"80":0,"81":0,"82":0,"83":1},"f":{"0":6,"1":3,"2":0,"3":0,"4":3,"5":0,"6":0,"7":6,"8":3,"9":0,"10":3,"11":0},"b":{"0":[0,6],"1":[0,6],"2":[3,3],"3":[1,2],"4":[3,0],"5":[0,0],"6":[0,0],"7":[0,0],"8":[3,0],"9":[1,2],"10":[3,0],"11":[0,0],"12":[0,0],"13":[0,0],"14":[0,6],"15":[0,6],"16":[3,3],"17":[1,2],"18":[3,0],"19":[0,0],"20":[0,0],"21":[3,0],"22":[1,2],"23":[3,0],"24":[0,0],"25":[0,0]},"_coverageSchema":"43e27e138ebf9cfc5966b082cf9a028302ed4184","hash":"04b1c4d68c9db124956ce132a17f87ed20358e54","contentHash":"462d8d1b48bbfb3b927942d68591f8d8882be32981142821350e409a390d8cd4"},"C:\\Users\\mh306\\Documents\\GitHub\\Geeksreads-Backend Final\\Software Engineering\\routes\\Books.js":{"path":"C:\\Users\\mh306\\Documents\\GitHub\\Geeksreads-Backend Final\\Software Engineering\\routes\\Books.js","statementMap":{"0":{"start":{"line":1,"column":17},"end":{"line":1,"column":36}},"1":{"start":{"line":2,"column":16},"end":{"line":2,"column":34}},"2":{"start":{"line":3,"column":25},"end":{"line":3,"column":50}},"3":{"start":{"line":4,"column":14},"end":{"line":4,"column":47}},"4":{"start":{"line":5,"column":13},"end":{"line":5,"column":42}},"5":{"start":{"line":6,"column":12},"end":{"line":6,"column":26}},"6":{"start":{"line":7,"column":15},"end":{"line":7,"column":31}},"7":{"start":{"line":53,"column":0},"end":{"line":74,"column":7}},"8":{"start":{"line":57,"column":3},"end":{"line":74,"column":4}},"9":{"start":{"line":60,"column":5},"end":{"line":70,"column":7}},"10":{"start":{"line":62,"column":7},"end":{"line":64,"column":54}},"11":{"start":{"line":68,"column":6},"end":{"line":68,"column":32}},"12":{"start":{"line":125,"column":0},"end":{"line":188,"column":6}},"13":{"start":{"line":128,"column":2},"end":{"line":188,"column":3}},"14":{"start":{"line":131,"column":4},"end":{"line":131,"column":21}},"15":{"start":{"line":133,"column":4},"end":{"line":184,"column":6}},"16":{"start":{"line":135,"column":6},"end":{"line":135,"column":23}},"17":{"start":{"line":136,"column":6},"end":{"line":173,"column":10}},"18":{"start":{"line":138,"column":10},"end":{"line":172,"column":12}},"19":{"start":{"line":140,"column":12},"end":{"line":140,"column":29}},"20":{"start":{"line":141,"column":12},"end":{"line":161,"column":16}},"21":{"start":{"line":143,"column":16},"end":{"line":159,"column":17}},"22":{"start":{"line":145,"column":18},"end":{"line":147,"column":94}},"23":{"start":{"line":149,"column":21},"end":{"line":159,"column":17}},"24":{"start":{"line":151,"column":18},"end":{"line":153,"column":64}},"25":{"start":{"line":157,"column":18},"end":{"line":157,"column":35}},"26":{"start":{"line":158,"column":18},"end":{"line":158,"column":44}},"27":{"start":{"line":163,"column":16},"end":{"line":172,"column":12}},"28":{"start":{"line":165,"column":12},"end":{"line":167,"column":59}},"29":{"start":{"line":171,"column":12},"end":{"line":171,"column":38}},"30":{"start":{"line":175,"column":10},"end":{"line":184,"column":6}},"31":{"start":{"line":177,"column":6},"end":{"line":179,"column":53}},"32":{"start":{"line":183,"column":6},"end":{"line":183,"column":32}},"33":{"start":{"line":225,"column":4},"end":{"line":246,"column":12}},"34":{"start":{"line":229,"column":8},"end":{"line":246,"column":9}},"35":{"start":{"line":232,"column":10},"end":{"line":242,"column":12}},"36":{"start":{"line":234,"column":12},"end":{"line":236,"column":50}},"37":{"start":{"line":240,"column":11},"end":{"line":240,"column":37}},"38":{"start":{"line":281,"column":0},"end":{"line":318,"column":6}},"39":{"start":{"line":284,"column":2},"end":{"line":318,"column":3}},"40":{"start":{"line":287,"column":4},"end":{"line":314,"column":6}},"41":{"start":{"line":289,"column":6},"end":{"line":291,"column":46}},"42":{"start":{"line":295,"column":7},"end":{"line":295,"column":29}},"43":{"start":{"line":296,"column":7},"end":{"line":313,"column":9}},"44":{"start":{"line":299,"column":10},"end":{"line":309,"column":12}},"45":{"start":{"line":301,"column":12},"end":{"line":303,"column":50}},"46":{"start":{"line":307,"column":11},"end":{"line":307,"column":37}},"47":{"start":{"line":353,"column":0},"end":{"line":390,"column":6}},"48":{"start":{"line":356,"column":2},"end":{"line":390,"column":3}},"49":{"start":{"line":359,"column":4},"end":{"line":386,"column":6}},"50":{"start":{"line":361,"column":6},"end":{"line":363,"column":47}},"51":{"start":{"line":367,"column":7},"end":{"line":367,"column":29}},"52":{"start":{"line":368,"column":7},"end":{"line":385,"column":9}},"53":{"start":{"line":371,"column":10},"end":{"line":381,"column":12}},"54":{"start":{"line":373,"column":12},"end":{"line":375,"column":50}},"55":{"start":{"line":379,"column":11},"end":{"line":379,"column":37}},"56":{"start":{"line":416,"column":0},"end":{"line":436,"column":7}},"57":{"start":{"line":419,"column":3},"end":{"line":436,"column":4}},"58":{"start":{"line":422,"column":5},"end":{"line":432,"column":7}},"59":{"start":{"line":424,"column":7},"end":{"line":426,"column":47}},"60":{"start":{"line":430,"column":6},"end":{"line":430,"column":39}},"61":{"start":{"line":503,"column":2},"end":{"line":524,"column":7}},"62":{"start":{"line":507,"column":4},"end":{"line":521,"column":64}},"63":{"start":{"line":510,"column":6},"end":{"line":520,"column":8}},"64":{"start":{"line":512,"column":8},"end":{"line":514,"column":59}},"65":{"start":{"line":518,"column":7},"end":{"line":518,"column":37}},"66":{"start":{"line":521,"column":22},"end":{"line":521,"column":62}},"67":{"start":{"line":528,"column":0},"end":{"line":528,"column":24}}},"fnMap":{"0":{"name":"(anonymous_0)","decl":{"start":{"line":53,"column":20},"end":{"line":53,"column":21}},"loc":{"start":{"line":53,"column":39},"end":{"line":74,"column":5}},"line":53},"1":{"name":"(anonymous_1)","decl":{"start":{"line":58,"column":3},"end":{"line":58,"column":4}},"loc":{"start":{"line":58,"column":15},"end":{"line":71,"column":6}},"line":58},"2":{"name":"(anonymous_2)","decl":{"start":{"line":125,"column":20},"end":{"line":125,"column":21}},"loc":{"start":{"line":125,"column":39},"end":{"line":188,"column":4}},"line":125},"3":{"name":"(anonymous_3)","decl":{"start":{"line":129,"column":2},"end":{"line":129,"column":3}},"loc":{"start":{"line":129,"column":14},"end":{"line":185,"column":5}},"line":129},"4":{"name":"(anonymous_4)","decl":{"start":{"line":137,"column":8},"end":{"line":137,"column":9}},"loc":{"start":{"line":137,"column":20},"end":{"line":173,"column":9}},"line":137},"5":{"name":"(anonymous_5)","decl":{"start":{"line":142,"column":14},"end":{"line":142,"column":15}},"loc":{"start":{"line":142,"column":26},"end":{"line":161,"column":15}},"line":142},"6":{"name":"(anonymous_6)","decl":{"start":{"line":225,"column":30},"end":{"line":225,"column":31}},"loc":{"start":{"line":225,"column":49},"end":{"line":246,"column":10}},"line":225},"7":{"name":"(anonymous_7)","decl":{"start":{"line":230,"column":8},"end":{"line":230,"column":9}},"loc":{"start":{"line":230,"column":20},"end":{"line":243,"column":11}},"line":230},"8":{"name":"(anonymous_8)","decl":{"start":{"line":281,"column":28},"end":{"line":281,"column":29}},"loc":{"start":{"line":281,"column":47},"end":{"line":318,"column":4}},"line":281},"9":{"name":"(anonymous_9)","decl":{"start":{"line":285,"column":2},"end":{"line":285,"column":3}},"loc":{"start":{"line":285,"column":14},"end":{"line":315,"column":5}},"line":285},"10":{"name":"(anonymous_10)","decl":{"start":{"line":297,"column":8},"end":{"line":297,"column":9}},"loc":{"start":{"line":297,"column":20},"end":{"line":310,"column":11}},"line":297},"11":{"name":"(anonymous_11)","decl":{"start":{"line":353,"column":29},"end":{"line":353,"column":30}},"loc":{"start":{"line":353,"column":48},"end":{"line":390,"column":4}},"line":353},"12":{"name":"(anonymous_12)","decl":{"start":{"line":357,"column":2},"end":{"line":357,"column":3}},"loc":{"start":{"line":357,"column":14},"end":{"line":387,"column":5}},"line":357},"13":{"name":"(anonymous_13)","decl":{"start":{"line":369,"column":8},"end":{"line":369,"column":9}},"loc":{"start":{"line":369,"column":20},"end":{"line":382,"column":11}},"line":369},"14":{"name":"(anonymous_14)","decl":{"start":{"line":416,"column":22},"end":{"line":416,"column":23}},"loc":{"start":{"line":416,"column":41},"end":{"line":436,"column":5}},"line":416},"15":{"name":"(anonymous_15)","decl":{"start":{"line":420,"column":3},"end":{"line":420,"column":4}},"loc":{"start":{"line":420,"column":15},"end":{"line":433,"column":6}},"line":420},"16":{"name":"(anonymous_16)","decl":{"start":{"line":503,"column":25},"end":{"line":503,"column":26}},"loc":{"start":{"line":503,"column":44},"end":{"line":524,"column":5}},"line":503},"17":{"name":"(anonymous_17)","decl":{"start":{"line":508,"column":5},"end":{"line":508,"column":6}},"loc":{"start":{"line":508,"column":15},"end":{"line":521,"column":7}},"line":508},"18":{"name":"(anonymous_18)","decl":{"start":{"line":521,"column":15},"end":{"line":521,"column":16}},"loc":{"start":{"line":521,"column":22},"end":{"line":521,"column":62}},"line":521}},"branchMap":{"0":{"loc":{"start":{"line":60,"column":5},"end":{"line":70,"column":7}},"type":"if","locations":[{"start":{"line":60,"column":5},"end":{"line":70,"column":7}},{"start":{"line":60,"column":5},"end":{"line":70,"column":7}}],"line":60},"1":{"loc":{"start":{"line":60,"column":8},"end":{"line":60,"column":19}},"type":"binary-expr","locations":[{"start":{"line":60,"column":8},"end":{"line":60,"column":12}},{"start":{"line":60,"column":16},"end":{"line":60,"column":19}}],"line":60},"2":{"loc":{"start":{"line":133,"column":4},"end":{"line":184,"column":6}},"type":"if","locations":[{"start":{"line":133,"column":4},"end":{"line":184,"column":6}},{"start":{"line":133,"column":4},"end":{"line":184,"column":6}}],"line":133},"3":{"loc":{"start":{"line":133,"column":7},"end":{"line":133,"column":28}},"type":"binary-expr","locations":[{"start":{"line":133,"column":7},"end":{"line":133,"column":11}},{"start":{"line":133,"column":14},"end":{"line":133,"column":28}}],"line":133},"4":{"loc":{"start":{"line":138,"column":10},"end":{"line":172,"column":12}},"type":"if","locations":[{"start":{"line":138,"column":10},"end":{"line":172,"column":12}},{"start":{"line":138,"column":10},"end":{"line":172,"column":12}}],"line":138},"5":{"loc":{"start":{"line":138,"column":13},"end":{"line":138,"column":34}},"type":"binary-expr","locations":[{"start":{"line":138,"column":13},"end":{"line":138,"column":17}},{"start":{"line":138,"column":20},"end":{"line":138,"column":34}}],"line":138},"6":{"loc":{"start":{"line":143,"column":16},"end":{"line":159,"column":17}},"type":"if","locations":[{"start":{"line":143,"column":16},"end":{"line":159,"column":17}},{"start":{"line":143,"column":16},"end":{"line":159,"column":17}}],"line":143},"7":{"loc":{"start":{"line":143,"column":19},"end":{"line":143,"column":40}},"type":"binary-expr","locations":[{"start":{"line":143,"column":19},"end":{"line":143,"column":23}},{"start":{"line":143,"column":26},"end":{"line":143,"column":40}}],"line":143},"8":{"loc":{"start":{"line":149,"column":21},"end":{"line":159,"column":17}},"type":"if","locations":[{"start":{"line":149,"column":21},"end":{"line":159,"column":17}},{"start":{"line":149,"column":21},"end":{"line":159,"column":17}}],"line":149},"9":{"loc":{"start":{"line":163,"column":16},"end":{"line":172,"column":12}},"type":"if","locations":[{"start":{"line":163,"column":16},"end":{"line":172,"column":12}},{"start":{"line":163,"column":16},"end":{"line":172,"column":12}}],"line":163},"10":{"loc":{"start":{"line":175,"column":10},"end":{"line":184,"column":6}},"type":"if","locations":[{"start":{"line":175,"column":10},"end":{"line":184,"column":6}},{"start":{"line":175,"column":10},"end":{"line":184,"column":6}}],"line":175},"11":{"loc":{"start":{"line":232,"column":10},"end":{"line":242,"column":12}},"type":"if","locations":[{"start":{"line":232,"column":10},"end":{"line":242,"column":12}},{"start":{"line":232,"column":10},"end":{"line":242,"column":12}}],"line":232},"12":{"loc":{"start":{"line":232,"column":13},"end":{"line":232,"column":24}},"type":"binary-expr","locations":[{"start":{"line":232,"column":13},"end":{"line":232,"column":17}},{"start":{"line":232,"column":21},"end":{"line":232,"column":24}}],"line":232},"13":{"loc":{"start":{"line":287,"column":4},"end":{"line":314,"column":6}},"type":"if","locations":[{"start":{"line":287,"column":4},"end":{"line":314,"column":6}},{"start":{"line":287,"column":4},"end":{"line":314,"column":6}}],"line":287},"14":{"loc":{"start":{"line":287,"column":7},"end":{"line":287,"column":18}},"type":"binary-expr","locations":[{"start":{"line":287,"column":7},"end":{"line":287,"column":11}},{"start":{"line":287,"column":15},"end":{"line":287,"column":18}}],"line":287},"15":{"loc":{"start":{"line":299,"column":10},"end":{"line":309,"column":12}},"type":"if","locations":[{"start":{"line":299,"column":10},"end":{"line":309,"column":12}},{"start":{"line":299,"column":10},"end":{"line":309,"column":12}}],"line":299},"16":{"loc":{"start":{"line":299,"column":13},"end":{"line":299,"column":24}},"type":"binary-expr","locations":[{"start":{"line":299,"column":13},"end":{"line":299,"column":17}},{"start":{"line":299,"column":21},"end":{"line":299,"column":24}}],"line":299},"17":{"loc":{"start":{"line":359,"column":4},"end":{"line":386,"column":6}},"type":"if","locations":[{"start":{"line":359,"column":4},"end":{"line":386,"column":6}},{"start":{"line":359,"column":4},"end":{"line":386,"column":6}}],"line":359},"18":{"loc":{"start":{"line":359,"column":7},"end":{"line":359,"column":18}},"type":"binary-expr","locations":[{"start":{"line":359,"column":7},"end":{"line":359,"column":11}},{"start":{"line":359,"column":15},"end":{"line":359,"column":18}}],"line":359},"19":{"loc":{"start":{"line":371,"column":10},"end":{"line":381,"column":12}},"type":"if","locations":[{"start":{"line":371,"column":10},"end":{"line":381,"column":12}},{"start":{"line":371,"column":10},"end":{"line":381,"column":12}}],"line":371},"20":{"loc":{"start":{"line":371,"column":13},"end":{"line":371,"column":24}},"type":"binary-expr","locations":[{"start":{"line":371,"column":13},"end":{"line":371,"column":17}},{"start":{"line":371,"column":21},"end":{"line":371,"column":24}}],"line":371},"21":{"loc":{"start":{"line":422,"column":5},"end":{"line":432,"column":7}},"type":"if","locations":[{"start":{"line":422,"column":5},"end":{"line":432,"column":7}},{"start":{"line":422,"column":5},"end":{"line":432,"column":7}}],"line":422},"22":{"loc":{"start":{"line":422,"column":8},"end":{"line":422,"column":19}},"type":"binary-expr","locations":[{"start":{"line":422,"column":8},"end":{"line":422,"column":12}},{"start":{"line":422,"column":16},"end":{"line":422,"column":19}}],"line":422},"23":{"loc":{"start":{"line":510,"column":6},"end":{"line":520,"column":8}},"type":"if","locations":[{"start":{"line":510,"column":6},"end":{"line":520,"column":8}},{"start":{"line":510,"column":6},"end":{"line":520,"column":8}}],"line":510}},"s":{"0":1,"1":1,"2":1,"3":1,"4":1,"5":1,"6":1,"7":1,"8":2,"9":2,"10":0,"11":2,"12":1,"13":5,"14":5,"15":5,"16":0,"17":0,"18":0,"19":0,"20":0,"21":0,"22":0,"23":0,"24":0,"25":0,"26":0,"27":0,"28":0,"29":0,"30":5,"31":0,"32":5,"33":1,"34":2,"35":2,"36":1,"37":1,"38":1,"39":2,"40":2,"41":1,"42":1,"43":1,"44":1,"45":1,"46":0,"47":1,"48":2,"49":2,"50":1,"51":1,"52":1,"53":1,"54":0,"55":1,"56":1,"57":2,"58":2,"59":1,"60":1,"61":1,"62":2,"63":2,"64":1,"65":1,"66":0,"67":1},"f":{"0":2,"1":2,"2":5,"3":5,"4":0,"5":0,"6":2,"7":2,"8":2,"9":2,"10":1,"11":2,"12":2,"13":1,"14":2,"15":2,"16":2,"17":2,"18":0},"b":{"0":[0,2],"1":[2,2],"2":[0,5],"3":[5,5],"4":[0,0],"5":[0,0],"6":[0,0],"7":[0,0],"8":[0,0],"9":[0,0],"10":[0,5],"11":[1,1],"12":[2,1],"13":[1,1],"14":[2,1],"15":[1,0],"16":[1,0],"17":[1,1],"18":[2,1],"19":[0,1],"20":[1,1],"21":[1,1],"22":[2,1],"23":[1,1]},"_coverageSchema":"43e27e138ebf9cfc5966b082cf9a028302ed4184","hash":"288de52b2e5e20dfa452e9cc5c55219201f71081","contentHash":"b3f32bde77f85fa4c4f9c0f1f4ecacaeb87cf1357b5b183aec75fcec6a382d45"},"C:\\Users\\mh306\\Documents\\GitHub\\Geeksreads-Backend Final\\Software Engineering\\routes\\Search.js":{"path":"C:\\Users\\mh306\\Documents\\GitHub\\Geeksreads-Backend Final\\Software Engineering\\routes\\Search.js","statementMap":{"0":{"start":{"line":2,"column":14},"end":{"line":2,"column":32}},"1":{"start":{"line":3,"column":13},"end":{"line":3,"column":29}},"2":{"start":{"line":4,"column":17},"end":{"line":4,"column":36}},"3":{"start":{"line":5,"column":13},"end":{"line":5,"column":43}},"4":{"start":{"line":6,"column":12},"end":{"line":6,"column":26}},"5":{"start":{"line":7,"column":25},"end":{"line":7,"column":50}},"6":{"start":{"line":8,"column":14},"end":{"line":8,"column":47}},"7":{"start":{"line":9,"column":15},"end":{"line":9,"column":31}},"8":{"start":{"line":16,"column":0},"end":{"line":50,"column":2}},"9":{"start":{"line":17,"column":2},"end":{"line":17,"column":17}},"10":{"start":{"line":18,"column":4},"end":{"line":21,"column":52}},"11":{"start":{"line":19,"column":4},"end":{"line":21,"column":52}},"12":{"start":{"line":22,"column":4},"end":{"line":31,"column":9}},"13":{"start":{"line":29,"column":12},"end":{"line":29,"column":30}},"14":{"start":{"line":32,"column":5},"end":{"line":39,"column":5}},"15":{"start":{"line":37,"column":10},"end":{"line":37,"column":28}},"16":{"start":{"line":40,"column":3},"end":{"line":40,"column":33}},"17":{"start":{"line":41,"column":3},"end":{"line":41,"column":33}},"18":{"start":{"line":42,"column":3},"end":{"line":42,"column":59}},"19":{"start":{"line":43,"column":3},"end":{"line":46,"column":4}},"20":{"start":{"line":45,"column":5},"end":{"line":45,"column":46}},"21":{"start":{"line":47,"column":3},"end":{"line":47,"column":32}},"22":{"start":{"line":53,"column":10},"end":{"line":53,"column":34}}},"fnMap":{"0":{"name":"(anonymous_0)","decl":{"start":{"line":16,"column":16},"end":{"line":16,"column":17}},"loc":{"start":{"line":16,"column":35},"end":{"line":50,"column":1}},"line":16},"1":{"name":"(anonymous_1)","decl":{"start":{"line":22,"column":86},"end":{"line":22,"column":87}},"loc":{"start":{"line":22,"column":105},"end":{"line":31,"column":6}},"line":22},"2":{"name":"(anonymous_2)","decl":{"start":{"line":32,"column":93},"end":{"line":32,"column":94}},"loc":{"start":{"line":32,"column":112},"end":{"line":38,"column":4}},"line":32}},"branchMap":{"0":{"loc":{"start":{"line":18,"column":4},"end":{"line":21,"column":52}},"type":"if","locations":[{"start":{"line":18,"column":4},"end":{"line":21,"column":52}},{"start":{"line":18,"column":4},"end":{"line":21,"column":52}}],"line":18},"1":{"loc":{"start":{"line":42,"column":15},"end":{"line":42,"column":57}},"type":"binary-expr","locations":[{"start":{"line":42,"column":15},"end":{"line":42,"column":34}},{"start":{"line":42,"column":38},"end":{"line":42,"column":57}}],"line":42},"2":{"loc":{"start":{"line":43,"column":3},"end":{"line":46,"column":4}},"type":"if","locations":[{"start":{"line":43,"column":3},"end":{"line":46,"column":4}},{"start":{"line":43,"column":3},"end":{"line":46,"column":4}}],"line":43},"3":{"loc":{"start":{"line":43,"column":6},"end":{"line":43,"column":48}},"type":"binary-expr","locations":[{"start":{"line":43,"column":6},"end":{"line":43,"column":25}},{"start":{"line":43,"column":29},"end":{"line":43,"column":48}}],"line":43}},"s":{"0":1,"1":1,"2":1,"3":1,"4":1,"5":1,"6":1,"7":1,"8":1,"9":2,"10":2,"11":0,"12":2,"13":2,"14":2,"15":2,"16":2,"17":2,"18":2,"19":2,"20":1,"21":1,"22":1},"f":{"0":2,"1":2,"2":2},"b":{"0":[0,2],"1":[2,2],"2":[1,1],"3":[2,2]},"_coverageSchema":"43e27e138ebf9cfc5966b082cf9a028302ed4184","hash":"a878846cff6409fda30738191a3015be71e532f2","contentHash":"e3e182fee5ff35c770339ea1a09e1017e19543f905a7d0506adc98de0ce8c026"}}